do run
loading script "jan_unknown120_60.py"
loading script "jan_pump_ms.py"
loading script "jan_co2.py"
loading script "jan_pump_extraction_line.py"
testing...
no interpolation path defined
executed 213.652928
script duration name:unknown120_60 seconds:214.0
loading script "jan_unknown120_60.py"
loading script "jan_pump_ms.py"
loading script "jan_co2.py"
loading script "jan_pump_extraction_line.py"
testing...
no interpolation path defined
executed 0
loading script "jan_unknown120_60.py"
loading script "jan_pump_ms.py"
loading script "jan_co2.py"
loading script "jan_pump_extraction_line.py"
testing...
no interpolation path defined
calculate duration
testing...
no interpolation path defined
executed 0
calculate duration
testing...
no interpolation path defined
executed 0
executed 0.0
script duration name:co2 seconds:0.0
loading script "jan_unknown120_60.py"
loading script "jan_pump_ms.py"
loading script "jan_co2.py"
loading script "jan_pump_extraction_line.py"
testing...
no interpolation path defined
calculate duration
testing...
no interpolation path defined
executed 4.0
executed 4.0
Script duration 214.0
Run total estimated duration= 215.000
run duration: 0:03:35
doing event level: 2
08:04:48 -- Setting default integration. t=1.048576
setting integration time = 1.048576
SetIntegrationTime 1.048576 ===>> OK
----------------- start -----------------
**************** Experiment Type: Ar/Ar, Ar/Ar
close session 4993359504
$$$$$ Clearing conditionals
adding conditionals 
Add queue conditionals
add default conditionals
adding default conditionals from /Users/jan/PychronDev/setupfiles/spectrometer/default_conditionals.yaml
Start automated run 25364-07
loading script "jan_unknown120_60.py"
loading script "jan_pump_ms.py"
loading script "jan_co2.py"
loading script "jan_pump_extraction_line.py"
%%%%%%%%%%%%%%%%%% setting automated run 25364-07
No value "sensitivity_multiplier" in metadata
$$$$$$$$$$$$$$$ auto_save_detector_ic=False
============================= Pre Extraction Check =============================
loading queue conditionals pre_run_terminations
loading system conditionals pre_run_terminations
loading conditionals from /Users/jan/PychronDev/setupfiles/spectrometer/default_conditionals.yaml
08:04:48 -- ******* Pre Extraction Check *******
Get a measurement from the spectrometer
GetData ===>> H2,-0.0254431882188677,H1,-0.0420062407594511,AX,-0.0027373408606659,L1,-0.00431004925176791,L2,-...
Pre Extraction Termination data. keys=H2,H1,AX,L1,L2,CDD, signals=-0.02544,-0.04201,-0.00274,-0.00431,-0.01772,0.00223
08:04:48 -- testing system defined conditionals
Checking default pre extraction terminations n=2
testing CDD
evaluate ot="CDD.inactive" t="CDD", ctx="{'CDD': False}"
GetDeflection CDD ===>> 50
testing CDD==2000
evaluate ot="CDD.deflection==2000" t="CDD==2000", ctx="{'CDD': 50.0}"
08:04:48 -- ******* Pre Extraction Check Passed *******
=================================================================================
08:04:48 -- stopping status monitor
stop 5052903792
Alive clients [4983293136]
08:04:48 -- starting status monitor
start 5052903792
Monitor already running
start extraction
do extraction
Analysis started at 08:04:48.124740
Extraction Started jan_co2.py
08:04:48 -- ******* Extraction Started jan_co2.py *******
state changed from not run to extraction
DO EXTRACTION <pychron.extraction_line.pyscript_runner.RemotePyScriptRunner object at 0x12b93d0b0>
testing...
no interpolation path defined
calculate duration
testing...
no interpolation path defined
executed 0
calculate duration
testing...
no interpolation path defined
executed 0
executed 100.0
Jan CO2 laser analysis
doing GOSUB
testing...
no interpolation path defined
executed 0
Waiting for CO2 access
wait ('FelixCO2Flag', 0) {}
waiting for FelixCO2Flag = 0
Read FelixCO2Flag ===>> 0
finished waiting
CO2 free
wait ('CO2PumpTimeFlag', 0) {}
waiting for CO2PumpTimeFlag = 0
Read CO2PumpTimeFlag ===>> 0
finished waiting
acquire ('JanCO2Flag',) {'clear': True}
acquire JanCO2Flag
Set JanCO2Flag 1 ===>> OK
JanCO2Flag acquired
set extraction state False (0.75, 'red', 1.5)
CO2 acquired
executed 0
WaitForCO2Access.py completed successfully
gosub finished
doing GOSUB
testing...
no interpolation path defined
executed 0
Prepare for CO2 analysis
close () {'description': 'Jan Inlet'}
closing name=--- desc=Jan Inlet
checking ownership. requestor=129.138.12.150
check software interlocks R
interlocks []
actuate state mode=None-script, software_lock=False
doing actuation None-script close_channel False
Close R ===>> OK
GetValveState R ===>> False
change switch state (True, True)
update switch state R False args=() kw={} ncanvase=3
08:04:48 -- CLOSE  VALVE-R (Jan Inlet)
---------------------------------------- close None (Jan Inlet) result=[(True, True)]
action=close, ok=True, locked=[False]
open () {'description': 'Jan Ion Pump'}
opening name=--- desc=Jan Ion Pump
checking ownership. requestor=129.138.12.150
check software interlocks O
interlocks []
actuate state mode=None-script, software_lock=False
doing actuation None-script open_channel False
Open O ===>> OK
Get Checksum: 192129876
GetValveState O ===>> OK
change switch state (True, True)
update switch state O True args=() kw={} ncanvase=3
08:04:48 -- OPEN   VALVE-O (Jan Ion Pump)
---------------------------------------- open None (Jan Ion Pump) result=[(True, True)], time=0.09 sec
action=open, ok=True, locked=[False]
close () {'description': 'Microbone to Minibone'}
closing name=--- desc=Microbone to Minibone
checking ownership. requestor=129.138.12.150
check software interlocks L
interlocks []
actuate state mode=None-script, software_lock=False
doing actuation None-script close_channel False
Close L ===>> OK
GetValveState L ===>> False
change switch state (True, True)
update switch state L False args=() kw={} ncanvase=3
08:04:49 -- CLOSE  VALVE-L (Microbone to Minibone)
---------------------------------------- close None (Microbone to Minibone) result=[(True, True)]
action=close, ok=True, locked=[False]
open () {'description': 'Microbone to Turbo'}
opening name=--- desc=Microbone to Turbo
checking ownership. requestor=129.138.12.150
check software interlocks U
interlocks []
actuate state mode=None-script, software_lock=False
doing actuation None-script open_channel False
Open U ===>> OK
GetValveState U ===>> OK
change switch state (True, True)
update switch state U True args=() kw={} ncanvase=3
08:04:49 -- OPEN   VALVE-U (Microbone to Turbo)
---------------------------------------- open None (Microbone to Turbo) result=[(True, True)], time=0.12 sec
action=open, ok=True, locked=[False]
open () {'description': 'Microbone to Inlet Pipette'}
opening name=--- desc=Microbone to Inlet Pipette
checking ownership. requestor=129.138.12.150
check software interlocks S
interlocks []
actuate state mode=None-script, software_lock=False
doing actuation None-script open_channel False
Open S ===>> OK
GetValveState S ===>> OK
change switch state (True, True)
update switch state S True args=() kw={} ncanvase=3
08:04:50 -- OPEN   VALVE-S (Microbone to Inlet Pipette)
---------------------------------------- open None (Microbone to Inlet Pipette) result=[(True, True)], time=0.45 sec
action=open, ok=True, locked=[False]
open () {'description': 'Microbone to Getter D-50'}
opening name=--- desc=Microbone to Getter D-50
checking ownership. requestor=129.138.12.150
check software interlocks K
interlocks []
actuate state mode=None-script, software_lock=False
doing actuation None-script open_channel False
Open K ===>> OK
GetValveState K ===>> OK
change switch state (True, True)
update switch state K True args=() kw={} ncanvase=3
08:04:51 -- OPEN   VALVE-K (Microbone to Getter D-50)
---------------------------------------- open None (Microbone to Getter D-50) result=[(True, True)], time=0.43 sec
action=open, ok=True, locked=[False]
open () {'description': 'Microbone to Getter NP-10'}
opening name=--- desc=Microbone to Getter NP-10
checking ownership. requestor=129.138.12.150
check software interlocks M
interlocks []
actuate state mode=None-script, software_lock=False
doing actuation None-script open_channel False
Open M ===>> OK
GetValveState M ===>> OK
change switch state (True, True)
update switch state M True args=() kw={} ncanvase=3
08:04:51 -- OPEN   VALVE-M (Microbone to Getter NP-10)
---------------------------------------- open None (Microbone to Getter NP-10) result=[(True, True)], time=0.15 sec
Get Checksum: 192129876
action=open, ok=True, locked=[False]
close () {'description': 'CO2 Laser to Felix'}
closing name=--- desc=CO2 Laser to Felix
checking ownership. requestor=129.138.12.150
check software interlocks F
interlocks []
actuate state mode=None-script, software_lock=True
VALVE-F(CO2 Laser to Felix) software locked
change switch state (True, False)
---------------------------------------- close None (CO2 Laser to Felix) result=[(True, False)]
action=close, ok=True, locked=[True]
open () {'description': 'CO2 Laser to Jan'}
opening name=--- desc=CO2 Laser to Jan
checking ownership. requestor=129.138.12.150
check software interlocks A
interlocks []
actuate state mode=None-script, software_lock=False
doing actuation None-script open_channel False
Open A ===>> OK
GetValveState A ===>> OK
change switch state (True, True)
update switch state A True args=() kw={} ncanvase=3
08:04:52 -- OPEN   VALVE-A (CO2 Laser to Jan)
---------------------------------------- open None (CO2 Laser to Jan) result=[(True, True)], time=0.16 sec
action=open, ok=True, locked=[False]
open () {'description': 'Microbone to CO2 Laser'}
opening name=--- desc=Microbone to CO2 Laser
checking ownership. requestor=129.138.12.150
check software interlocks T
interlocks []
actuate state mode=None-script, software_lock=False
doing actuation None-script open_channel False
Open T ===>> OK
GetValveState T ===>> OK
change switch state (True, True)
update switch state T True args=() kw={} ncanvase=3
08:04:52 -- OPEN   VALVE-T (Microbone to CO2 Laser)
---------------------------------------- open None (Microbone to CO2 Laser) result=[(True, True)], time=0.41 sec
action=open, ok=True, locked=[False]
executed 0
PrepareForCO2Analysis.py completed successfully
gosub finished
set_motor ('beam', '1.25') {}
setting motor "beam" to 1.25
set motor beam to 1.25
SetMotor beam,1.25 ===>> OK
GetMotorMoving beam ===>> False
GetMotorMoving beam ===>> False
Block completed
move_to_position ('197',) {'autocenter': True}
FusionsCO2 move to position 197
sending GoToHole 197,True
GoToHole 197,True ===>> OK
Get Checksum: 192129876
GetDriveMoving ===>> OK
GetDriveMoving ===>> OK
GetDriveMoving ===>> OK
GetDriveMoving ===>> OK
GetDriveMoving ===>> OK
GetDriveMoving ===>> OK
GetDriveMoving ===>> OK
GetDriveMoving ===>> OK
GetDriveMoving ===>> OK
GetDriveMoving ===>> OK
GetDriveMoving ===>> OK
Get Checksum: 192129876
GetDriveMoving ===>> OK
GetDriveMoving ===>> OK
GetDriveMoving ===>> OK
GetDriveMoving ===>> OK
GetDriveMoving ===>> OK
GetDriveMoving ===>> OK
GetDriveMoving ===>> OK
GetDriveMoving ===>> OK
GetDriveMoving ===>> OK
GetDriveMoving ===>> OK
GetDriveMoving ===>> OK
GetDriveMoving ===>> OK
Get Checksum: 192129876
GetDriveMoving ===>> OK
GetDriveMoving ===>> OK
GetDriveMoving ===>> OK
GetDriveMoving ===>> OK
GetDriveMoving ===>> OK
GetDriveMoving ===>> OK
GetDriveMoving ===>> OK
GetDriveMoving ===>> OK
GetDriveMoving ===>> OK
GetDriveMoving ===>> OK
GetDriveMoving ===>> OK
Get Checksum: 192129876
GetDriveMoving ===>> OK
GetDriveMoving ===>> False
GetDriveMoving ===>> OK
GetDriveMoving ===>> OK
GetDriveMoving ===>> OK
GetDriveMoving ===>> OK
GetDriveMoving ===>> OK
GetDriveMoving ===>> OK
GetDriveMoving ===>> OK
GetDriveMoving ===>> OK
GetDriveMoving ===>> OK
GetDriveMoving ===>> OK
Get Checksum: 192129876
GetDriveMoving ===>> OK
GetDriveMoving ===>> OK
GetDriveMoving ===>> OK
GetDriveMoving ===>> OK
GetDriveMoving ===>> OK
GetDriveMoving ===>> OK
GetDriveMoving ===>> OK
GetDriveMoving ===>> OK
GetDriveMoving ===>> OK
GetDriveMoving ===>> OK
GetDriveMoving ===>> False
Block completed
Get Checksum: 192129876
GetAutoCorrecting ===>> False
GetAutoCorrecting ===>> False
Block completed
update position
GetPosition ===>> -9.96950,-11.96340,1.00000
got position (-9.9695, -11.9634, 1.0)
move to position succeeded
sleep (5,) {}
SLEEP 5.0
block started
WaitControl setup for 5.0  
Get Checksum: 192129876
Join finished
block finished. duration 5.0087890625
close () {'description': 'Microbone to Turbo'}
closing name=--- desc=Microbone to Turbo
checking ownership. requestor=129.138.12.150
check software interlocks U
interlocks []
actuate state mode=None-script, software_lock=False
doing actuation None-script close_channel True
Close U ===>> OK
GetValveState U ===>> False
change switch state (True, True)
update switch state U False args=() kw={} ncanvase=3
08:05:15 -- CLOSE  VALVE-U (Microbone to Turbo)
---------------------------------------- close None (Microbone to Turbo) result=[(True, True)]
Get Checksum: 38271967
action=close, ok=True, locked=[False]
enable laser
enable () {}
set extraction state FusionsCO2 Enabled (False, 'red', 1.5)
enabling laser
Enable ===>> OK
begin interval
BEGIN INTERVAL Interval 1 waiting for 30.0
block started
set extract to 5.0
WaitControl setup for 30.0  
extract (5.0,) {}
GetPosition ===>> -9.96950,-11.96340,1.00000
set extraction state FusionsCO2 ON! 5.0(watts) (0.75, 'red', 1.5)
extract sample to 5.0 (watts)
set laser output
SetLaserOutput 5.0,watts ===>> OK
executing pattern triangle.lp
execute_pattern ('triangle.lp',) {}
executing pattern triangle.lp
IsPatterning ===>> OK
Get Checksum: 38271967
IsPatterning ===>> OK
IsPatterning ===>> OK
IsPatterning ===>> OK
Get Checksum: 38271967
IsPatterning ===>> OK
IsPatterning ===>> OK
IsPatterning ===>> OK
Get Checksum: 38271967
IsPatterning ===>> OK
IsPatterning ===>> OK
IsPatterning ===>> OK
Get Checksum: 38271967
IsPatterning ===>> OK
IsPatterning ===>> OK
IsPatterning ===>> OK
Get Checksum: 38271967
IsPatterning ===>> OK
IsPatterning ===>> OK
IsPatterning ===>> OK
Get Checksum: 38271967
IsPatterning ===>> OK
IsPatterning ===>> OK
IsPatterning ===>> OK
Get Checksum: 38271967
IsPatterning ===>> OK
IsPatterning ===>> OK
IsPatterning ===>> OK
Get Checksum: 38271967
IsPatterning ===>> OK
IsPatterning ===>> OK
IsPatterning ===>> OK
Get Checksum: 38271967
IsPatterning ===>> OK
IsPatterning ===>> OK
IsPatterning ===>> OK
Get Checksum: 38271967
Join finished
block finished. duration 30.0402371883
Interval 1 finished
IsPatterning ===>> False
IsPatterning ===>> False
Block completed
COMPLETE INTERVAL waiting for Interval 1 to complete
end_extract () {}
ending extraction. set laser power to 0
set laser power 0
SetLaserPower 0 ===>> OK
disable () {}
%%%%%%%%%%%%%%%%%%%%%%%%%%%%%%%%%%% disable
set extraction state False (0.75, 'red', 1.5)
disabling laser
Disable ===>> OK
sleep (30.0,) {}
SLEEP 30.0
block started
WaitControl setup for 30.0  
Get Checksum: 38271967
Get Checksum: 38271967
Get Checksum: 38271967
Get Checksum: 38271967
Get Checksum: 38271967
Get Checksum: 38271967
Get Checksum: 38271967
Get Checksum: 38271967
Get Checksum: 38271967
Join finished
block finished. duration 30.0352799892
executed 165.0
jan_co2.py completed successfully
GetAchievedOutput ===>> No Response
Requested Output= 0.000
Achieved Output=  0.000
GetResponseBlob ===>> No Response
GetOutputBlob ===>> No Response
persistence save...
persistence save - db
AutomatedRunPersister post_extraction_save deprecated
persistence save - dvc
no extraction position for 197
create new session 4983039568
close session 4983039568
Extraction Finished
08:06:17 -- ******* Extraction Finished *******
no overlap. not waiting for min ms pumptime
08:06:17 -- Sending spectrometer configuration
======== Sending configuration ========
SetDeflection CDD,50.0 ===>> OK
SetDeflection H2,0.0 ===>> OK
SetDeflection H1,0.0 ===>> OK
SetDeflection L2,825.0 ===>> OK
SetDeflection L1,400.0 ===>> OK
SetDeflection AX,190.0 ===>> OK
SetZFocus 74.64 ===>> OK
SetZSymmetry -50.72 ===>> OK
SetExtractionLens 26.13 ===>> OK
SetIonRepeller -3.81 ===>> OK
SetElectronEnergy 75.08 ===>> OK
SetYSymmetry -2.81 ===>> OK
SetIonCounterVoltage 1590.0 ===>> OK
send trap current 200.0
GetParameter Trap Current Readback ===>> 197.923274125618
SetParameter Trap Current Set,200.0 ===>> OK
updating mftable name mftable
Using mftable located at /Users/jan/PychronDev/setupfiles/spectrometer/mftables/mftable.csv
============ MFtable ===========
Isotope  H2     H1     AX     L1     L2     CDD    
Ar40     5.7729 5.8786 5.9919 6.1128 6.2304 6.3410
Ar39     5.6721 5.7709 5.8843 5.9989 6.1155 6.2275
Ar36     5.3496 5.4399 5.5477 5.6577 5.7705 5.8786
================================
get initial guess parabolic
get initial guess parabolic
get initial guess parabolic
get initial guess parabolic
get initial guess parabolic
get initial guess parabolic
======== Configuration Finished ========
GetYSymmetry ===>> -2.81
GetZSymmetry ===>> -50.72
GetParameter Trap Current Readback ===>> 198.147042666178
GetHighVoltage ===>> 4499.94659342336
start measurement
do measurement
L#=25364 analysis type=unknown
Measurement Started jan_unknown120_60.py
08:06:17 -- ******* Measurement Started jan_unknown120_60.py *******
state changed from extraction to measurement
setting spec, defl, and gains
GetExtractionLens ===>> 26.13
GetYSymmetry ===>> -2.81
GetZSymmetry ===>> -50.72
GetZFocus ===>> 74.64
GetDeflection H2 ===>> 0
GetDeflection H1 ===>> 0
GetDeflection AX ===>> 190
GetDeflection L1 ===>> 400
GetDeflection L2 ===>> 825
GetDeflection CDD ===>> 50
GetGain H2 ===>> 0.0113
GetGain H1 ===>> 0.1
GetGain AX ===>> 0.097049
GetGain L1 ===>> 0.010355
GetGain L2 ===>> 0.095649
GetGain CDD ===>> 0
pre measurement save
New frame /Users/jan/PychronDev/data/isotopes/f1/26da3e-f506-4cf4-931c-7b1447f510fb.h5
flush and close file /Users/jan/PychronDev/data/isotopes/f1/26da3e-f506-4cf4-931c-7b1447f510fb.h5
testing...
no interpolation path defined
executed 226.132928
unknown measurement script
activate_detectors ('H2', 'H1', 'AX', 'L1', 'L2', 'CDD') {}
activate detectors
*************** Set Analysis View Ar/Ar
create graphs
Get Checksum: 38271967
clearing graphs
clear isotope group
setting isotope det=H2, iso=PM41
setting isotope det=H1, iso=Ar40
setting isotope det=AX, iso=Ar39
setting isotope det=L1, iso=Ar38
setting isotope det=L2, iso=Ar37
setting isotope det=CDD, iso=Ar36
setting previous blanks
 - setting Ar40 blank 0.672+/-0.007
 - setting Ar36 blank 0.00638+/-0.00019
 - setting Ar37 blank 0.046+/-0.005
 - setting Ar38 blank 0.0136+/-0.0022
 - setting PM41 blank 0.04+/-0.07
 - setting Ar39 blank 0.036+/-0.009
load analysis view
position_magnet ('Ar40',) {'detector': 'H1'}
detector Detector(H1)
POSITION Ar40 H1
setting detector H2 to PM41 (40.9624)
setting detector H1 to Ar40 (39.9624)
setting detector AX to Ar39 (38.9624)
setting detector L1 to Ar38 (37.9624)
setting detector L2 to Ar37 (36.9624)
setting detector CDD to Ar36 (35.9624)
Mapping mass to dac mass func: "parabolic"
H1 map mass coeffs = [-0.00063987  0.15840543  0.57020999]
H1 map mass to dac 39.9624 >> 5.8786
GetDeflection H1 ===>> 0
GetHighVoltage ===>> 4499.94659342336
positioning Ar40 (5.87856538148) on H1
setting magnet DAC
current  : 5.878563
requested: 5.878565
Delta Dac: 0.000003
Checking detector protection. dv=0.00000
Checking detector "CDD". Protection Threshold: 0.1 (V)
SetMagnetDAC 5.87856538148 ===>> OK
Magnet settling time: 0.500
equilibrate () {'delay': 3, 'inlet': 'R', 'outlet': 'O', 'eqtime': 12.0}
Equilibration Started
08:06:19 -- ******* Equilibration Started *******
checking ownership. requestor=129.138.12.150
check software interlocks O
interlocks []
actuate state mode=None-script, software_lock=False
doing actuation None-script close_channel True
Close O ===>> OK
GetValveState O ===>> False
change switch state (True, True)
update switch state O False args=() kw={} ncanvase=3
08:06:19 -- CLOSE  VALVE-O (Jan Ion Pump)
waiting 3s before opening inlet value ('R',)
Get Checksum: 1838806504
checking ownership. requestor=129.138.12.150
check software interlocks R
interlocks []
actuate state mode=None-script, software_lock=False
doing actuation None-script open_channel True
Open R ===>> OK
GetValveState R ===>> OK
change switch state (True, True)
update switch state R True args=() kw={} ncanvase=3
08:06:22 -- OPEN   VALVE-R (Jan Inlet)
equilibrating for 12.0sec
set_time_zero () {}
sniff (12.0,) {}
py_sniff
build tables- sniff [Detector(H2), Detector(H1), Detector(AX), Detector(L1), Detector(L2), Detector(CDD)]
add group /sniff/PM41 (Group) '' table H2
add group /sniff/Ar40 (Group) '' table H1
add group /sniff/Ar39 (Group) '' table AX
add group /sniff/Ar38 (Group) '' table L1
add group /sniff/Ar37 (Group) '' table L2
add group /sniff/Ar36 (Group) '' table CDD
flush and close file /Users/jan/PychronDev/data/isotopes/f1/26da3e-f506-4cf4-931c-7b1447f510fb.h5
measuring sniff. ncounts=12.0
starting measurement
GetData ===>> H2,-0.168056131546004,H1,0.026315327485338,AX,-0.0546007512599051,L1,-0.0140177044516073,L2,-0.02...
Get Checksum: 1775861429
GetData ===>> H2,0.583447046723639,H1,399.996572960055,AX,104.923926868313,L1,0.414269789997882,L2,0.7447469704...
GetData ===>> H2,1.02676578988892,H1,1213.00584601873,AX,306.71260188124,L1,2.11804234940563,L2,1.4876596336822...
GetData ===>> H2,0.51827925964739,H1,1497.17415979085,AX,369.247039700518,L1,3.5050289508917,L2,1.3869625848691...
Get Checksum: 1775861429
GetData ===>> H2,0.325469345833411,H1,1590.86907892482,AX,387.280002025389,L1,4.31836105489031,L2,1.47067039365...
GetData ===>> H2,0.238454805595018,H1,1625.98878691476,AX,393.895082363311,L1,4.76035907030601,L2,1.49583942967...
GetData ===>> H2,0.143580496317126,H1,1639.96685571824,AX,396.724075124015,L1,5.023269752416,L2,1.5031811578505...
Get Checksum: 1775861429
GetData ===>> H2,0.102641618460942,H1,1645.81458118359,AX,397.902039696188,L1,5.18512104836358,L2,1.68404421988...
GetData ===>> H2,0.0412474846377064,H1,1648.27768376706,AX,398.34638529932,L1,5.26203862347709,L2,1.57357593051...
GetData ===>> H2,0.0319177239696426,H1,1649.17221387145,AX,398.745707264162,L1,5.33010012973652,L2,1.5568402936...
Get Checksum: 1775861429
GetData ===>> H2,0.168560364034612,H1,1649.45850551102,AX,398.703655941546,L1,5.38544481812159,L2,1.51836043145...
Equilibration Finished
08:06:35 -- ******* Equilibration Finished *******
checking ownership. requestor=129.138.12.150
check software interlocks R
interlocks []
actuate state mode=None-script, software_lock=False
doing actuation None-script close_channel True
GetData ===>> H2,0.127976176273262,H1,1649.69333407082,AX,398.345077576568,L1,5.4557592098688,L2,1.611928376000...
Close R ===>> OK
GetValveState R ===>> False
change switch state (True, True)
update switch state R False args=() kw={} ncanvase=3
08:06:36 -- CLOSE  VALVE-R (Jan Inlet)
Post Equilibration Started jan_pump_extraction_line.py
08:06:36 -- ******* Post Equilibration Started jan_pump_extraction_line.py *******
testing...
no interpolation path defined
calculate duration
testing...
no interpolation path defined
executed 4.0
executed 4.0
Pump after analysis
doing GOSUB
testing...
no interpolation path defined
executed 4.0
Pump Microbone
close () {'description': 'Jan Inlet'}
closing name=--- desc=Jan Inlet
checking ownership. requestor=129.138.12.150
check software interlocks R
interlocks []
actuate state mode=None-script, software_lock=False
doing actuation None-script close_channel False
measurement finished
estimated time: 12.583 actual time: :12.663
flush and close file /Users/jan/PychronDev/data/isotopes/f1/26da3e-f506-4cf4-931c-7b1447f510fb.h5
set_fits () {}
using default fits file=/Users/jan/PychronDev/scripts/measurement/fits/nominal_linear.yaml
set "Ar40" to "('Linear', 'SEM')"
No fit for "PM41". defaulting to linear. check the measurement script "jan_unknown120_60.py"
set "PM41" to "linear"
set "Ar36" to "('Linear', 'SEM')"
set "Ar37" to "('linear', 'SEM')"
set "Ar38" to "('linear', 'SEM')"
set "Ar39" to "('Linear', 'SEM')"
set_baseline_fits () {}
using default fits file=/Users/jan/PychronDev/scripts/measurement/fits/nominal_linear.yaml
set "H1" to "('average', 'SEM')"
set "H2" to "('average', 'SEM')"
set "CDD" to "('average', 'SEM')"
set "L2" to "('average', 'SEM')"
set "L1" to "('average', 'SEM')"
set "AX" to "('average', 'SEM')"
multicollect () {'integration_time': 1, 'ncounts': 120}
build tables- signal [Detector(H2), Detector(H1), Detector(AX), Detector(L1), Detector(L2), Detector(CDD)]
add group /signal/PM41 (Group) '' table H2
add group /signal/Ar40 (Group) '' table H1
add group /signal/Ar39 (Group) '' table AX
add group /signal/Ar38 (Group) '' table L1
add group /signal/Ar37 (Group) '' table L2
add group /signal/Ar36 (Group) '' table CDD
flush and close file /Users/jan/PychronDev/data/isotopes/f1/26da3e-f506-4cf4-931c-7b1447f510fb.h5
measuring signal. ncounts=120
Close R ===>> OK
GetValveState R ===>> False
change switch state (True, True)
update switch state R False args=() kw={} ncanvase=3
08:06:36 -- CLOSE  VALVE-R (Jan Inlet)
---------------------------------------- close None (Jan Inlet) result=[(True, True)]
action=close, ok=True, locked=[False]
is_closed ('F',) {}
is F () closed?
is closed True
open () {'description': 'CO2 Laser to Jan'}
opening name=--- desc=CO2 Laser to Jan
checking ownership. requestor=129.138.12.150
check software interlocks A
interlocks []
actuate state mode=None-script, software_lock=False
doing actuation None-script open_channel False
starting measurement
GetData ===>> H2,0.0931707236435514,H1,1648.98392255589,AX,398.633607216757,L1,5.48506132886079,L2,1.4454275476...
Open A ===>> OK
GetValveState A ===>> OK
change switch state (True, True)
update switch state A True args=() kw={} ncanvase=3
08:06:36 -- OPEN   VALVE-A (CO2 Laser to Jan)
---------------------------------------- open None (CO2 Laser to Jan) result=[(True, True)], time=0.18 sec
Get Checksum: 1838806504
action=open, ok=True, locked=[False]
sleep (1,) {}
SLEEP 1.0
GetData ===>> H2,0.216360836705359,H1,1648.64634546084,AX,398.668611831582,L1,5.47964705059486,L2,1.57912448688...
close () {'description': 'CO2 Laser to Roughing'}
closing name=--- desc=CO2 Laser to Roughing
checking ownership. requestor=129.138.12.150
check software interlocks G
interlocks []
actuate state mode=None-script, software_lock=True
VALVE-G(CO2 Laser to Roughing) software locked
change switch state (True, False)
---------------------------------------- close None (CO2 Laser to Roughing) result=[(True, False)]
action=close, ok=True, locked=[True]
open () {'description': 'Microbone to Turbo'}
opening name=--- desc=Microbone to Turbo
checking ownership. requestor=129.138.12.150
check software interlocks U
interlocks []
actuate state mode=None-script, software_lock=False
doing actuation None-script open_channel True
Open U ===>> OK
GetValveState U ===>> OK
change switch state (True, True)
update switch state U True args=() kw={} ncanvase=3
08:06:38 -- OPEN   VALVE-U (Microbone to Turbo)
---------------------------------------- open None (Microbone to Turbo) result=[(True, True)], time=0.17 sec
action=open, ok=True, locked=[False]
open () {'description': 'Microbone to Getter NP-10'}
opening name=--- desc=Microbone to Getter NP-10
checking ownership. requestor=129.138.12.150
check software interlocks M
interlocks []
actuate state mode=None-script, software_lock=False
doing actuation None-script open_channel False
Open M ===>> OK
GetValveState M ===>> OK
change switch state (True, True)
update switch state M True args=() kw={} ncanvase=3
08:06:38 -- OPEN   VALVE-M (Microbone to Getter NP-10)
---------------------------------------- open None (Microbone to Getter NP-10) result=[(True, True)], time=0.15 sec
GetData ===>> H2,0.0605383284758519,H1,1648.43821645414,AX,398.080677099434,L1,5.48331483293149,L2,1.5224400532...
action=open, ok=True, locked=[False]
open () {'description': 'Microbone to Getter D-50'}
opening name=--- desc=Microbone to Getter D-50
checking ownership. requestor=129.138.12.150
check software interlocks K
interlocks []
actuate state mode=None-script, software_lock=False
doing actuation None-script open_channel False
Open K ===>> OK
GetValveState K ===>> OK
change switch state (True, True)
update switch state K True args=() kw={} ncanvase=3
08:06:39 -- OPEN   VALVE-K (Microbone to Getter D-50)
---------------------------------------- open None (Microbone to Getter D-50) result=[(True, True)], time=0.43 sec
action=open, ok=True, locked=[False]
open () {'description': 'Microbone to CO2 Laser'}
opening name=--- desc=Microbone to CO2 Laser
checking ownership. requestor=129.138.12.150
check software interlocks T
interlocks []
actuate state mode=None-script, software_lock=False
doing actuation None-script open_channel False
GetData ===>> H2,-0.045587267016459,H1,1646.99503445938,AX,397.662754466025,L1,5.46281423934732,L2,1.6473415208...
Open T ===>> OK
Get Checksum: 1695186306
GetValveState T ===>> OK
change switch state (True, True)
update switch state T True args=() kw={} ncanvase=3
08:06:40 -- OPEN   VALVE-T (Microbone to CO2 Laser)
---------------------------------------- open None (Microbone to CO2 Laser) result=[(True, True)], time=0.43 sec
action=open, ok=True, locked=[False]
open () {'description': 'Microbone to Inlet Pipette'}
opening name=--- desc=Microbone to Inlet Pipette
checking ownership. requestor=129.138.12.150
check software interlocks S
interlocks []
actuate state mode=None-script, software_lock=False
doing actuation None-script open_channel False
Open S ===>> OK
GetValveState S ===>> OK
change switch state (True, True)
update switch state S True args=() kw={} ncanvase=3
08:06:40 -- OPEN   VALVE-S (Microbone to Inlet Pipette)
---------------------------------------- open None (Microbone to Inlet Pipette) result=[(True, True)], time=0.43 sec
GetData ===>> H2,0.026802395586232,H1,1646.90508950402,AX,398.093570382894,L1,5.42370962447663,L2,1.43179824095...
action=open, ok=True, locked=[False]
sleep (1,) {}
SLEEP 1.0
GetData ===>> H2,0.123113387405915,H1,1646.4928549311,AX,397.945689820952,L1,5.40302697980384,L2,1.383370666252...
set_resource () {'name': 'CO2PumpTimeFlag', 'value': 30}
Set CO2PumpTimeFlag 30 ===>> OK
release ('JanCO2Flag',) {}
release JanCO2Flag
Set JanCO2Flag 0 ===>> OK
executed 6.0
PumpMicrobone.py completed successfully
gosub finished
get_resource_value () {'name': 'JanMiniboneFlag'}
Read JanMiniboneFlag ===>> 0
Get Resource Value JanMiniboneFlag=0.0
get resource value 0.0
get_resource_value () {'name': 'JanMiniboneFlag'}
Read JanMiniboneFlag ===>> 0
Get Resource Value JanMiniboneFlag=0.0
executed 4.0
jan_pump_extraction_line.py completed successfully
Post Equilibration Finished
08:06:42 -- ******* Post Equilibration Finished *******
GetData ===>> H2,-0.033590757443939,H1,1645.16025087631,AX,397.500217469105,L1,5.39834255194874,L2,1.5521773459...
Get Checksum: 1695186306
GetData ===>> H2,-0.116810327049858,H1,1643.99571691553,AX,397.285805955279,L1,5.42875015710124,L2,1.5807328237...
GetData ===>> H2,-0.0763377600046027,H1,1643.39231095076,AX,397.387486048579,L1,5.40042819572346,L2,1.516165551...
Get Checksum: 1695186306
GetData ===>> H2,-0.125274955353665,H1,1643.32220785911,AX,397.003857954321,L1,5.38821140276385,L2,1.4697744925...
GetData ===>> H2,-0.0620394513724621,H1,1642.62082521519,AX,396.619894951901,L1,5.37792073445504,L2,1.497252582...
GetData ===>> H2,-0.112521500385044,H1,1641.46174401777,AX,396.574336475456,L1,5.37175414154752,L2,1.4999525668...
Get Checksum: 1695186306
GetData ===>> H2,-0.16114690353582,H1,1640.73460523026,AX,396.213413967462,L1,5.3933111551381,L2,1.498631288586...
GetData ===>> H2,-0.197850851842419,H1,1640.17294302257,AX,396.164962473612,L1,5.36505130404672,L2,1.4878779057...
GetData ===>> H2,-0.170707734894811,H1,1639.47936253947,AX,396.282893504768,L1,5.35580473174971,L2,1.5251637278...
Get Checksum: 1695186306
GetData ===>> H2,-0.121845499012098,H1,1639.20524975061,AX,396.264685680319,L1,5.38752996726869,L2,1.3838067386...
GetData ===>> H2,-0.178100824561459,H1,1638.158022442,AX,396.003082344154,L1,5.41864976547837,L2,1.475402727581...
GetData ===>> H2,-0.151663760554022,H1,1637.52284967443,AX,395.508909322409,L1,5.37783562168829,L2,1.5036867121...
Get Checksum: 1695186306
GetData ===>> H2,-0.115278499191653,H1,1636.85669930218,AX,395.461854033452,L1,5.34138435606425,L2,1.4251048559...
GetData ===>> H2,-0.0895909744523492,H1,1635.81465908089,AX,395.409009199924,L1,5.35305912275337,L2,1.413074005...
GetData ===>> H2,-0.0754513141024986,H1,1635.23622872977,AX,395.526776823552,L1,5.30978832838716,L2,1.537110445...
Get Checksum: 1695186306
GetData ===>> H2,-0.070919059523206,H1,1634.36820762815,AX,395.411717325799,L1,5.36313533519137,L2,1.4679712295...
GetData ===>> H2,-0.102483959284133,H1,1633.667615357,AX,395.035124615629,L1,5.3336991196259,L2,1.5589076824737...
GetData ===>> H2,-0.0634615856198319,H1,1633.97495443827,AX,394.755104491448,L1,5.32127165843703,L2,1.512224086...
Get Checksum: 1695186306
08:07:02 -- collecting point 25
GetData ===>> H2,-0.147567729609979,H1,1633.04778526664,AX,394.394029188843,L1,5.31509856996979,L2,1.4285375973...
GetData ===>> H2,-0.138992741750683,H1,1632.29908421535,AX,394.480328633752,L1,5.34066338600981,L2,1.3974292583...
GetData ===>> H2,-0.149965025890765,H1,1631.37590949835,AX,394.31513710481,L1,5.33608737008919,L2,1.44618542580...
Get Checksum: 1695186306
GetData ===>> H2,-0.1071892334581,H1,1630.96192585985,AX,394.140352964035,L1,5.36108901550953,L2,1.397957212769...
GetData ===>> H2,-0.154598284437757,H1,1630.99073947904,AX,393.778751315376,L1,5.33493038673675,L2,1.4663747383...
GetData ===>> H2,-0.0771712814338954,H1,1630.40273114656,AX,393.600116107558,L1,5.37847854110463,L2,1.592371089...
Get Checksum: 1695186306
GetData ===>> H2,-0.146297970217273,H1,1629.3729788492,AX,393.642113760807,L1,5.35390842063772,L2,1.53647297196...
GetData ===>> H2,-0.0297920904762728,H1,1628.86753555322,AX,393.657960844139,L1,5.32259728328585,L2,1.546079102...
Get Checksum: 1695186306
GetData ===>> H2,-0.15345513016548,H1,1627.81246734064,AX,393.491572771244,L1,5.29403602540205,L2,1.44145452624...
GetData ===>> H2,-0.186872921605649,H1,1627.08761101241,AX,393.265186191143,L1,5.31961557969072,L2,1.4498830381...
GetData ===>> H2,-0.0891112682975859,H1,1626.55431943633,AX,393.320863838584,L1,5.33313286780439,L2,1.499366606...
Get Checksum: 1695186306
GetData ===>> H2,-0.102331008556401,H1,1625.96114107893,AX,392.931056634221,L1,5.33160122963998,L2,1.4941161003...
GetData ===>> H2,-0.0505731907592842,H1,1625.1047896608,AX,392.730229324859,L1,5.28846985219466,L2,1.5432770251...
GetData ===>> H2,-0.0559204851850756,H1,1624.56355331364,AX,392.594541106279,L1,5.26511063834271,L2,1.434037127...
Get Checksum: 1695186306
GetData ===>> H2,-0.00450325884820699,H1,1623.62660773829,AX,392.605776414964,L1,5.29966996824532,L2,1.42862944...
GetData ===>> H2,0.00400285601373021,H1,1623.31788063966,AX,392.856512042057,L1,5.29004565179672,L2,1.458174473...
GetData ===>> H2,-0.093781444444044,H1,1622.43845321776,AX,392.14354746497,L1,5.26577810533216,L2,1.43854950156...
Get Checksum: 1695186306
GetData ===>> H2,-0.132295528313041,H1,1621.59593017569,AX,392.304926766686,L1,5.25599137044436,L2,1.4923353590...
GetData ===>> H2,-0.106825276904232,H1,1621.01008123889,AX,391.982994192525,L1,5.28655642736303,L2,1.5231525682...
GetData ===>> H2,-0.0688278925447947,H1,1620.20845712754,AX,391.917723180809,L1,5.29006383523955,L2,1.499102350...
Get Checksum: 1695186306
GetData ===>> H2,-0.126155141590523,H1,1619.24402062799,AX,391.585713719917,L1,5.29541695900236,L2,1.5136719525...
GetData ===>> H2,-0.0602537366417442,H1,1618.39882062865,AX,391.627079913193,L1,5.28723359230224,L2,1.346229251...
GetData ===>> H2,-0.223264885902246,H1,1617.71470598139,AX,391.539231948974,L1,5.30102013346713,L2,1.5117299778...
Get Checksum: 1695186306
GetData ===>> H2,-0.195493268693813,H1,1617.76064585808,AX,391.322554770731,L1,5.2723229555364,L2,1.56154941049...
GetData ===>> H2,-0.147065246084426,H1,1617.38104375497,AX,391.126603952509,L1,5.28066646247557,L2,1.4779183103...
08:07:28 -- collecting point 50
GetData ===>> H2,-0.0980340114006801,H1,1616.72038098871,AX,390.948216248541,L1,5.25421303783498,L2,1.542450198...
Get Checksum: 1695186306
GetData ===>> H2,-0.0216939285550284,H1,1615.7168203861,AX,390.687592975724,L1,5.28454786837141,L2,1.5688547395...
GetData ===>> H2,-0.030275652197126,H1,1614.94222609423,AX,390.619022241262,L1,5.28602017468039,L2,1.5780101549...
GetData ===>> H2,-0.0336776624305213,H1,1614.29304626508,AX,390.499038464049,L1,5.27320736687102,L2,1.414153046...
Get Checksum: 1695186306
GetData ===>> H2,-0.128800697555546,H1,1613.35285797223,AX,390.141870471248,L1,5.25703881138088,L2,1.5604008242...
GetData ===>> H2,-0.0826560906184885,H1,1613.27357172923,AX,390.034818039774,L1,5.22504854366344,L2,1.513143363...
Get Checksum: 1695186306
GetData ===>> H2,-0.0920948745796807,H1,1612.03229382165,AX,389.739897627738,L1,5.24304475142639,L2,1.485097845...
GetData ===>> H2,-0.00674308772408432,H1,1611.23615688219,AX,389.811089603903,L1,5.24884625389818,L2,1.49240429...
GetData ===>> H2,-0.130537479933681,H1,1610.8988691241,AX,389.605148634917,L1,5.29586264905252,L2,1.42883610242...
Get Checksum: 1695186306
GetData ===>> H2,-0.172356408848849,H1,1610.211511238,AX,389.765843770858,L1,5.28019556485676,L2,1.511580596795...
GetData ===>> H2,-0.103294699111543,H1,1609.84213378505,AX,389.436085250235,L1,5.25065711965496,L2,1.5255544722...
GetData ===>> H2,-0.24115668188566,H1,1609.19067226638,AX,389.085161884471,L1,5.22344237844983,L2,1.47740140441...
Get Checksum: 1695186306
GetData ===>> H2,-0.0882791875839925,H1,1608.62001207398,AX,389.015795733303,L1,5.22277458787466,L2,1.515613966...
GetData ===>> H2,-0.117200017064682,H1,1608.15087938894,AX,388.62522615119,L1,5.22773702129965,L2,1.44563424108...
GetData ===>> H2,-0.144614644451305,H1,1607.37339780097,AX,388.692839876494,L1,5.24852102133031,L2,1.4518926695...
Get Checksum: 1695186306
GetData ===>> H2,-0.133907655862393,H1,1606.33025546599,AX,388.299644359616,L1,5.23604936562355,L2,1.5559559241...
GetData ===>> H2,-0.0552245699833449,H1,1605.97346083672,AX,388.542447959208,L1,5.19096696295597,L2,1.410169835...
GetData ===>> H2,-0.0824149663607798,H1,1605.81631928095,AX,388.204225955474,L1,5.22738487234735,L2,1.474196649...
Get Checksum: 1695186306
GetData ===>> H2,-0.0942826258074764,H1,1604.92493850906,AX,387.838397730831,L1,5.21021392016087,L2,1.518015682...
GetData ===>> H2,-0.102275512650544,H1,1603.72937081514,AX,388.095817207749,L1,5.18036964741547,L2,1.4898079117...
GetData ===>> H2,-0.169983159883844,H1,1603.11139133615,AX,387.62188479133,L1,5.11112164529465,L2,1.35551202438...
GetData ===>> H2,-0.132378033690031,H1,1603.07538606579,AX,387.596377438855,L1,5.17906652936631,L2,1.3635199851...
GetData ===>> H2,-0.154733401437944,H1,1602.1118941261,AX,387.635975525168,L1,5.21617869073775,L2,1.46724763673...
Get Checksum: 1695186306
GetData ===>> H2,-0.0726749631825972,H1,1601.24858543312,AX,387.437000084516,L1,5.20199505345571,L2,1.440329249...
GetData ===>> H2,-0.120605176304621,H1,1600.49006425723,AX,386.925420141346,L1,5.19018966596058,L2,1.4191236822...
08:07:54 -- collecting point 75
GetData ===>> H2,-0.0910584243802506,H1,1599.59476484674,AX,386.989401193121,L1,5.18733747017479,L2,1.483501070...
Get Checksum: 1695186306
GetData ===>> H2,-0.157325984708428,H1,1598.86556538348,AX,387.046323579958,L1,5.15770913279646,L2,1.4763561142...
GetData ===>> H2,-0.116308310825816,H1,1598.47383326269,AX,386.923756683114,L1,5.20129617477454,L2,1.4328086036...
Get Checksum: 1695186306
GetData ===>> H2,-0.0744536409870697,H1,1597.95815383152,AX,386.735716457465,L1,5.24792957322466,L2,1.449974906...
GetData ===>> H2,-0.127371876519441,H1,1597.14597521342,AX,386.582859115097,L1,5.22987430663422,L2,1.5082942722...
GetData ===>> H2,0.0297485015528387,H1,1596.42003703383,AX,386.475685989821,L1,5.20709969697861,L2,1.3507762324...
Get Checksum: 1695186306
GetData ===>> H2,-0.0539777851193172,H1,1596.23862812711,AX,386.19142383409,L1,5.19641390796003,L2,1.4191581217...
GetData ===>> H2,-0.13711500019932,H1,1595.95883432763,AX,386.259271498128,L1,5.21236653419327,L2,1.42705656685...
GetData ===>> H2,-0.156296588023793,H1,1595.40884001213,AX,386.013536421166,L1,5.17247641204937,L2,1.5157173883...
Get Checksum: 1695186306
GetData ===>> H2,-0.121744060040404,H1,1593.92458528332,AX,385.905009398005,L1,5.1373788311783,L2,1.45014715871...
GetData ===>> H2,-0.1033650778032,H1,1593.07614428463,AX,385.744284475186,L1,5.1580438578409,L2,1.4762412478720...
GetData ===>> H2,-0.164950335188891,H1,1591.76031597461,AX,385.726401010804,L1,5.15802425658062,L2,1.5530387109...
Get Checksum: 1695186306
GetData ===>> H2,-0.0839320675822156,H1,1592.36184102338,AX,385.670059737971,L1,5.12766561293981,L2,1.342417301...
GetData ===>> H2,-0.0803150727118082,H1,1591.4797939778,AX,385.385869724334,L1,5.17789550696518,L2,1.3854477658...
GetData ===>> H2,-0.00615971380567626,H1,1591.10346675249,AX,385.289362864574,L1,5.17953738333847,L2,1.49273745...
Get Checksum: 1695186306
GetData ===>> H2,-0.0135102204653789,H1,1590.59116541912,AX,385.28248555718,L1,5.15268479836365,L2,1.4047405369...
GetData ===>> H2,-0.112234528324802,H1,1590.49884148851,AX,385.184746109478,L1,5.1711732787328,L2,1.44752895175...
GetData ===>> H2,-0.0897617124364807,H1,1588.77049861533,AX,385.116501492793,L1,5.18403787372707,L2,1.399965761...
Get Checksum: 1695186306
GetData ===>> H2,-0.0963900547589324,H1,1588.42764537591,AX,384.74451454496,L1,5.16471238341944,L2,1.5116265601...
GetData ===>> H2,-0.155665664845763,H1,1588.25226914829,AX,384.221621619628,L1,5.12978682441843,L2,1.4373668486...
GetData ===>> H2,-0.0518122064043649,H1,1587.74996815363,AX,383.9191307266,L1,5.14367524166263,L2,1.36053699931...
Get Checksum: 1695186306
GetData ===>> H2,-0.0906438178387156,H1,1586.66542341978,AX,384.047690392938,L1,5.1414961343743,L2,1.5127526697...
GetData ===>> H2,-0.0806619205889358,H1,1585.25053789654,AX,384.170740573332,L1,5.1427761449686,L2,1.4433950855...
GetData ===>> H2,-0.104415292637601,H1,1584.69578670514,AX,383.95882529603,L1,5.17892769115365,L2,1.37098932791...
Get Checksum: 1695186306
GetData ===>> H2,-0.0945982232720451,H1,1584.29495893525,AX,383.552081667571,L1,5.17627496650684,L2,1.432268976...
08:08:20 -- collecting point 100
GetData ===>> H2,-0.123473808573714,H1,1583.91934230626,AX,383.238200968301,L1,5.16271371739688,L2,1.4918758182...
GetData ===>> H2,-0.0801213210505621,H1,1583.05118278962,AX,383.220987564282,L1,5.16113731520759,L2,1.411512859...
Get Checksum: 1695186306
GetData ===>> H2,-0.0906343331984271,H1,1582.51960460511,AX,383.49656714826,L1,5.17190476644756,L2,1.3821083624...
GetData ===>> H2,-0.0156681159566195,H1,1582.27023440039,AX,383.288896077633,L1,5.16891272105687,L2,1.518808606...
Get Checksum: 1695186306
GetData ===>> H2,-0.0329864778846722,H1,1581.74278586624,AX,383.064061726577,L1,5.16067166610125,L2,1.387777383...
GetData ===>> H2,-0.172619472917917,H1,1580.79107203842,AX,382.983476841611,L1,5.19124921658343,L2,1.3791707012...
GetData ===>> H2,-0.107358354282483,H1,1580.5155462706,AX,382.695704682377,L1,5.22240897987708,L2,1.41360204539...
Get Checksum: 1695186306
GetData ===>> H2,-0.123458933048523,H1,1579.7538490751,AX,382.839794451532,L1,5.23805040280739,L2,1.47518448377...
GetData ===>> H2,-0.244422946927837,H1,1578.57806758632,AX,382.652145444346,L1,5.22586756980014,L2,1.4781939946...
GetData ===>> H2,-0.181540588014621,H1,1578.33136223105,AX,382.044315682301,L1,5.15371723941161,L2,1.3386973518...
Get Checksum: 1695186306
GetData ===>> H2,-0.134051005108484,H1,1577.49015307391,AX,382.202342820074,L1,5.1302324896995,L2,1.41458925870...
GetData ===>> H2,-0.0824217395838795,H1,1576.71647561624,AX,382.029983123328,L1,5.19056246070243,L2,1.417103254...
GetData ===>> H2,-0.0498253734763087,H1,1575.8728681958,AX,381.811061410554,L1,5.15970856799973,L2,1.3631987360...
Get Checksum: 1695186306
GetData ===>> H2,-0.0920840363737382,H1,1574.7228844428,AX,381.817485816139,L1,5.1188860131937,L2,1.42005355248...
GetData ===>> H2,-0.0834796675044199,H1,1574.47725799013,AX,381.5615703784,L1,5.12325571703852,L2,1.43779168344...
GetData ===>> H2,-0.0715292498197379,H1,1574.01819517687,AX,381.153346757013,L1,5.17302244066453,L2,1.379228076...
Get Checksum: 1695186306
GetData ===>> H2,-0.178731098721627,H1,1573.67123055641,AX,381.487756066779,L1,5.1583032004517,L2,1.42713693227...
GetData ===>> H2,-0.0849559964953025,H1,1573.10055518154,AX,381.815252717748,L1,5.11770577445889,L2,1.459633012...
GetData ===>> H2,-0.0552042209455503,H1,1572.5904206378,AX,381.176376702037,L1,5.12959109801281,L2,1.4944148085...
Get Checksum: 1695186306
GetData ===>> H2,-0.0574763054643303,H1,1572.37233259476,AX,380.985954967673,L1,5.12061653629362,L2,1.498504906...
GetData ===>> H2,-0.025935087307033,H1,1571.04181643118,AX,380.633892604249,L1,5.08672782559297,L2,1.4747365111...
measurement finished
estimated time: 125.829 actual time: :126.098
flush and close file /Users/jan/PychronDev/data/isotopes/f1/26da3e-f506-4cf4-931c-7b1447f510fb.h5
baselines () {'settling_time': 15.0, 'detector': 'H1', 'mass': 34.2, 'ncounts': 60}
%%%%%%%%%%%%%%%%%%%%%%%%%%%%%%%% Baseline
build tables- baseline [Detector(H2), Detector(H1), Detector(AX), Detector(L1), Detector(L2), Detector(CDD)]
add group baseline table H2
add group baseline table H1
add group baseline table AX
add group baseline table L1
add group baseline table L2
add group baseline table CDD
flush and close file /Users/jan/PychronDev/data/isotopes/f1/26da3e-f506-4cf4-931c-7b1447f510fb.h5
detector Detector(H1)
POSITION 34.2 H1
Mapping mass to dac mass func: "parabolic"
H1 map mass coeffs = [-0.00063987  0.15840543  0.57020999]
H1 map mass to dac 34.2 >> 5.23925599104
GetDeflection H1 ===>> 0
GetHighVoltage ===>> 4499.94659342336
positioning 34.2 (5.23922513756) on H1
setting magnet DAC
current  : 5.878565
requested: 5.239225
Delta Dac: 0.639340
Checking detector protection. dv=0.63934
Checking detector "CDD". Protection Threshold: 0.1 (V)
ProtectDetector CDD,On ===>> OK
GetDeflection CDD ===>> 2000
SetMagnetDAC 5.23922513756 ===>> OK
Magnet settling time: 0.500
Get Checksum: 1695186306
GetMagnetMoving ===>> True
GetMagnetMoving ===>> True
GetMagnetMoving ===>> True
GetMagnetMoving ===>> True
GetMagnetMoving ===>> True
GetMagnetMoving ===>> True
GetMagnetMoving ===>> True
GetMagnetMoving ===>> True
GetMagnetMoving ===>> False
ProtectDetector CDD,Off ===>> OK
GetDeflection CDD ===>> 50
Delaying 15.0s for detectors to settle
Get Checksum: 1695186306
Get Checksum: 1695186306
Get Checksum: 1695186306
Get Checksum: 1695186306
Get Checksum: 1695186306
Join finished
measuring baseline. ncounts=60
starting measurement
GetData ===>> H2,-0.165382309164235,H1,-0.0607364290985622,AX,-0.124732423207046,L1,-0.0744899271647753,L2,-0.0...
Get Checksum: 1695186306
GetData ===>> H2,-0.234789359239999,H1,-0.101296550268537,AX,-0.12236886685791,L1,-0.102576230917604,L2,0.01584...
GetData ===>> H2,-0.203447469656061,H1,-0.12928864038455,AX,-0.0972699173948405,L1,-0.0820911446207482,L2,0.007...
Get Checksum: 1695186306
GetData ===>> H2,-0.197018740429707,H1,-0.060617215560854,AX,-0.133828300882448,L1,-0.10439305762769,L2,-0.0299...
GetData ===>> H2,-0.124562373642279,H1,-0.117180004151707,AX,-0.00472099830327936,L1,-0.120843788876772,L2,-0.0...
GetData ===>> H2,-0.296590176405927,H1,-0.100116808306816,AX,-0.106842118114169,L1,-0.0973172752618981,L2,-0.09...
Get Checksum: 1695186306
GetData ===>> H2,-0.280301057499586,H1,-0.0422089413821379,AX,-0.0222357511361467,L1,-0.0839361831210923,L2,-0....
GetData ===>> H2,-0.169699793921119,H1,-0.0869480371321839,AX,-0.0868043152091012,L1,-0.0705958523214437,L2,0.0...
GetData ===>> H2,-0.154594230902867,H1,-0.0711789839007214,AX,-0.123017691966277,L1,-0.0404193817658484,L2,-0.0...
Get Checksum: 1695186306
GetData ===>> H2,-0.112991198439722,H1,-0.0625365362554529,AX,-0.0830025774318676,L1,-0.00977175727950209,L2,-0...
GetData ===>> H2,-0.145787324758608,H1,-0.053869497813097,AX,-0.0116808801027608,L1,-0.0657191336731987,L2,0.03...
GetData ===>> H2,-0.101671807966892,H1,0.0135730620741683,AX,-0.0514006790014601,L1,-0.0965922209067079,L2,0.05...
Get Checksum: 1695186306
GetData ===>> H2,-0.147061193707417,H1,-0.0640624295466406,AX,-0.0667739775879662,L1,-0.101615161091194,L2,-0.1...
GetData ===>> H2,-0.264434929797842,H1,0.0192639296296317,AX,-0.0595050056087902,L1,-0.0989845818029448,L2,-0.0...
GetData ===>> H2,-0.204187455868904,H1,-0.0305351012348297,AX,-0.148542333209669,L1,-0.059818233517718,L2,-0.14...
Get Checksum: 1695186306
GetData ===>> H2,-0.170343429229958,H1,-0.0520096228294296,AX,-0.103921885525081,L1,-0.0428719642131309,L2,-0.0...
GetData ===>> H2,-0.265686597162618,H1,0.0434746104683416,AX,-0.090884063678525,L1,-0.0434898056310374,L2,0.064...
GetData ===>> H2,-0.296066799904312,H1,0.00306310686555307,AX,-0.104733070036887,L1,-0.0762717925095923,L2,-0.0...
Get Checksum: 1695186306
GetData ===>> H2,-0.185139817744343,H1,-0.0575653006389619,AX,-0.110341646465647,L1,-0.0726981239342125,L2,0.10...
GetData ===>> H2,-0.213164523863068,H1,0.0134656903241438,AX,-0.0368482985476135,L1,-0.0561213765655955,L2,0.00...
GetData ===>> H2,-0.203473080188001,H1,0.0187270415114906,AX,-0.0392487215230985,L1,-0.0561106035465773,L2,0.00...
Get Checksum: 1695186306
GetData ===>> H2,-0.167447457140909,H1,0.0140383409883651,AX,-0.0321168567152232,L1,-0.0908210104577343,L2,0.00...
GetData ===>> H2,-0.19198436946867,H1,-0.0593297003036007,AX,-0.0650466315187321,L1,-0.107662992882946,L2,-0.00...
GetData ===>> H2,-0.250662156406184,H1,0.0965618337617215,AX,-0.0756884506915482,L1,-0.0508339394439854,L2,0.03...
Get Checksum: 1695186306
08:09:26 -- collecting point 25
GetData ===>> H2,-0.220212519732916,H1,0.079469419000744,AX,-0.109449394570725,L1,-0.0166133284306419,L2,-0.046...
GetData ===>> H2,-0.258895108406507,H1,0.0157205212592661,AX,-0.0997499726241036,L1,-0.00784118901077394,L2,-0....
Get Checksum: 1695186306
GetData ===>> H2,-0.318410347754027,H1,-0.00514367317518953,AX,-0.0490933152342983,L1,-0.00861465988494925,L2,-...
GetData ===>> H2,-0.369083371453175,H1,0.095953470259036,AX,-0.0484555919805747,L1,-0.0520243419738159,L2,-0.10...
GetData ===>> H2,-0.308402018546242,H1,-0.0348399137430676,AX,-0.106795765900536,L1,-0.0656091141602886,L2,-0.0...
GetData ===>> H2,-0.108658471095664,H1,0.0194428929755076,AX,-0.14142329211422,L1,-0.0591696765875493,L2,0.0273...
GetData ===>> H2,-0.175949260500176,H1,0.0571755096202555,AX,-0.0623686048453241,L1,-0.0765886683006245,L2,-0.0...
Get Checksum: 1695186306
GetData ===>> H2,-0.249668257139057,H1,0.0172476313733629,AX,-0.142907434875707,L1,-0.0548512776907841,L2,0.000...
GetData ===>> H2,-0.250611051406265,H1,0.0312193842890053,AX,-0.0129104074960682,L1,-0.0164610089713478,L2,0.03...
GetData ===>> H2,-0.220847037938935,H1,0.0202661284873563,AX,-0.0509252969712736,L1,-0.0522025911127319,L2,2.27...
Get Checksum: 1695186306
GetData ===>> H2,-0.143501296560458,H1,-0.00297275902367815,AX,-0.154582674443899,L1,-0.0324359849451677,L2,0.0...
GetData ===>> H2,-0.186945746620106,H1,0.0360043525109656,AX,-0.120758371547741,L1,0.00278836085317243,L2,-0.14...
GetData ===>> H2,-0.167894181460473,H1,-0.0399076690088538,AX,-0.0962384739428815,L1,0.0127418053238743,L2,-0.0...
Get Checksum: 1695186306
GetData ===>> H2,-0.169520325145144,H1,-0.0137314434478728,AX,-0.0169932549656801,L1,-0.0229355496899676,L2,-0....
GetData ===>> H2,-0.149896152900617,H1,-0.0361515926608601,AX,-0.126980065678406,L1,-0.0528748849021768,L2,-0.0...
GetData ===>> H2,-0.243078603663339,H1,-0.0466563281904751,AX,-0.122357280655923,L1,-0.0473540446161187,L2,-0.0...
Get Checksum: 1695186306
GetData ===>> H2,-0.275332277937586,H1,0.020445093624777,AX,-0.116216399421766,L1,-0.000484849900737564,L2,-0.0...
GetData ===>> H2,-0.268158601867998,H1,0.0303125332972389,AX,-0.000521628905284215,L1,-0.00847555942869565,L2,-...
GetData ===>> H2,-0.275692252298614,H1,-0.000503585149913399,AX,0.012112373045636,L1,0.0472069634420798,L2,-0.0...
Get Checksum: 1695186306
GetData ===>> H2,-0.169050724218169,H1,-0.0210304689073347,AX,-0.127860571252072,L1,0.0219358415017505,L2,-0.11...
GetData ===>> H2,-0.0825423022800146,H1,0.0456107771234173,AX,-0.114304536512676,L1,-0.0128467115837454,L2,0.05...
GetData ===>> H2,-0.2496198376186,H1,0.0395365455926779,AX,-0.0213426909907266,L1,-0.00505380256787096,L2,-0.08...
Get Checksum: 1695186306
GetData ===>> H2,-0.248109313279817,H1,0.0410043516661186,AX,-0.10941463134427,L1,-0.0120723671528709,L2,-0.019...
GetData ===>> H2,-0.190045769654344,H1,-0.00984318318553152,AX,0.00256421104442704,L1,-0.0184781553415113,L2,-0...
GetData ===>> H2,-0.282709790935218,H1,-0.0322999775108855,AX,-0.153689979688597,L1,0.0148429030587763,L2,-0.01...
Get Checksum: 1695186306
08:09:52 -- collecting point 50
GetData ===>> H2,-0.217312951455187,H1,-0.0316560397729536,AX,-0.12038760626186,L1,0.00343184532565241,L2,-0.03...
GetData ===>> H2,-0.258967677943765,H1,0.053845589027657,AX,-0.0302613265387185,L1,-0.0417966379788225,L2,0.027...
Get Checksum: 1695186306
GetData ===>> H2,-0.205753532968762,H1,-0.0169158876555773,AX,-0.0376252535273454,L1,-0.0213472749748875,L2,0.0...
GetData ===>> H2,-0.187282893359305,H1,-0.0111671169823023,AX,-0.0284173583798703,L1,-0.00374140078419487,L2,-0...
GetData ===>> H2,-0.187150733034201,H1,0.0417203624375475,AX,-0.0161581410070413,L1,0.00443076833673379,L2,-0.0...
Get Checksum: 1695186306
GetData ===>> H2,-0.289435258832869,H1,0.0513154008280338,AX,-0.0573021796214078,L1,0.0177455396887243,L2,-0.04...
GetData ===>> H2,-0.233660450689648,H1,-0.00565657458777553,AX,-0.144113284195275,L1,0.00393729759239757,L2,0.0...
GetData ===>> H2,-0.253828870095927,H1,0.0256710167084286,AX,-0.0826780319594394,L1,0.0011930328359772,L2,0.001...
Get Checksum: 1695186306
GetData ===>> H2,-0.125420981756153,H1,-0.00591898824768828,AX,-0.0296234798700581,L1,-0.0179876973887073,L2,-0...
GetData ===>> H2,-0.0909202238799387,H1,0.016006852631212,AX,-0.0424491933937421,L1,0.0115785859157092,L2,0.011...
GetData ===>> H2,-0.18914780770598,H1,-0.000658655833052202,AX,-0.0388892416584774,L1,0.00473694847041051,L2,-0...
Get Checksum: 1695186306
measurement finished
estimated time: 62.915 actual time: :63.096
flush and close file /Users/jan/PychronDev/data/isotopes/f1/26da3e-f506-4cf4-931c-7b1447f510fb.h5
activate_detectors ('H1', 'AX', 'CDD') {'peak_center': True}
peak_center () {'detector': 'H1', 'integration_time': 0.262144, 'isotope': 'Ar40'}
peak center: mean=1573.85840368 threshold=3
peak center started
setup peak center. detector=['H1', 'AX', 'CDD'], isotope=Ar40
VersionedUnpickler [<apptools.sweet_pickle.versioned_unpickler.VersionedUnpickler object at 0x1554248f0>] using Updater [<apptools.sweet_pickle.updater.Updater object at 0x137c6f7d0>]
VersionedUnpickler [<apptools.sweet_pickle.versioned_unpickler.VersionedUnpickler object at 0x1554248f0>] using Updater [<apptools.sweet_pickle.updater.Updater object at 0x137c6f7d0>]
VersionedUnpickler [<apptools.sweet_pickle.versioned_unpickler.VersionedUnpickler object at 0x14e025ef0>] using Updater [<apptools.sweet_pickle.updater.Updater object at 0x137c6f7d0>]
setting integration time = 0.524288
SetIntegrationTime 0.524288 ===>> OK
Mapping mass to dac mass func: "parabolic"
H1 map mass coeffs = [-0.00063987  0.15840543  0.57020999]
H1 map mass to dac 39.9624 >> 5.8786
GetDeflection H1 ===>> 0
GetHighVoltage ===>> 4499.94659342336
do peak center. <pychron.spectrometer.jobs.peak_center.PeakCenter object at 0x13a1fcef0>
doing pc
starting peak center. center dac= 5.87856538148 step_width=0.001
width = 0.001
get scan parameters. half-width=0.015,window=0.015, i=0, scalar=1
Scan parameters center=5.87857 width=0.03000 (5.86357 - 5.89357)
GetData ===>> H2,-0.135426254419643,H1,0.062964344848049,AX,-0.129250826983748,L1,0.0162947173393037,L2,0.05230...
Moving to starting dac 5.86356538148
setting magnet DAC
current  : 5.239225
requested: 5.863565
Delta Dac: 0.624340
Checking detector protection. dv=0.62434
Checking detector "CDD". Protection Threshold: 0.1 (V)
ProtectDetector CDD,On ===>> OK
GetDeflection CDD ===>> 2000
SetMagnetDAC 5.86356538148 ===>> OK
Magnet settling time: 0.500
GetMagnetMoving ===>> True
GetMagnetMoving ===>> True
GetMagnetMoving ===>> True
GetMagnetMoving ===>> True
GetMagnetMoving ===>> True
GetMagnetMoving ===>> True
GetMagnetMoving ===>> True
GetMagnetMoving ===>> True
Get Checksum: 1695186306
GetMagnetMoving ===>> True
GetMagnetMoving ===>> False
ProtectDetector CDD,Off ===>> OK
GetDeflection CDD ===>> 50
Wait until signal near baseline. tol= 0.047223258636. timeout= 10
GetData ===>> H2,76.8251930751163,H1,38.380512645589,AX,2.08290889046783,L1,0.0881993676861366,L2,-0.0500659770...
GetData ===>> H2,108.501753448888,H1,62.9153718006101,AX,10.3028082363075,L1,0.122640357932153,L2,-0.0929393169...
GetData ===>> H2,61.7344985005888,H1,29.8089161831107,AX,4.45854671043701,L1,0.121683891632031,L2,0.01585171914...
GetData ===>> H2,26.4419664082047,H1,14.7967883901734,AX,1.93059269946048,L1,0.0810488153357975,L2,-0.187099030...
GetData ===>> H2,9.23499719885285,H1,7.74897823284075,AX,0.876130882783101,L1,0.0429633837892629,L2,-0.18848813...
GetData ===>> H2,2.75895137391255,H1,4.26800184049758,AX,0.472357313413093,L1,0.0159697606147079,L2,-0.06558816...
Get Checksum: 1695186306
GetData ===>> H2,0.885926917771783,H1,2.63361805181075,AX,0.132682562226604,L1,-0.00887846581537587,L2,-0.05896...
GetData ===>> H2,0.453236817030937,H1,1.76253761641576,AX,0.0854114372717134,L1,0.00974278186778464,L2,-0.08898...
GetData ===>> H2,0.453236817030937,H1,1.76253761641576,AX,0.0854114372717134,L1,0.00974278186778464,L2,-0.08898...
GetData ===>> H2,0.436862338523826,H1,1.22616579201129,AX,0.0549373214684383,L1,0.0362027925893023,L2,-0.004190...
GetData ===>> H2,0.495287181140893,H1,1.17131769734,AX,0.0511849008254301,L1,0.0259442982167815,L2,0.0348499119...
GetData ===>> H2,0.478628472647037,H1,1.08200531009952,AX,0.0503724225274733,L1,0.0333757991325013,L2,0.0211134...
Get Checksum: 1695186306
GetData ===>> H2,0.449873167089359,H1,1.01826608352751,AX,0.158889783091358,L1,0.0310037552851518,L2,-0.0900498...
GetData ===>> H2,0.342632749026647,H1,1.01845779199901,AX,0.0767201279767102,L1,0.0216051818106259,L2,-0.028690...
GetData ===>> H2,0.318901890623737,H1,0.986974572281185,AX,0.235510951086307,L1,0.0311527426332004,L2,-0.147330...
GetData ===>> H2,0.344089721497954,H1,0.919010174507906,AX,0.192668068796384,L1,0.0256608899541487,L2,-0.132885...
GetData ===>> H2,0.30409702816695,H1,0.982135559799757,AX,0.0727339735924381,L1,-0.00734829517186933,L2,-0.1080...
GetData ===>> H2,0.245598429702476,H1,0.963045291331066,AX,-0.00970896411852352,L1,0.024753076435076,L2,0.07570...
Get Checksum: 1695186306
GetData ===>> H2,0.122025317353969,H1,1.00911242916422,AX,0.0470065132318296,L1,0.013549033195796,L2,0.15256786...
GetData ===>> H2,-0.0170343703100699,H1,0.975859563628423,AX,0.0939180830787764,L1,-0.00943483383757808,L2,-0.0...
GetData ===>> H2,0.0134696849800678,H1,0.961823829103925,AX,0.130410055824728,L1,-0.0314585847095223,L2,-0.0307...
Peak center failed to move to a baseline position
_do_sweep sm= 5.86356538148, em= 5.89356538148, stm= 0.001
calculated step values: start=5.86356538148, end=5.89356538148, width=0.001, nsteps=31.0
setting magnet DAC
current  : 5.863565
requested: 5.863565
Delta Dac: 0.000000
Checking detector protection. dv=0.00000
Checking detector "CDD". Protection Threshold: 0.1 (V)
SetMagnetDAC 5.86356538148 ===>> OK
GetData ===>> H2,0.0134696849800678,H1,0.961823829103925,AX,0.130410055824728,L1,-0.0314585847095223,L2,-0.0307...
setting magnet DAC
current  : 5.863565
requested: 5.864600
Delta Dac: 0.001034
Checking detector protection. dv=0.00103
Checking detector "CDD". Protection Threshold: 0.1 (V)
SetMagnetDAC 5.86459986423 ===>> OK
Magnet settling time: 1.049
GetData ===>> H2,0.0152281498400218,H1,1.89487544115907,AX,0.301738626578994,L1,0.00833049356582619,L2,-0.16181...
setting magnet DAC
current  : 5.864600
requested: 5.865634
Delta Dac: 0.001034
Checking detector protection. dv=0.00103
Checking detector "CDD". Protection Threshold: 0.1 (V)
SetMagnetDAC 5.86563434699 ===>> OK
Magnet settling time: 1.049
set states for children of V. state=True
handle state [('V', True)]
update switch state V True args=() kw={'refresh': False} ncanvase=3
refresh_canvas_needed fired
Get Checksum: -1097334291
GetData ===>> H2,0.0073171895985791,H1,6.57942825535687,AX,1.09854971887044,L1,0.00218093002581675,L2,-0.017238...
setting magnet DAC
current  : 5.865634
requested: 5.866669
Delta Dac: 0.001034
Checking detector protection. dv=0.00103
Checking detector "CDD". Protection Threshold: 0.1 (V)
SetMagnetDAC 5.86666882975 ===>> OK
Magnet settling time: 1.049
GetData ===>> H2,-0.0114110341384302,H1,26.1219527412425,AX,4.03972739139643,L1,0.01536032550685,L2,-0.12019301...
setting magnet DAC
current  : 5.866669
requested: 5.867703
Delta Dac: 0.001034
Checking detector protection. dv=0.00103
Checking detector "CDD". Protection Threshold: 0.1 (V)
SetMagnetDAC 5.86770331251 ===>> OK
Magnet settling time: 1.049
GetData ===>> H2,-0.0317914037440413,H1,92.4849485193186,AX,14.3405453540703,L1,0.0178966817699217,L2,-0.064609...
setting magnet DAC
current  : 5.867703
requested: 5.868738
Delta Dac: 0.001034
Checking detector protection. dv=0.00103
Checking detector "CDD". Protection Threshold: 0.1 (V)
SetMagnetDAC 5.86873779527 ===>> OK
Magnet settling time: 1.049
Get Checksum: -1097334291
GetData ===>> H2,0.0212564732144229,H1,259.156536318293,AX,43.1457224396823,L1,0.19300278627867,L2,-0.000888165...
setting magnet DAC
current  : 5.868738
requested: 5.869772
Delta Dac: 0.001034
Checking detector protection. dv=0.00103
Checking detector "CDD". Protection Threshold: 0.1 (V)
SetMagnetDAC 5.86977227803 ===>> OK
Magnet settling time: 1.049
GetData ===>> H2,0.0569584469826554,H1,553.46351960816,AX,101.666404336579,L1,0.658743088120166,L2,0.1809247888...
setting magnet DAC
current  : 5.869772
requested: 5.870807
Delta Dac: 0.001034
Checking detector protection. dv=0.00103
Checking detector "CDD". Protection Threshold: 0.1 (V)
SetMagnetDAC 5.87080676079 ===>> OK
Magnet settling time: 1.049
GetData ===>> H2,-0.13079155498988,H1,925.768299482012,AX,185.631134234133,L1,1.41678503619119,L2,0.21278215831...
setting magnet DAC
current  : 5.870807
requested: 5.871841
Delta Dac: 0.001034
Checking detector protection. dv=0.00103
Checking detector "CDD". Protection Threshold: 0.1 (V)
Get Checksum: -1097334291
SetMagnetDAC 5.87184124354 ===>> OK
Magnet settling time: 1.049
GetData ===>> H2,-0.0533161156586936,H1,1351.84601211857,AX,305.457192771269,L1,2.82641126258762,L2,0.696892276...
setting magnet DAC
current  : 5.871841
requested: 5.872876
Delta Dac: 0.001034
Checking detector protection. dv=0.00103
Checking detector "CDD". Protection Threshold: 0.1 (V)
SetMagnetDAC 5.8728757263 ===>> OK
Magnet settling time: 1.049
GetData ===>> H2,0.000355073643607341,H1,1454.52315965153,AX,343.25138414704,L1,3.59395425121561,L2,1.097231279...
setting magnet DAC
current  : 5.872876
requested: 5.873910
Delta Dac: 0.001034
Checking detector protection. dv=0.00103
Checking detector "CDD". Protection Threshold: 0.1 (V)
SetMagnetDAC 5.87391020906 ===>> OK
Magnet settling time: 1.049
Get Checksum: -1097334291
GetData ===>> H2,-0.116868510783376,H1,1488.86116660085,AX,357.628445313674,L1,4.16794280498009,L2,1.3766081734...
setting magnet DAC
current  : 5.873910
requested: 5.874945
Delta Dac: 0.001034
Checking detector protection. dv=0.00103
Checking detector "CDD". Protection Threshold: 0.1 (V)
SetMagnetDAC 5.87494469182 ===>> OK
Magnet settling time: 1.049
GetData ===>> H2,0.05513416111231,H1,1498.07164049436,AX,361.760925288226,L1,4.46899160769655,L2,1.253682855561...
setting magnet DAC
current  : 5.874945
requested: 5.875979
Delta Dac: 0.001034
Checking detector protection. dv=0.00103
Checking detector "CDD". Protection Threshold: 0.1 (V)
SetMagnetDAC 5.87597917458 ===>> OK
Magnet settling time: 1.049
GetData ===>> H2,-0.187030090651526,H1,1500.49271809881,AX,362.463499402814,L1,4.6564554792736,L2,1.26660003910...
setting magnet DAC
current  : 5.875979
requested: 5.877014
Delta Dac: 0.001034
Checking detector protection. dv=0.00103
Checking detector "CDD". Protection Threshold: 0.1 (V)
SetMagnetDAC 5.87701365734 ===>> OK
Magnet settling time: 1.049
Get Checksum: -1097334291
GetData ===>> H2,-0.14917796234516,H1,1500.84594301973,AX,362.688389433144,L1,4.78079507223406,L2,1.20856661619...
setting magnet DAC
current  : 5.877014
requested: 5.878048
Delta Dac: 0.001034
Checking detector protection. dv=0.00103
Checking detector "CDD". Protection Threshold: 0.1 (V)
SetMagnetDAC 5.8780481401 ===>> OK
Magnet settling time: 1.049
GetData ===>> H2,-0.136247389876887,H1,1499.54845649175,AX,362.765849526203,L1,4.87542054593681,L2,1.2066633455...
setting magnet DAC
current  : 5.878048
requested: 5.879083
Delta Dac: 0.001034
Checking detector protection. dv=0.00103
Checking detector "CDD". Protection Threshold: 0.1 (V)
SetMagnetDAC 5.87908262286 ===>> OK
Magnet settling time: 1.049
GetData ===>> H2,-0.114719574146803,H1,1499.11373043349,AX,362.712236344737,L1,4.8673237836445,L2,1.35410622818...
setting magnet DAC
current  : 5.879083
requested: 5.880117
Delta Dac: 0.001034
Checking detector protection. dv=0.00103
Checking detector "CDD". Protection Threshold: 0.1 (V)
SetMagnetDAC 5.88011710561 ===>> OK
Magnet settling time: 1.049
Get Checksum: -1097334291
GetData ===>> H2,-0.166950776190992,H1,1499.25714434182,AX,362.663415468223,L1,4.89760851055741,L2,1.3008630594...
setting magnet DAC
current  : 5.880117
requested: 5.881152
Delta Dac: 0.001034
Checking detector protection. dv=0.00103
Checking detector "CDD". Protection Threshold: 0.1 (V)
SetMagnetDAC 5.88115158837 ===>> OK
Magnet settling time: 1.049
GetData ===>> H2,-0.062419035324377,H1,1498.90228617216,AX,362.459248964562,L1,4.94117515624358,L2,1.3156230934...
setting magnet DAC
current  : 5.881152
requested: 5.882186
Delta Dac: 0.001034
Checking detector protection. dv=0.00103
Checking detector "CDD". Protection Threshold: 0.1 (V)
SetMagnetDAC 5.88218607113 ===>> OK
Magnet settling time: 1.049
GetData ===>> H2,-0.125054560096152,H1,1496.85017615025,AX,361.35927683791,L1,4.89394159337037,L2,1.39453940230...
setting magnet DAC
current  : 5.882186
requested: 5.883221
Delta Dac: 0.001034
Checking detector protection. dv=0.00103
Checking detector "CDD". Protection Threshold: 0.1 (V)
Get Checksum: -1097334291
SetMagnetDAC 5.88322055389 ===>> OK
Magnet settling time: 1.049
GetData ===>> H2,-0.120099269684402,H1,1486.9036389377,AX,357.052417919359,L1,4.83474099750237,L2,1.48135354146...
setting magnet DAC
current  : 5.883221
requested: 5.884255
Delta Dac: 0.001034
Checking detector protection. dv=0.00103
Checking detector "CDD". Protection Threshold: 0.1 (V)
SetMagnetDAC 5.88425503665 ===>> OK
Magnet settling time: 1.049
GetData ===>> H2,-0.0622375358646966,H1,1453.47620926384,AX,342.010318155778,L1,4.60565537095126,L2,1.156228922...
setting magnet DAC
current  : 5.884255
requested: 5.885290
Delta Dac: 0.001034
Checking detector protection. dv=0.00103
Checking detector "CDD". Protection Threshold: 0.1 (V)
SetMagnetDAC 5.88528951941 ===>> OK
Magnet settling time: 1.049
Get Checksum: -1097334291
GetData ===>> H2,-0.21938756586301,H1,1345.61099118622,AX,299.339630837698,L1,4.11521657079891,L2,0.92264542007...
setting magnet DAC
current  : 5.885290
requested: 5.886324
Delta Dac: 0.001034
Checking detector protection. dv=0.00103
Checking detector "CDD". Protection Threshold: 0.1 (V)
SetMagnetDAC 5.88632400217 ===>> OK
Magnet settling time: 1.049
GetData ===>> H2,-0.324782285526683,H1,1107.08522072955,AX,221.173200690588,L1,3.3119539252419,L2,0.53369144766...
setting magnet DAC
current  : 5.886324
requested: 5.887358
Delta Dac: 0.001034
Checking detector protection. dv=0.00103
Checking detector "CDD". Protection Threshold: 0.1 (V)
SetMagnetDAC 5.88735848492 ===>> OK
Magnet settling time: 1.049
GetData ===>> H2,-0.388114797263719,H1,745.715471200831,AX,128.979589722315,L1,2.34304850812829,L2,0.2525731128...
setting magnet DAC
current  : 5.887358
requested: 5.888393
Delta Dac: 0.001034
Checking detector protection. dv=0.00103
Checking detector "CDD". Protection Threshold: 0.1 (V)
SetMagnetDAC 5.88839296768 ===>> OK
Magnet settling time: 1.049
Get Checksum: -1097334291
GetData ===>> H2,-0.391932973923557,H1,395.008518993422,AX,57.9673984475109,L1,1.51366678225496,L2,0.0402493674...
setting magnet DAC
current  : 5.888393
requested: 5.889427
Delta Dac: 0.001034
Checking detector protection. dv=0.00103
Checking detector "CDD". Protection Threshold: 0.1 (V)
SetMagnetDAC 5.88942745044 ===>> OK
Magnet settling time: 1.049
GetData ===>> H2,-0.121679138622826,H1,162.541343323024,AX,19.914848952079,L1,0.913680603927404,L2,0.0551962850...
setting magnet DAC
current  : 5.889427
requested: 5.890462
Delta Dac: 0.001034
Checking detector protection. dv=0.00103
Checking detector "CDD". Protection Threshold: 0.1 (V)
SetMagnetDAC 5.8904619332 ===>> OK
Magnet settling time: 1.049
GetData ===>> H2,-0.166961573834487,H1,52.434466886023,AX,5.14891884049479,L1,0.567257010303634,L2,0.0723562203...
setting magnet DAC
current  : 5.890462
requested: 5.891496
Delta Dac: 0.001034
Checking detector protection. dv=0.00103
Checking detector "CDD". Protection Threshold: 0.1 (V)
SetMagnetDAC 5.89149641596 ===>> OK
Magnet settling time: 1.049
Get Checksum: -1097334291
GetData ===>> H2,-0.121549294673818,H1,6.85983965017185,AX,0.140219314975394,L1,0.27373367872272,L2,0.005807437...
setting magnet DAC
current  : 5.891496
requested: 5.892531
Delta Dac: 0.001034
Checking detector protection. dv=0.00103
Checking detector "CDD". Protection Threshold: 0.1 (V)
SetMagnetDAC 5.89253089872 ===>> OK
Magnet settling time: 1.049
GetData ===>> H2,-0.201010160031523,H1,1.29823843783632,AX,-0.136665188661484,L1,0.198171914051094,L2,-0.023909...
setting magnet DAC
current  : 5.892531
requested: 5.893565
Delta Dac: 0.001034
Checking detector protection. dv=0.00103
Checking detector "CDD". Protection Threshold: 0.1 (V)
SetMagnetDAC 5.89356538148 ===>> OK
Magnet settling time: 1.049
Get Checksum: -1097334291
GetData ===>> H2,-0.282708447321208,H1,0.112416918306768,AX,-0.235777976792313,L1,0.142511893867886,L2,-0.08472...
result of _do_sweep=True
result of _calculate_peak_center=([5.8712307121371676, 5.8787758023175289, 5.8863208924978903], [1100.3833139793251, 1500.8317857082702, 1106.2020599914699], 5.8769721951031002, 1500.8317857082702)
Failed to find a valid peak. No peak greater than 1.0. max = 0.0514968618861
new center pos Detector(H1) (Ar40) @ 5.87877580232
GetHighVoltage ===>> 4499.94659342336
GetDeflection H1 ===>> 0
dac uncorrected for HV and deflection 5.87881042208
update mftable H1 Ar40 5.87881042208 message=automated run peakcenter
get initial guess parabolic
get initial guess parabolic
get initial guess parabolic
get initial guess parabolic
get initial guess parabolic
get initial guess parabolic
dump mftable to /Users/jan/PychronDev/setupfiles/spectrometer/mftables/mftable.csv
add to repo msg=modified - automated run peakcenter
sweep finished
locally archiving mftable
setting magnet DAC
current  : 5.893565
requested: 5.878776
Delta Dac: 0.014790
Checking detector protection. dv=0.01479
Checking detector "CDD". Protection Threshold: 0.1 (V)
SetMagnetDAC 5.87877580232 ===>> OK
Magnet settling time: 0.500
setting integration time = 1.048576
SetIntegrationTime 1.048576 ===>> OK
Failed to find a valid peak. No peak greater than 1.0. max = 0.0514968618861
flush and close file /Users/jan/PychronDev/data/isotopes/f1/26da3e-f506-4cf4-931c-7b1447f510fb.h5
finished measure script
executed 226.132928
jan_unknown120_60.py completed successfully
Measurement Finished
08:10:50 -- ******* Measurement Finished *******
Post Measurement Started jan_pump_ms.py
08:10:50 -- ******* Post Measurement Started jan_pump_ms.py *******
testing...
no interpolation path defined
executed 0
Pumping spectrometer
open () {'name': 'O'}
opening name=O desc=---
checking ownership. requestor=129.138.12.150
check software interlocks O
interlocks []
actuate state mode=None-script, software_lock=False
doing actuation None-script open_channel True
Open O ===>> OK
GetValveState O ===>> OK
change switch state (True, True)
update switch state O True args=() kw={} ncanvase=3
08:10:50 -- OPEN   VALVE-O (Jan Ion Pump)
---------------------------------------- open O () result=[(True, True)], time=0.11 sec
action=open, ok=True, locked=[False]
executed 0
jan_pump_ms.py completed successfully
setting _ms_pumptime
Post Measurement Finished
08:10:51 -- ******* Post Measurement Finished *******
$$$$$$$$$$$$$$$$$$$$ state at run end measurement
state changed from measurement to success
post measurement save measured=True aborted=False
Set filtering
setting fod for Ar40= {'filter_outliers': True, 'std_devs': 2, 'iterations': 1}
setting fod for H1= {'filter_outliers': True, 'std_devs': 2, 'iterations': 1}
setting fod for PM41= {'filter_outliers': False, 'std_devs': 2, 'iterations': 1}
setting fod for H2= {'filter_outliers': True, 'std_devs': 2, 'iterations': 1}
setting fod for Ar36= {'filter_outliers': True, 'std_devs': 2, 'iterations': 1}
setting fod for CDD= {'filter_outliers': True, 'std_devs': 10, 'iterations': 1}
setting fod for Ar37= {'filter_outliers': True, 'std_devs': 2, 'iterations': 1}
setting fod for L2= {'filter_outliers': True, 'std_devs': 2, 'iterations': 1}
setting fod for Ar38= {'filter_outliers': True, 'std_devs': 2, 'iterations': 1}
setting fod for L1= {'filter_outliers': True, 'std_devs': 2, 'iterations': 1}
setting fod for Ar39= {'filter_outliers': True, 'std_devs': 2, 'iterations': 1}
setting fod for AX= {'filter_outliers': True, 'std_devs': 2, 'iterations': 1}
persistence save...
persistence save - db
post measurement save
4974305008 connecting to database sqlite:////Users/jan/PychronDev/.appdata/local_lab.db
connected to db sqlite:////Users/jan/PychronDev/.appdata/local_lab.db
create new session 4974305008
close session 4974305008
No database instance. Not saving post measurement to isotopedb database
$$$$$$$$$$$$$$$ auto_save_detector_ic=False
massspec enabled True
create new session 5054761584
MassSpec Database Version: 16.0
close session 5054761584
saving post measurement to secondary database
saving to massspec database 129.138.12.160/massspecdata
setting labnumber to 25364
setting aliquot to 7
setting step to 
setting uuid to f126da3e-f506-4cf4-931c-7b1447f510fb
setting irradpos to 25364
setting extract_device to Fusions CO2
setting tray to 
setting position to 197
setting power_requested to 5.0
setting extract_value to 5.0
setting duration to 30.0
setting duration_at_request to 30.0
setting first_stage_delay to 30.0
setting cleanup to 30.0
setting comment to F:1 0.37 mg Glass bead making
setting irradiation to NM-289
setting level to F
setting irradiation_level to F
setting sample to FC-2
setting material to Sanidine
setting project to Irradiation-NM-289
setting mass_spectrometer to Jan
no attribute chron_dosages
no attribute production_ratios
no attribute interference_corrections
no attribute production_name
no attribute j
Reference Isotope=Ar40
Reference Detector=H1
%%%%%%%%%%%%%%%%%%%% Comment: F:1 0.37 mg Glass bead making %%%%%%%%%%%%%%%%%%%
adding isotope PM41 H2
add baseline dbdet= PM41. original det= H2
get baseline data PM41 H2
Get data baseline <pychron.processing.isotope.Baseline object at 0x146beb050> len t=60
baseline PM41. v=-0.208906516912, e=0.00746311457607
get signal data PM41 H2
Get data signal PM41 0.14+/-0.07 len t=120
adding isotope Ar40 H1
add baseline dbdet= Ar40. original det= H1
get baseline data Ar40 H1
Get data baseline <pychron.processing.isotope.Baseline object at 0x146bebc50> len t=60
baseline Ar40. v=-0.00804365833999, e=0.00571567402883
get signal data Ar40 H1
Get data signal Ar40 1657.29+/-0.08 len t=120
adding isotope Ar39 AX
add baseline dbdet= Ar39. original det= AX
get baseline data Ar39 AX
Get data baseline <pychron.processing.isotope.Baseline object at 0x146beb390> len t=60
baseline Ar39. v=-0.07700206015, e=0.00603555922776
get signal data Ar39 AX
Get data signal Ar39 400.21+/-0.04 len t=120
adding isotope Ar38 L1
add baseline dbdet= Ar38. original det= L1
get baseline data Ar38 L1
Get data baseline <pychron.processing.isotope.Baseline object at 0x1521abe90> len t=60
baseline Ar38. v=-0.0395465448057, e=0.00495671382552
get signal data Ar38 L1
Get data signal Ar38 5.474+/-0.006 len t=120
adding isotope Ar37 L2
add baseline dbdet= Ar37. original det= L2
get baseline data Ar37 L2
Get data baseline <pychron.processing.isotope.Baseline object at 0x1521ab910> len t=60
baseline Ar37. v=-0.0253239593468, e=0.00632158915807
get signal data Ar37 L2
Get data signal Ar37 1.543+/-0.012 len t=120
adding isotope Ar36 CDD
add baseline dbdet= Ar36. original det= CDD
get baseline data Ar36 CDD
Get data baseline <pychron.processing.isotope.Baseline object at 0x1521ab450> len t=60
baseline Ar36. v=0.000354795905026, e=3.10678289159e-05
get signal data Ar36 CDD
Get data signal Ar36 0.0369+/-0.0005 len t=120
25364-07 added analysis time 0.514404058456s
analysis added to mass spec database
mass spec save time= 0.525
persistence save - dvc
================= post measurement started
create new session 4983039568
close session 4983039568
Get Checksum: -1404555142
---------------- Experiment Queue saving disabled
DVC saving peakcenter
Failed to find a valid peak. No peak greater than 1.0. max = 0.0514968618861
Smart pull ahead: 0 behind: 0
Up-to-date with origin
add to repo msg=modified - ad8224ebc6dbfeb9f5997218dfa5fe690569839d.json
add to repo msg=modified - 64-07.json
add to repo msg=modified - 64-07.dat.json
add to repo msg=modified - 64-07.blan.json
add to repo msg=modified - 64-07.inte.json
add to repo msg=modified - 64-07.icfa.json
add to repo msg=modified - 64-07.base.json
not at valid file /Users/jan/PychronDev/data/.dvc/repositories/Irradiation-NM-289/253/tags/64-07.tags.json
add to repo msg=modified - 64-07.peak.json
Get Checksum: -1404555142
add to repo msg=modified - 64-07.extr.json
not at valid file /Users/jan/PychronDev/data/.dvc/repositories/Irradiation-NM-289/253/monitor/64-07.moni.json
commit message=<COLLECTION>
add to repo msg=modified - 64-07.inte.json
add to repo msg=modified - 64-07.base.json
commit message=<ISOEVO> default collection fits
add to repo msg=modified - 64-07.blan.json
commit message=<BLANKS> preceding bc-02-J-236
Get Checksum: -1404555142
add to repo msg=modified - 64-07.icfa.json
commit message=<ICFactor> default
push repository <pychron.git_archive.repo_manager.GitRepoManager object at 0x14a2a1fb0>
pushing to remote=origin, url=https://github.com
Get Checksum: -1404555142
no changes to meta repo
create new session 4983039568
add association Irradiation-NM-289
get identifier "25364"
setting analysis irradiation position=<pychron.dvc.dvc_orm.IrradiationPositionTbl object at 0x137758550>
close session 4983039568
================= post measurement finished
08:11:04 -- ******* Post Run Check *******
loading queue conditionals post_run_actions
loading system conditionals post_run_actions
loading conditionals from /Users/jan/PychronDev/setupfiles/spectrometer/default_conditionals.yaml
loading queue conditionals post_run_terminations
loading system conditionals post_run_terminations
loading conditionals from /Users/jan/PychronDev/setupfiles/spectrometer/default_conditionals.yaml
Checking default post run terminations n=1
GetDeflection CDD ===>> 50
testing CDD==2000
evaluate ot="CDD.deflection==2000" t="CDD==2000", ctx="{'CDD': 50.0}"
08:11:04 -- ******* Post Run Check Passed *******
08:11:04 -- Automated run 25364-07 success duration: 376.782 s
----------------- finish -----------------
----------------- stop -----------------
retroactive repository identifiers disabled
finish run. runs completed=1
update duration runid=25364-07, duration=376.782113075, md5=301e91d8
loading script "jan_unknown120_60.py"
loading script "jan_pump_ms.py"
loading script "jan_co2.py"
loading script "jan_pump_extraction_line.py"
testing...
no interpolation path defined
executed 213.652928
script duration name:unknown120_60 seconds:214.0
loading script "jan_unknown120_60.py"
loading script "jan_pump_ms.py"
loading script "jan_co2.py"
loading script "jan_pump_extraction_line.py"
testing...
no interpolation path defined
executed 0
loading script "jan_unknown120_60.py"
loading script "jan_pump_ms.py"
loading script "jan_co2.py"
loading script "jan_pump_extraction_line.py"
testing...
no interpolation path defined
calculate duration
testing...
no interpolation path defined
executed 0
calculate duration
testing...
no interpolation path defined
executed 0
executed 0.0
script duration name:co2 seconds:0.0
loading script "jan_unknown120_60.py"
loading script "jan_pump_ms.py"
loading script "jan_co2.py"
loading script "jan_pump_extraction_line.py"
testing...
no interpolation path defined
calculate duration
testing...
no interpolation path defined
executed 4.0
executed 4.0
Script duration 214.0
Run total estimated duration= 215.000
unknown120_60 in script context. using previous estimated duration
script duration name:unknown120_60 seconds:214.0
pump_ms in script context. using previous estimated duration
co2 in script context. using previous estimated duration
script duration name:co2 seconds:0.0
pump_extraction_line in script context. using previous estimated duration
Script duration 214.0
Run total estimated duration= 215.000
script duration name:unknown120_60 seconds:214.0
script duration name:co2 seconds:0.0
Script duration 214.0
Run total estimated duration= 215.000
script duration name:unknown120_60 seconds:214.0
script duration name:co2 seconds:0.0
Script duration 214.0
Run total estimated duration= 215.000
loading script "jan_ic_peak_hop3.py"
loading script "jan_pump_ms.py"
loading script "jan_air_x1.py"
loading script "jan_pump_extraction_line.py"
testing...
no interpolation path defined
executed 133.8
script duration name:ic_peak_hop3 seconds:134.0
loading script "jan_ic_peak_hop3.py"
loading script "jan_pump_ms.py"
loading script "jan_air_x1.py"
loading script "jan_pump_extraction_line.py"
testing...
no interpolation path defined
calculate duration
testing...
no interpolation path defined
executed 0
calculate duration
testing...
no interpolation path defined
executed 0
calculate duration
testing...
no interpolation path defined
executed 32.0
calculate duration
testing...
no interpolation path defined
executed 34.0
calculate duration
testing...
no interpolation path defined
executed 4.0
calculate duration
testing...
no interpolation path defined
executed 36.0
executed 106.0
script duration name:air_x1 seconds:106.0
Script duration 240.0
Run total estimated duration= 241.000
ic_peak_hop3 in script context. using previous estimated duration
script duration name:ic_peak_hop3 seconds:134.0
air_x1 in script context. using previous estimated duration
script duration name:air_x1 seconds:106.0
Script duration 240.0
Run total estimated duration= 241.000
script duration name:ic_peak_hop3 seconds:134.0
script duration name:air_x1 seconds:106.0
Script duration 240.0
Run total estimated duration= 241.000
loading script "jan_unknown400_120.py"
loading script "jan_pump_ms.py"
loading script "jan_co2.py"
loading script "jan_pump_extraction_line.py"
testing...
no interpolation path defined
executed 556.052928
script duration name:unknown400_120 seconds:556.0
script duration name:co2 seconds:0.0
Script duration 556.0
Run total estimated duration= 557.000
unknown400_120 in script context. using previous estimated duration
script duration name:unknown400_120 seconds:556.0
loading script "jan_unknown400_120.py"
loading script "jan_pump_ms.py"
loading script "jan_sniffair_x2.py"
loading script "jan_pump_extraction_line.py"
testing...
no interpolation path defined
calculate duration
testing...
no interpolation path defined
executed 0
calculate duration
testing...
no interpolation path defined
executed 0
calculate duration
testing...
no interpolation path defined
executed 32.0
calculate duration
testing...
no interpolation path defined
executed 34.0
calculate duration
testing...
no interpolation path defined
executed 4.0
calculate duration
testing...
no interpolation path defined
executed 36.0
calculate duration
testing...
no interpolation path defined
executed 34.0
calculate duration
testing...
no interpolation path defined
executed 4.0
calculate duration
testing...
no interpolation path defined
executed 36.0
calculate duration
testing...
no interpolation path defined
executed 70.0
executed 250.0
script duration name:sniffair_x2 seconds:250.0
Script duration 806.0
Run total estimated duration= 807.000
loading script "jan_co2_whiff_120_60_large.py"
loading script "jan_pump_ms.py"
loading script "jan_co2.py"
loading script "jan_pump_extraction_line.py"
testing...
no interpolation path defined
executed 266.04
script duration name:co2_whiff_120_60_large seconds:266.0
script duration name:co2 seconds:0.0
Script duration 266.0
Run total estimated duration= 267.000
co2_whiff_120_60_large in script context. using previous estimated duration
script duration name:co2_whiff_120_60_large seconds:266.0
script duration name:co2 seconds:0.0
Script duration 266.0
Run total estimated duration= 267.000
script duration name:co2_whiff_120_60_large seconds:266.0
script duration name:co2 seconds:0.0
Script duration 266.0
Run total estimated duration= 267.000
script duration name:co2_whiff_120_60_large seconds:266.0
script duration name:co2 seconds:0.0
Script duration 266.0
Run total estimated duration= 267.000
script duration name:co2_whiff_120_60_large seconds:266.0
script duration name:co2 seconds:0.0
Script duration 266.0
Run total estimated duration= 267.000
script duration name:co2_whiff_120_60_large seconds:266.0
script duration name:co2 seconds:0.0
Script duration 266.0
Run total estimated duration= 267.000
script duration name:co2_whiff_120_60_large seconds:266.0
script duration name:co2 seconds:0.0
Script duration 266.0
Run total estimated duration= 267.000
script duration name:co2_whiff_120_60_large seconds:266.0
script duration name:co2 seconds:0.0
Script duration 266.0
Run total estimated duration= 267.000
script duration name:co2_whiff_120_60_large seconds:266.0
script duration name:co2 seconds:0.0
Script duration 266.0
Run total estimated duration= 267.000
script duration name:co2_whiff_120_60_large seconds:266.0
script duration name:co2 seconds:0.0
Script duration 266.0
Run total estimated duration= 267.000
script duration name:co2_whiff_120_60_large seconds:266.0
script duration name:co2 seconds:0.0
Script duration 266.0
Run total estimated duration= 267.000
script duration name:co2_whiff_120_60_large seconds:266.0
script duration name:co2 seconds:0.0
Script duration 266.0
Run total estimated duration= 267.000
script duration name:co2_whiff_120_60_large seconds:266.0
script duration name:co2 seconds:0.0
Script duration 266.0
Run total estimated duration= 267.000
script duration name:co2_whiff_120_60_large seconds:266.0
script duration name:co2 seconds:0.0
Script duration 266.0
Run total estimated duration= 267.000
script duration name:co2_whiff_120_60_large seconds:266.0
script duration name:co2 seconds:0.0
Script duration 266.0
Run total estimated duration= 267.000
script duration name:unknown400_120 seconds:556.0
script duration name:co2 seconds:0.0
Script duration 556.0
Run total estimated duration= 557.000
script duration name:co2_whiff_120_60_large seconds:266.0
script duration name:co2 seconds:0.0
Script duration 266.0
Run total estimated duration= 267.000
script duration name:co2_whiff_120_60_large seconds:266.0
script duration name:co2 seconds:0.0
Script duration 266.0
Run total estimated duration= 267.000
script duration name:co2_whiff_120_60_large seconds:266.0
script duration name:co2 seconds:0.0
Script duration 266.0
Run total estimated duration= 267.000
script duration name:co2_whiff_120_60_large seconds:266.0
script duration name:co2 seconds:0.0
Script duration 266.0
Run total estimated duration= 267.000
script duration name:co2_whiff_120_60_large seconds:266.0
script duration name:co2 seconds:0.0
Script duration 266.0
Run total estimated duration= 267.000
script duration name:co2_whiff_120_60_large seconds:266.0
script duration name:co2 seconds:0.0
Script duration 266.0
Run total estimated duration= 267.000
script duration name:co2_whiff_120_60_large seconds:266.0
script duration name:co2 seconds:0.0
Script duration 266.0
Run total estimated duration= 267.000
script duration name:co2_whiff_120_60_large seconds:266.0
script duration name:co2 seconds:0.0
Script duration 266.0
Run total estimated duration= 267.000
script duration name:co2_whiff_120_60_large seconds:266.0
script duration name:co2 seconds:0.0
Script duration 266.0
Run total estimated duration= 267.000
script duration name:co2_whiff_120_60_large seconds:266.0
script duration name:co2 seconds:0.0
Script duration 266.0
Run total estimated duration= 267.000
script duration name:unknown400_120 seconds:556.0
sniffair_x2 in script context. using previous estimated duration
script duration name:sniffair_x2 seconds:250.0
Script duration 806.0
Run total estimated duration= 807.000
script duration name:co2_whiff_120_60_large seconds:266.0
script duration name:co2 seconds:0.0
Script duration 266.0
Run total estimated duration= 267.000
script duration name:co2_whiff_120_60_large seconds:266.0
script duration name:co2 seconds:0.0
Script duration 266.0
Run total estimated duration= 267.000
script duration name:co2_whiff_120_60_large seconds:266.0
script duration name:co2 seconds:0.0
Script duration 266.0
Run total estimated duration= 267.000
script duration name:co2_whiff_120_60_large seconds:266.0
script duration name:co2 seconds:0.0
Script duration 266.0
Run total estimated duration= 267.000
script duration name:co2_whiff_120_60_large seconds:266.0
script duration name:co2 seconds:0.0
Script duration 266.0
Run total estimated duration= 267.000
script duration name:unknown400_120 seconds:556.0
script duration name:co2 seconds:0.0
Script duration 556.0
Run total estimated duration= 557.000
script duration name:unknown400_120 seconds:556.0
loading script "jan_unknown400_120.py"
loading script "jan_pump_ms.py"
loading script "jan_cocktail_x1.py"
loading script "jan_pump_extraction_line.py"
testing...
no interpolation path defined
calculate duration
testing...
no interpolation path defined
executed 0
calculate duration
testing...
no interpolation path defined
executed 0
calculate duration
testing...
no interpolation path defined
executed 32.0
calculate duration
testing...
no interpolation path defined
executed 34.0
calculate duration
testing...
no interpolation path defined
executed 4.0
calculate duration
testing...
no interpolation path defined
executed 38.0
executed 108.0
script duration name:cocktail_x1 seconds:108.0
Script duration 664.0
Run total estimated duration= 665.000
script duration name:unknown400_120 seconds:556.0
cocktail_x1 in script context. using previous estimated duration
script duration name:cocktail_x1 seconds:108.0
Script duration 664.0
Run total estimated duration= 665.000
script duration name:ic_peak_hop3 seconds:134.0
script duration name:air_x1 seconds:106.0
Script duration 240.0
Run total estimated duration= 241.000
script duration name:co2_whiff_120_60_large seconds:266.0
script duration name:co2 seconds:0.0
Script duration 266.0
Run total estimated duration= 267.000
script duration name:co2_whiff_120_60_large seconds:266.0
script duration name:co2 seconds:0.0
Script duration 266.0
Run total estimated duration= 267.000
script duration name:co2_whiff_120_60_large seconds:266.0
script duration name:co2 seconds:0.0
Script duration 266.0
Run total estimated duration= 267.000
script duration name:co2_whiff_120_60_large seconds:266.0
script duration name:co2 seconds:0.0
Script duration 266.0
Run total estimated duration= 267.000
script duration name:co2_whiff_120_60_large seconds:266.0
script duration name:co2 seconds:0.0
Script duration 266.0
Run total estimated duration= 267.000
script duration name:co2_whiff_120_60_large seconds:266.0
script duration name:co2 seconds:0.0
Script duration 266.0
Run total estimated duration= 267.000
script duration name:co2_whiff_120_60_large seconds:266.0
script duration name:co2 seconds:0.0
Script duration 266.0
Run total estimated duration= 267.000
script duration name:co2_whiff_120_60_large seconds:266.0
script duration name:co2 seconds:0.0
Script duration 266.0
Run total estimated duration= 267.000
script duration name:co2_whiff_120_60_large seconds:266.0
script duration name:co2 seconds:0.0
Script duration 266.0
Run total estimated duration= 267.000
script duration name:co2_whiff_120_60_large seconds:266.0
script duration name:co2 seconds:0.0
Script duration 266.0
Run total estimated duration= 267.000
script duration name:co2_whiff_120_60_large seconds:266.0
script duration name:co2 seconds:0.0
Script duration 266.0
Run total estimated duration= 267.000
script duration name:co2_whiff_120_60_large seconds:266.0
script duration name:co2 seconds:0.0
Script duration 266.0
Run total estimated duration= 267.000
script duration name:co2_whiff_120_60_large seconds:266.0
script duration name:co2 seconds:0.0
Script duration 266.0
Run total estimated duration= 267.000
script duration name:co2_whiff_120_60_large seconds:266.0
script duration name:co2 seconds:0.0
Script duration 266.0
Run total estimated duration= 267.000
script duration name:co2_whiff_120_60_large seconds:266.0
script duration name:co2 seconds:0.0
Script duration 266.0
Run total estimated duration= 267.000
script duration name:unknown400_120 seconds:556.0
script duration name:co2 seconds:0.0
Script duration 556.0
Run total estimated duration= 557.000
script duration name:co2_whiff_120_60_large seconds:266.0
script duration name:co2 seconds:0.0
Script duration 266.0
Run total estimated duration= 267.000
nruns=62 before=5.0, run_dur=19278.0, btw=1830.0
write rem/ex queues
/Users/jan/PychronDev/experiments/rem/CurrentExperiment.rem.txt
/Users/jan/PychronDev/experiments/rem/CurrentExperiment.ex.txt
doing event level: 3
