do run
loading script "jan_unknown120_60.py"
loading script "jan_pump_ms.py"
loading script "jan_co2.py"
loading script "jan_pump_extraction_line.py"
testing...
no interpolation path defined
executed 213.652928
script duration name:unknown120_60 seconds:214.0
loading script "jan_unknown120_60.py"
loading script "jan_pump_ms.py"
loading script "jan_co2.py"
loading script "jan_pump_extraction_line.py"
testing...
no interpolation path defined
executed 0
loading script "jan_unknown120_60.py"
loading script "jan_pump_ms.py"
loading script "jan_co2.py"
loading script "jan_pump_extraction_line.py"
testing...
no interpolation path defined
calculate duration
testing...
no interpolation path defined
executed 0
calculate duration
testing...
no interpolation path defined
executed 0
executed 0.0
script duration name:co2 seconds:0.0
loading script "jan_unknown120_60.py"
loading script "jan_pump_ms.py"
loading script "jan_co2.py"
loading script "jan_pump_extraction_line.py"
testing...
no interpolation path defined
calculate duration
testing...
no interpolation path defined
executed 4.0
executed 4.0
Script duration 214.0
Run total estimated duration= 215.000
run duration: 0:03:35
doing event level: 2
09:06:17 -- Setting default integration. t=1.048576
setting integration time = 1.048576
SetIntegrationTime 1.048576 ===>> OK
----------------- start -----------------
**************** Experiment Type: Ar/Ar, Ar/Ar
close session 4993359504
$$$$$ Clearing conditionals
adding conditionals 
Add queue conditionals
add default conditionals
adding default conditionals from /Users/jan/PychronDev/setupfiles/spectrometer/default_conditionals.yaml
Start automated run 25364-10
loading script "jan_unknown120_60.py"
loading script "jan_pump_ms.py"
loading script "jan_co2.py"
loading script "jan_pump_extraction_line.py"
%%%%%%%%%%%%%%%%%% setting automated run 25364-10
No value "sensitivity_multiplier" in metadata
$$$$$$$$$$$$$$$ auto_save_detector_ic=False
============================= Pre Extraction Check =============================
loading queue conditionals pre_run_terminations
loading system conditionals pre_run_terminations
loading conditionals from /Users/jan/PychronDev/setupfiles/spectrometer/default_conditionals.yaml
09:06:17 -- ******* Pre Extraction Check *******
Get a measurement from the spectrometer
GetData ===>> H2,-0.0796105053939103,H1,-0.0204818678464889,AX,-0.0629830503807386,L1,-0.0525566874008402,L2,-0...
Pre Extraction Termination data. keys=H2,H1,AX,L1,L2,CDD, signals=-0.07961,-0.02048,-0.06298,-0.05256,-0.00198,0.00000
09:06:17 -- testing system defined conditionals
Checking default pre extraction terminations n=2
testing CDD
evaluate ot="CDD.inactive" t="CDD", ctx="{'CDD': False}"
GetDeflection CDD ===>> 50
testing CDD==2000
evaluate ot="CDD.deflection==2000" t="CDD==2000", ctx="{'CDD': 50.0}"
09:06:17 -- ******* Pre Extraction Check Passed *******
=================================================================================
09:06:17 -- stopping status monitor
stop 5052903792
Alive clients [4983293136]
09:06:17 -- starting status monitor
start 5052903792
Monitor already running
start extraction
do extraction
Analysis started at 09:06:17.569892
Extraction Started jan_co2.py
09:06:17 -- ******* Extraction Started jan_co2.py *******
state changed from not run to extraction
DO EXTRACTION <pychron.extraction_line.pyscript_runner.RemotePyScriptRunner object at 0x12b93d0b0>
testing...
no interpolation path defined
calculate duration
testing...
no interpolation path defined
executed 0
calculate duration
testing...
no interpolation path defined
executed 0
executed 100.0
Jan CO2 laser analysis
doing GOSUB
testing...
no interpolation path defined
executed 0
Waiting for CO2 access
wait ('FelixCO2Flag', 0) {}
waiting for FelixCO2Flag = 0
Read FelixCO2Flag ===>> 0
finished waiting
CO2 free
wait ('CO2PumpTimeFlag', 0) {}
waiting for CO2PumpTimeFlag = 0
Read CO2PumpTimeFlag ===>> 0
finished waiting
acquire ('JanCO2Flag',) {'clear': True}
acquire JanCO2Flag
Set JanCO2Flag 1 ===>> OK
JanCO2Flag acquired
set extraction state False (0.75, 'red', 1.5)
CO2 acquired
executed 0
WaitForCO2Access.py completed successfully
gosub finished
doing GOSUB
testing...
no interpolation path defined
executed 0
Prepare for CO2 analysis
close () {'description': 'Jan Inlet'}
closing name=--- desc=Jan Inlet
checking ownership. requestor=129.138.12.150
check software interlocks R
interlocks []
actuate state mode=None-script, software_lock=False
doing actuation None-script close_channel False
Close R ===>> OK
Get Checksum: 2035439760
GetValveState R ===>> False
change switch state (True, True)
update switch state R False args=() kw={} ncanvase=3
09:06:17 -- CLOSE  VALVE-R (Jan Inlet)
---------------------------------------- close None (Jan Inlet) result=[(True, True)]
action=close, ok=True, locked=[False]
open () {'description': 'Jan Ion Pump'}
opening name=--- desc=Jan Ion Pump
checking ownership. requestor=129.138.12.150
check software interlocks O
interlocks []
actuate state mode=None-script, software_lock=False
doing actuation None-script open_channel False
Open O ===>> OK
GetValveState O ===>> OK
change switch state (True, True)
update switch state O True args=() kw={} ncanvase=3
09:06:18 -- OPEN   VALVE-O (Jan Ion Pump)
---------------------------------------- open None (Jan Ion Pump) result=[(True, True)], time=0.13 sec
action=open, ok=True, locked=[False]
close () {'description': 'Microbone to Minibone'}
closing name=--- desc=Microbone to Minibone
checking ownership. requestor=129.138.12.150
check software interlocks L
interlocks []
actuate state mode=None-script, software_lock=False
doing actuation None-script close_channel False
Close L ===>> OK
GetValveState L ===>> False
change switch state (True, True)
update switch state L False args=() kw={} ncanvase=3
09:06:19 -- CLOSE  VALVE-L (Microbone to Minibone)
---------------------------------------- close None (Microbone to Minibone) result=[(True, True)]
action=close, ok=True, locked=[False]
open () {'description': 'Microbone to Turbo'}
opening name=--- desc=Microbone to Turbo
checking ownership. requestor=129.138.12.150
check software interlocks U
interlocks []
actuate state mode=None-script, software_lock=False
doing actuation None-script open_channel False
Open U ===>> OK
GetValveState U ===>> OK
change switch state (True, True)
update switch state U True args=() kw={} ncanvase=3
09:06:19 -- OPEN   VALVE-U (Microbone to Turbo)
---------------------------------------- open None (Microbone to Turbo) result=[(True, True)], time=0.14 sec
action=open, ok=True, locked=[False]
open () {'description': 'Microbone to Inlet Pipette'}
opening name=--- desc=Microbone to Inlet Pipette
checking ownership. requestor=129.138.12.150
check software interlocks S
interlocks []
actuate state mode=None-script, software_lock=False
doing actuation None-script open_channel False
Open S ===>> OK
GetValveState S ===>> OK
change switch state (True, True)
update switch state S True args=() kw={} ncanvase=3
09:06:20 -- OPEN   VALVE-S (Microbone to Inlet Pipette)
---------------------------------------- open None (Microbone to Inlet Pipette) result=[(True, True)], time=0.40 sec
action=open, ok=True, locked=[False]
open () {'description': 'Microbone to Getter D-50'}
opening name=--- desc=Microbone to Getter D-50
checking ownership. requestor=129.138.12.150
check software interlocks K
interlocks []
actuate state mode=None-script, software_lock=False
doing actuation None-script open_channel False
Open K ===>> OK
GetValveState K ===>> OK
change switch state (True, True)
update switch state K True args=() kw={} ncanvase=3
09:06:20 -- OPEN   VALVE-K (Microbone to Getter D-50)
---------------------------------------- open None (Microbone to Getter D-50) result=[(True, True)], time=0.41 sec
action=open, ok=True, locked=[False]
open () {'description': 'Microbone to Getter NP-10'}
opening name=--- desc=Microbone to Getter NP-10
checking ownership. requestor=129.138.12.150
check software interlocks M
interlocks []
actuate state mode=None-script, software_lock=False
doing actuation None-script open_channel False
Get Checksum: 2035439760
Open M ===>> OK
GetValveState M ===>> OK
change switch state (True, True)
update switch state M True args=() kw={} ncanvase=3
09:06:21 -- OPEN   VALVE-M (Microbone to Getter NP-10)
---------------------------------------- open None (Microbone to Getter NP-10) result=[(True, True)], time=0.15 sec
action=open, ok=True, locked=[False]
close () {'description': 'CO2 Laser to Felix'}
closing name=--- desc=CO2 Laser to Felix
checking ownership. requestor=129.138.12.150
check software interlocks F
interlocks []
actuate state mode=None-script, software_lock=True
VALVE-F(CO2 Laser to Felix) software locked
change switch state (True, False)
---------------------------------------- close None (CO2 Laser to Felix) result=[(True, False)]
action=close, ok=True, locked=[True]
open () {'description': 'CO2 Laser to Jan'}
opening name=--- desc=CO2 Laser to Jan
checking ownership. requestor=129.138.12.150
check software interlocks A
interlocks []
actuate state mode=None-script, software_lock=False
doing actuation None-script open_channel False
Open A ===>> OK
GetValveState A ===>> OK
change switch state (True, True)
update switch state A True args=() kw={} ncanvase=3
09:06:21 -- OPEN   VALVE-A (CO2 Laser to Jan)
---------------------------------------- open None (CO2 Laser to Jan) result=[(True, True)], time=0.13 sec
action=open, ok=True, locked=[False]
open () {'description': 'Microbone to CO2 Laser'}
opening name=--- desc=Microbone to CO2 Laser
checking ownership. requestor=129.138.12.150
check software interlocks T
interlocks []
actuate state mode=None-script, software_lock=False
doing actuation None-script open_channel False
Open T ===>> OK
GetValveState T ===>> OK
change switch state (True, True)
update switch state T True args=() kw={} ncanvase=3
09:06:22 -- OPEN   VALVE-T (Microbone to CO2 Laser)
---------------------------------------- open None (Microbone to CO2 Laser) result=[(True, True)], time=0.40 sec
action=open, ok=True, locked=[False]
executed 0
PrepareForCO2Analysis.py completed successfully
gosub finished
set_motor ('beam', '1.25') {}
setting motor "beam" to 1.25
set motor beam to 1.25
SetMotor beam,1.25 ===>> OK
GetMotorMoving beam ===>> False
GetMotorMoving beam ===>> False
Block completed
move_to_position ('197',) {'autocenter': True}
FusionsCO2 move to position 197
sending GoToHole 197,True
GoToHole 197,True ===>> OK
Get Checksum: 2035439760
GetDriveMoving ===>> OK
GetDriveMoving ===>> OK
GetDriveMoving ===>> OK
GetDriveMoving ===>> OK
GetDriveMoving ===>> OK
GetDriveMoving ===>> OK
GetDriveMoving ===>> OK
GetDriveMoving ===>> OK
GetDriveMoving ===>> OK
GetDriveMoving ===>> OK
GetDriveMoving ===>> OK
Get Checksum: 2035439760
GetDriveMoving ===>> OK
GetDriveMoving ===>> OK
GetDriveMoving ===>> OK
GetDriveMoving ===>> False
GetDriveMoving ===>> OK
GetDriveMoving ===>> OK
GetDriveMoving ===>> OK
GetDriveMoving ===>> OK
GetDriveMoving ===>> OK
GetDriveMoving ===>> False
Block completed
Get Checksum: 2035439760
GetAutoCorrecting ===>> False
GetAutoCorrecting ===>> False
Block completed
update position
GetPosition ===>> -9.96950,-11.96340,1.00000
got position (-9.9695, -11.9634, 1.0)
move to position succeeded
sleep (5,) {}
SLEEP 5.0
block started
WaitControl setup for 5.0  
Get Checksum: 2035439760
Join finished
block finished. duration 5.00935101509
close () {'description': 'Microbone to Turbo'}
closing name=--- desc=Microbone to Turbo
checking ownership. requestor=129.138.12.150
check software interlocks U
interlocks []
actuate state mode=None-script, software_lock=False
doing actuation None-script close_channel True
Close U ===>> OK
GetValveState U ===>> False
change switch state (True, True)
update switch state U False args=() kw={} ncanvase=3
09:06:35 -- CLOSE  VALVE-U (Microbone to Turbo)
---------------------------------------- close None (Microbone to Turbo) result=[(True, True)]
Get Checksum: -1640178555
action=close, ok=True, locked=[False]
enable laser
enable () {}
set extraction state FusionsCO2 Enabled (False, 'red', 1.5)
enabling laser
Enable ===>> OK
begin interval
BEGIN INTERVAL Interval 1 waiting for 30.0
block started
WaitControl setup for 30.0  
set extract to 7.0
extract (7.0,) {}
GetPosition ===>> -9.96950,-11.96340,1.00000
set extraction state FusionsCO2 ON! 7.0(watts) (0.75, 'red', 1.5)
extract sample to 7.0 (watts)
set laser output
SetLaserOutput 7.0,watts ===>> OK
executing pattern triangle.lp
execute_pattern ('triangle.lp',) {}
executing pattern triangle.lp
IsPatterning ===>> OK
IsPatterning ===>> OK
Get Checksum: -1640178555
IsPatterning ===>> OK
IsPatterning ===>> OK
IsPatterning ===>> OK
Get Checksum: -1640178555
IsPatterning ===>> OK
IsPatterning ===>> OK
IsPatterning ===>> OK
Get Checksum: -1640178555
IsPatterning ===>> OK
IsPatterning ===>> OK
IsPatterning ===>> OK
Get Checksum: -1640178555
IsPatterning ===>> OK
IsPatterning ===>> OK
IsPatterning ===>> OK
Get Checksum: -1640178555
IsPatterning ===>> OK
IsPatterning ===>> OK
Get Checksum: -1640178555
IsPatterning ===>> OK
IsPatterning ===>> OK
IsPatterning ===>> OK
Get Checksum: -1640178555
IsPatterning ===>> OK
IsPatterning ===>> OK
IsPatterning ===>> OK
Get Checksum: -1640178555
IsPatterning ===>> OK
IsPatterning ===>> OK
IsPatterning ===>> OK
Get Checksum: -1640178555
IsPatterning ===>> OK
IsPatterning ===>> OK
IsPatterning ===>> OK
Get Checksum: -1640178555
IsPatterning ===>> False
Join finished
block finished. duration 30.0387630463
Interval 1 finished
IsPatterning ===>> False
Block completed
COMPLETE INTERVAL waiting for Interval 1 to complete
end_extract () {}
ending extraction. set laser power to 0
set laser power 0
SetLaserPower 0 ===>> OK
disable () {}
%%%%%%%%%%%%%%%%%%%%%%%%%%%%%%%%%%% disable
set extraction state False (0.75, 'red', 1.5)
disabling laser
Disable ===>> OK
sleep (30.0,) {}
SLEEP 30.0
block started
WaitControl setup for 30.0  
Get Checksum: -1640178555
Get Checksum: -1640178555
Get Checksum: -1640178555
Get Checksum: -1640178555
Get Checksum: -1640178555
Get Checksum: -1640178555
Get Checksum: -1640178555
Get Checksum: -1640178555
Get Checksum: -1640178555
Get Checksum: -1640178555
Get Checksum: -1640178555
Get Checksum: -1640178555
Get Checksum: -1640178555
Get Checksum: -1640178555
Get Checksum: -1640178555
Get Checksum: -1640178555
Get Checksum: -1640178555
Get Checksum: -1640178555
Get Checksum: -1640178555
Join finished
continuing script after 58.484 s
block finished. duration 58.4842112064
executed 165.0
jan_co2.py completed successfully
GetAchievedOutput ===>> No Response
Requested Output= 0.000
Achieved Output=  0.000
GetResponseBlob ===>> No Response
GetOutputBlob ===>> No Response
persistence save...
persistence save - db
AutomatedRunPersister post_extraction_save deprecated
persistence save - dvc
no extraction position for 197
create new session 4983039568
close session 4983039568
Extraction Finished
09:08:06 -- ******* Extraction Finished *******
no overlap. not waiting for min ms pumptime
09:08:06 -- Sending spectrometer configuration
======== Sending configuration ========
SetDeflection CDD,50.0 ===>> OK
SetDeflection H2,0.0 ===>> OK
SetDeflection H1,0.0 ===>> OK
SetDeflection L2,825.0 ===>> OK
SetDeflection L1,400.0 ===>> OK
SetDeflection AX,190.0 ===>> OK
SetZFocus 74.64 ===>> OK
SetZSymmetry -50.72 ===>> OK
SetExtractionLens 26.13 ===>> OK
SetIonRepeller -3.81 ===>> OK
SetElectronEnergy 75.08 ===>> OK
SetYSymmetry -2.81 ===>> OK
SetIonCounterVoltage 1590.0 ===>> OK
send trap current 200.0
GetParameter Trap Current Readback ===>> 198.035158395898
SetParameter Trap Current Set,200.0 ===>> OK
updating mftable name mftable
Using mftable located at /Users/jan/PychronDev/setupfiles/spectrometer/mftables/mftable.csv
============ MFtable ===========
Isotope  H2     H1     AX     L1     L2     CDD    
Ar40     5.7732 5.8785 5.9920 6.1131 6.2302 6.3413
Ar39     5.6724 5.7707 5.8844 5.9992 6.1154 6.2278
Ar36     5.3499 5.4398 5.5478 5.6580 5.7703 5.8789
================================
get initial guess parabolic
get initial guess parabolic
get initial guess parabolic
get initial guess parabolic
get initial guess parabolic
get initial guess parabolic
======== Configuration Finished ========
GetYSymmetry ===>> -2.81
GetZSymmetry ===>> -50.72
GetParameter Trap Current Readback ===>> 197.587621314778
GetHighVoltage ===>> 4499.94659342336
start measurement
do measurement
L#=25364 analysis type=unknown
Measurement Started jan_unknown120_60.py
09:08:06 -- ******* Measurement Started jan_unknown120_60.py *******
state changed from extraction to measurement
setting spec, defl, and gains
GetExtractionLens ===>> 26.13
GetYSymmetry ===>> -2.81
GetZSymmetry ===>> -50.72
GetZFocus ===>> 74.64
GetDeflection H2 ===>> 0
GetDeflection H1 ===>> 0
GetDeflection AX ===>> 190
GetDeflection L1 ===>> 400
GetDeflection L2 ===>> 825
GetDeflection CDD ===>> 50
GetGain H2 ===>> 0.0113
GetGain H1 ===>> 0.1
GetGain AX ===>> 0.097049
GetGain L1 ===>> 0.010355
GetGain L2 ===>> 0.095649
GetGain CDD ===>> 0
pre measurement save
New frame /Users/jan/PychronDev/data/isotopes/ae/a07130-1e61-48f3-bd60-34136d16d095.h5
flush and close file /Users/jan/PychronDev/data/isotopes/ae/a07130-1e61-48f3-bd60-34136d16d095.h5
testing...
no interpolation path defined
executed 226.132928
unknown measurement script
activate_detectors ('H2', 'H1', 'AX', 'L1', 'L2', 'CDD') {}
activate detectors
*************** Set Analysis View Ar/Ar
create graphs
clearing graphs
clear isotope group
setting isotope det=H2, iso=PM41
setting isotope det=H1, iso=Ar40
setting isotope det=AX, iso=Ar39
setting isotope det=L1, iso=Ar38
setting isotope det=L2, iso=Ar37
setting isotope det=CDD, iso=Ar36
setting previous blanks
 - setting Ar40 blank 0.672+/-0.007
 - setting Ar36 blank 0.00638+/-0.00019
 - setting Ar37 blank 0.046+/-0.005
 - setting Ar38 blank 0.0136+/-0.0022
 - setting PM41 blank 0.04+/-0.07
 - setting Ar39 blank 0.036+/-0.009
load analysis view
position_magnet ('Ar40',) {'detector': 'H1'}
detector Detector(H1)
POSITION Ar40 H1
setting detector H2 to PM41 (40.9624)
setting detector H1 to Ar40 (39.9624)
setting detector AX to Ar39 (38.9624)
setting detector L1 to Ar38 (37.9624)
setting detector L2 to Ar37 (36.9624)
setting detector CDD to Ar36 (35.9624)
Mapping mass to dac mass func: "parabolic"
H1 map mass coeffs = [-0.00063987  0.15840543  0.57008999]
H1 map mass to dac 39.9624 >> 5.87848
GetDeflection H1 ===>> 0
GetHighVoltage ===>> 4499.94659342336
positioning Ar40 (5.87844538218) on H1
setting magnet DAC
current  : 5.301499
requested: 5.878445
Delta Dac: 0.576947
Checking detector protection. dv=0.57695
Checking detector "CDD". Protection Threshold: 0.1 (V)
ProtectDetector CDD,On ===>> OK
GetDeflection CDD ===>> 2000
SetMagnetDAC 5.87844538218 ===>> OK
Magnet settling time: 0.500
GetMagnetMoving ===>> True
GetMagnetMoving ===>> True
GetMagnetMoving ===>> True
GetMagnetMoving ===>> True
Get Checksum: -1640178555
GetMagnetMoving ===>> True
GetMagnetMoving ===>> True
GetMagnetMoving ===>> True
GetMagnetMoving ===>> True
GetMagnetMoving ===>> False
ProtectDetector CDD,Off ===>> OK
GetDeflection CDD ===>> 50
equilibrate () {'delay': 3, 'inlet': 'R', 'outlet': 'O', 'eqtime': 12.0}
Equilibration Started
09:08:09 -- ******* Equilibration Started *******
checking ownership. requestor=129.138.12.150
check software interlocks O
interlocks []
actuate state mode=None-script, software_lock=False
doing actuation None-script close_channel True
Close O ===>> OK
GetValveState O ===>> False
change switch state (True, True)
update switch state O False args=() kw={} ncanvase=3
09:08:09 -- CLOSE  VALVE-O (Jan Ion Pump)
waiting 3s before opening inlet value ('R',)
Get Checksum: -423938523
checking ownership. requestor=129.138.12.150
check software interlocks R
interlocks []
actuate state mode=None-script, software_lock=False
doing actuation None-script open_channel True
Open R ===>> OK
GetValveState R ===>> OK
change switch state (True, True)
update switch state R True args=() kw={} ncanvase=3
09:08:13 -- OPEN   VALVE-R (Jan Inlet)
set_time_zero () {}
equilibrating for 12.0sec
sniff (12.0,) {}
py_sniff
build tables- sniff [Detector(H2), Detector(H1), Detector(AX), Detector(L1), Detector(L2), Detector(CDD)]
add group /sniff/PM41 (Group) '' table H2
add group /sniff/Ar40 (Group) '' table H1
add group /sniff/Ar39 (Group) '' table AX
add group /sniff/Ar38 (Group) '' table L1
add group /sniff/Ar37 (Group) '' table L2
add group /sniff/Ar36 (Group) '' table CDD
flush and close file /Users/jan/PychronDev/data/isotopes/ae/a07130-1e61-48f3-bd60-34136d16d095.h5
measuring sniff. ncounts=12.0
starting measurement
GetData ===>> H2,-0.214578540326974,H1,0.0500861343562644,AX,0.0323487547223951,L1,-0.0335387956772819,L2,0.034...
Get Checksum: -173909521
GetData ===>> H2,0.75737842116586,H1,36.0922710352448,AX,10.0727725934815,L1,0.141775883687908,L2,0.26022574386...
GetData ===>> H2,0.784528182693344,H1,81.6252786954427,AX,20.327221584108,L1,0.332567303645882,L2,0.21580642079...
GetData ===>> H2,0.193364532802665,H1,96.3919875936812,AX,23.1690058642276,L1,0.302901487336224,L2,0.1085434606...
Get Checksum: -173909521
GetData ===>> H2,0.105514208968723,H1,101.170302027346,AX,23.9105067692359,L1,0.324116412204977,L2,0.1156571448...
GetData ===>> H2,0.0644740321577223,H1,103.101579959839,AX,24.1850457601736,L1,0.30332516313879,L2,0.0559445785...
GetData ===>> H2,-0.0671487137674341,H1,103.705768239678,AX,24.1262187493557,L1,0.32077320131321,L2,0.171616040...
Get Checksum: -173909521
GetData ===>> H2,-0.0301058646040895,H1,103.970128359913,AX,24.2713686982195,L1,0.332414830729122,L2,0.01793016...
GetData ===>> H2,-0.00732235259036844,H1,104.344382141223,AX,24.2997404740256,L1,0.292596422056039,L2,0.0323177...
GetData ===>> H2,-0.0104384560382253,H1,104.336905047164,AX,24.2902910991832,L1,0.278698649387922,L2,0.15844160...
Get Checksum: -173909521
GetData ===>> H2,-0.112104576327286,H1,104.222888569571,AX,24.2012016750808,L1,0.283376480828925,L2,0.090613394...
Equilibration Finished
09:08:25 -- ******* Equilibration Finished *******
checking ownership. requestor=129.138.12.150
check software interlocks R
interlocks []
actuate state mode=None-script, software_lock=False
doing actuation None-script close_channel True
GetData ===>> H2,-0.120632229499566,H1,104.441565987284,AX,24.2284595926809,L1,0.286676791489119,L2,0.072470847...
Close R ===>> OK
GetValveState R ===>> False
change switch state (True, True)
update switch state R False args=() kw={} ncanvase=3
09:08:26 -- CLOSE  VALVE-R (Jan Inlet)
Post Equilibration Started jan_pump_extraction_line.py
09:08:26 -- ******* Post Equilibration Started jan_pump_extraction_line.py *******
testing...
no interpolation path defined
calculate duration
testing...
no interpolation path defined
executed 4.0
executed 4.0
Pump after analysis
doing GOSUB
testing...
no interpolation path defined
executed 4.0
Pump Microbone
close () {'description': 'Jan Inlet'}
closing name=--- desc=Jan Inlet
checking ownership. requestor=129.138.12.150
check software interlocks R
interlocks []
actuate state mode=None-script, software_lock=False
doing actuation None-script close_channel False
Close R ===>> OK
measurement finished
estimated time: 12.583 actual time: :12.678
flush and close file /Users/jan/PychronDev/data/isotopes/ae/a07130-1e61-48f3-bd60-34136d16d095.h5
set_fits () {}
using default fits file=/Users/jan/PychronDev/scripts/measurement/fits/nominal_linear.yaml
set "Ar40" to "('Linear', 'SEM')"
No fit for "PM41". defaulting to linear. check the measurement script "jan_unknown120_60.py"
set "PM41" to "linear"
set "Ar36" to "('Linear', 'SEM')"
set "Ar37" to "('linear', 'SEM')"
set "Ar38" to "('linear', 'SEM')"
set "Ar39" to "('Linear', 'SEM')"
set_baseline_fits () {}
GetValveState R ===>> False
change switch state (True, True)
using default fits file=/Users/jan/PychronDev/scripts/measurement/fits/nominal_linear.yaml
update switch state R False args=() kw={} ncanvase=3
set "H1" to "('average', 'SEM')"
set "H2" to "('average', 'SEM')"
set "CDD" to "('average', 'SEM')"
set "L2" to "('average', 'SEM')"
set "L1" to "('average', 'SEM')"
set "AX" to "('average', 'SEM')"
09:08:26 -- CLOSE  VALVE-R (Jan Inlet)
multicollect () {'integration_time': 1, 'ncounts': 120}
---------------------------------------- close None (Jan Inlet) result=[(True, True)]
build tables- signal [Detector(H2), Detector(H1), Detector(AX), Detector(L1), Detector(L2), Detector(CDD)]
add group /signal/PM41 (Group) '' table H2
add group /signal/Ar40 (Group) '' table H1
add group /signal/Ar39 (Group) '' table AX
add group /signal/Ar38 (Group) '' table L1
add group /signal/Ar37 (Group) '' table L2
add group /signal/Ar36 (Group) '' table CDD
flush and close file /Users/jan/PychronDev/data/isotopes/ae/a07130-1e61-48f3-bd60-34136d16d095.h5
measuring signal. ncounts=120
action=close, ok=True, locked=[False]
is_closed ('F',) {}
is F () closed?
is closed True
open () {'description': 'CO2 Laser to Jan'}
opening name=--- desc=CO2 Laser to Jan
checking ownership. requestor=129.138.12.150
check software interlocks A
interlocks []
actuate state mode=None-script, software_lock=False
doing actuation None-script open_channel False
Open A ===>> OK
GetValveState A ===>> OK
change switch state (True, True)
update switch state A True args=() kw={} ncanvase=3
09:08:26 -- OPEN   VALVE-A (CO2 Laser to Jan)
---------------------------------------- open None (CO2 Laser to Jan) result=[(True, True)], time=0.13 sec
Get Checksum: -423938523
starting measurement
GetData ===>> H2,0.0833735248821108,H1,104.386293330714,AX,24.3488249590848,L1,0.334086057864448,L2,0.135370740...
action=open, ok=True, locked=[False]
sleep (1,) {}
SLEEP 1.0
GetData ===>> H2,-0.0401257925667369,H1,104.339554655,AX,24.289377528829,L1,0.346908508543933,L2,0.098170285675...
close () {'description': 'CO2 Laser to Roughing'}
closing name=--- desc=CO2 Laser to Roughing
checking ownership. requestor=129.138.12.150
check software interlocks G
interlocks []
actuate state mode=None-script, software_lock=True
VALVE-G(CO2 Laser to Roughing) software locked
change switch state (True, False)
---------------------------------------- close None (CO2 Laser to Roughing) result=[(True, False)]
action=close, ok=True, locked=[True]
open () {'description': 'Microbone to Turbo'}
opening name=--- desc=Microbone to Turbo
checking ownership. requestor=129.138.12.150
check software interlocks U
interlocks []
actuate state mode=None-script, software_lock=False
doing actuation None-script open_channel True
Open U ===>> OK
GetValveState U ===>> OK
change switch state (True, True)
update switch state U True args=() kw={} ncanvase=3
09:08:28 -- OPEN   VALVE-U (Microbone to Turbo)
---------------------------------------- open None (Microbone to Turbo) result=[(True, True)], time=0.14 sec
action=open, ok=True, locked=[False]
open () {'description': 'Microbone to Getter NP-10'}
opening name=--- desc=Microbone to Getter NP-10
checking ownership. requestor=129.138.12.150
check software interlocks M
interlocks []
actuate state mode=None-script, software_lock=False
doing actuation None-script open_channel False
Open M ===>> OK
GetValveState M ===>> OK
change switch state (True, True)
update switch state M True args=() kw={} ncanvase=3
09:08:28 -- OPEN   VALVE-M (Microbone to Getter NP-10)
---------------------------------------- open None (Microbone to Getter NP-10) result=[(True, True)], time=0.17 sec
action=open, ok=True, locked=[False]
open () {'description': 'Microbone to Getter D-50'}
opening name=--- desc=Microbone to Getter D-50
checking ownership. requestor=129.138.12.150
check software interlocks K
interlocks []
actuate state mode=None-script, software_lock=False
doing actuation None-script open_channel False
GetData ===>> H2,-0.071003132130124,H1,104.298019189858,AX,24.2264247959545,L1,0.322313987049415,L2,0.199339611...
Open K ===>> OK
GetValveState K ===>> OK
change switch state (True, True)
update switch state K True args=() kw={} ncanvase=3
09:08:29 -- OPEN   VALVE-K (Microbone to Getter D-50)
---------------------------------------- open None (Microbone to Getter D-50) result=[(True, True)], time=0.41 sec
action=open, ok=True, locked=[False]
open () {'description': 'Microbone to CO2 Laser'}
opening name=--- desc=Microbone to CO2 Laser
checking ownership. requestor=129.138.12.150
check software interlocks T
interlocks []
actuate state mode=None-script, software_lock=False
doing actuation None-script open_channel False
Open T ===>> OK
GetValveState T ===>> OK
change switch state (True, True)
update switch state T True args=() kw={} ncanvase=3
09:08:30 -- OPEN   VALVE-T (Microbone to CO2 Laser)
---------------------------------------- open None (Microbone to CO2 Laser) result=[(True, True)], time=0.40 sec
GetData ===>> H2,0.00853735690063264,H1,104.378432969471,AX,24.2363252203624,L1,0.320037830965996,L2,0.17066924...
action=open, ok=True, locked=[False]
open () {'description': 'Microbone to Inlet Pipette'}
opening name=--- desc=Microbone to Inlet Pipette
checking ownership. requestor=129.138.12.150
check software interlocks S
interlocks []
actuate state mode=None-script, software_lock=False
doing actuation None-script open_channel False
Open S ===>> OK
Get Checksum: -110011688
GetValveState S ===>> OK
change switch state (True, True)
update switch state S True args=() kw={} ncanvase=3
09:08:30 -- OPEN   VALVE-S (Microbone to Inlet Pipette)
---------------------------------------- open None (Microbone to Inlet Pipette) result=[(True, True)], time=0.42 sec
action=open, ok=True, locked=[False]
sleep (1,) {}
SLEEP 1.0
GetData ===>> H2,-0.0120546334481598,H1,104.144380158739,AX,24.1965072166922,L1,0.299083474793956,L2,0.10711850...
set_resource () {'name': 'CO2PumpTimeFlag', 'value': 30}
Set CO2PumpTimeFlag 30 ===>> OK
release ('JanCO2Flag',) {}
release JanCO2Flag
Set JanCO2Flag 0 ===>> OK
executed 6.0
PumpMicrobone.py completed successfully
gosub finished
get_resource_value () {'name': 'JanMiniboneFlag'}
Read JanMiniboneFlag ===>> 0
Get Resource Value JanMiniboneFlag=0.0
get resource value 0.0
get_resource_value () {'name': 'JanMiniboneFlag'}
Read JanMiniboneFlag ===>> 0
Get Resource Value JanMiniboneFlag=0.0
executed 4.0
jan_pump_extraction_line.py completed successfully
Post Equilibration Finished
09:08:31 -- ******* Post Equilibration Finished *******
GetData ===>> H2,-0.0792446551472656,H1,104.105174617974,AX,24.1940818254213,L1,0.300357744469208,L2,0.15846441...
GetData ===>> H2,-0.209541141309143,H1,104.159905588358,AX,24.310656062934,L1,0.313731426938602,L2,0.0227295957...
Get Checksum: -110011688
GetData ===>> H2,-0.253235935267039,H1,104.188457650716,AX,24.1734290582419,L1,0.281875697137328,L2,0.080196577...
GetData ===>> H2,-0.226045781604109,H1,104.068879511025,AX,24.2075134309514,L1,0.284996699124551,L2,0.183617193...
GetData ===>> H2,-0.152502413538942,H1,104.025597767678,AX,24.12736552814,L1,0.27910145198829,L2,0.040333354588...
Get Checksum: -110011688
GetData ===>> H2,-0.204616059621599,H1,104.143201306473,AX,24.2545109414999,L1,0.267453367343647,L2,0.191500899...
GetData ===>> H2,-0.20161818852996,H1,104.146828573395,AX,24.1113745416956,L1,0.270205771555197,L2,0.1397609606...
GetData ===>> H2,-0.207637390021577,H1,104.054106510026,AX,24.1328519884164,L1,0.27831898293618,L2,0.2050792797...
Get Checksum: -110011688
GetData ===>> H2,-0.122700255413786,H1,104.083182592848,AX,24.1341552260705,L1,0.283513921802244,L2,0.202203697...
GetData ===>> H2,-0.185869507040699,H1,103.90419715628,AX,24.0284406484404,L1,0.287499298073846,L2,0.0955144777...
Get Checksum: -110011688
GetData ===>> H2,-0.175001578780579,H1,103.936633621006,AX,24.1375176509121,L1,0.284557560514558,L2,0.185978814...
GetData ===>> H2,-0.10081763286578,H1,103.931758649045,AX,24.1104225700537,L1,0.281250812419658,L2,0.1587381491...
GetData ===>> H2,-0.0624434694479058,H1,103.816893535975,AX,24.2427172744053,L1,0.260295580158796,L2,0.09488758...
Get Checksum: -110011688
GetData ===>> H2,-0.165074529393605,H1,103.687282411362,AX,24.0708643894427,L1,0.282436336873383,L2,0.142372381...
GetData ===>> H2,-0.115642530007654,H1,103.711888431544,AX,24.1188431640044,L1,0.298013990576157,L2,0.112886849...
GetData ===>> H2,-0.0682229827028797,H1,103.657992138937,AX,24.0901201610519,L1,0.304054462330295,L2,0.19325799...
Get Checksum: -110011688
GetData ===>> H2,-0.174454803252929,H1,103.66695240772,AX,23.9757434402413,L1,0.307931944604779,L2,0.1445163090...
GetData ===>> H2,-0.136021197545726,H1,103.637232506292,AX,24.0398693271374,L1,0.319993929930743,L2,0.155213855...
GetData ===>> H2,0.0247362180895668,H1,103.731844141977,AX,24.0073196322882,L1,0.302875921254778,L2,0.039603600...
Get Checksum: -110011688
09:08:52 -- collecting point 25
GetData ===>> H2,-0.164001284526565,H1,103.617910463951,AX,24.0880079880852,L1,0.286547824570278,L2,0.038953668...
GetData ===>> H2,-0.112415917168328,H1,103.598264983889,AX,24.1065104448015,L1,0.291088197097336,L2,0.066357278...
GetData ===>> H2,-0.194948248271429,H1,103.594734498742,AX,23.9310391267589,L1,0.314441967824807,L2,0.185020468...
Get Checksum: -110011688
GetData ===>> H2,-0.153249728528284,H1,103.592706770014,AX,23.9785437653154,L1,0.294356908090758,L2,0.124162339...
GetData ===>> H2,-0.279120834938313,H1,103.484606474173,AX,24.0574903373227,L1,0.305147899834071,L2,0.144630349...
GetData ===>> H2,-0.248169845747244,H1,103.443205881943,AX,24.1030939698565,L1,0.287196325664843,L2,0.064384138...
Get Checksum: -110011688
GetData ===>> H2,-0.178754041658864,H1,103.629354900831,AX,24.0427494904628,L1,0.302504611566138,L2,0.015513446...
GetData ===>> H2,-0.116670955498995,H1,103.600727319538,AX,23.9603494457388,L1,0.295859526831726,L2,0.059240480...
GetData ===>> H2,-0.314902678131434,H1,103.544610463744,AX,23.9817609714954,L1,0.302435220759566,L2,0.139110967...
Get Checksum: -110011688
GetData ===>> H2,-0.349392373626709,H1,103.563760273092,AX,23.9435513668579,L1,0.267386511636178,L2,0.121163773...
GetData ===>> H2,-0.379509116932912,H1,103.53168842191,AX,23.9298809024065,L1,0.297178457781256,L2,0.1101736332...
GetData ===>> H2,-0.302399364297771,H1,103.438609022377,AX,23.9632144920454,L1,0.327579568085257,L2,0.042043736...
GetData ===>> H2,-0.315089084103812,H1,103.381811287649,AX,23.9833891483537,L1,0.281422439978021,L2,0.058350917...
Get Checksum: -110011688
GetData ===>> H2,-0.28453964456431,H1,103.317204600826,AX,24.0265902791743,L1,0.282460660335194,L2,0.1601068418...
GetData ===>> H2,-0.0365736636291666,H1,103.360917818914,AX,24.014094590944,L1,0.267318440820444,L2,0.144333845...
GetData ===>> H2,-0.0931434221408506,H1,103.401603944246,AX,23.9850303751658,L1,0.296892248699105,L2,0.14115218...
Get Checksum: -110011688
GetData ===>> H2,-0.171626542698341,H1,103.15268712196,AX,23.8915398623799,L1,0.308357047024893,L2,0.2006974741...
GetData ===>> H2,-0.314950956233466,H1,103.192113568955,AX,23.882122765529,L1,0.281577028971582,L2,0.1615097721...
GetData ===>> H2,-0.161086135481183,H1,103.214316922071,AX,23.8411294270906,L1,0.300552675447421,L2,0.012766209...
Get Checksum: -110011688
GetData ===>> H2,-0.148261984726129,H1,103.250232481072,AX,23.8837638609507,L1,0.320324411797173,L2,0.080230766...
GetData ===>> H2,-0.193549297163642,H1,102.9891891602,AX,23.9364292398176,L1,0.32436992275246,L2,0.136910145559...
GetData ===>> H2,-0.17795775958862,H1,103.061473437114,AX,23.8577827437951,L1,0.307332689838059,L2,0.0673951889...
Get Checksum: -110011688
GetData ===>> H2,-0.191187669403769,H1,102.947135572368,AX,23.8928945322842,L1,0.278416331962443,L2,0.091673375...
GetData ===>> H2,-0.204473193508608,H1,102.937093571831,AX,23.858251521259,L1,0.289665386713526,L2,0.1708061308...
GetData ===>> H2,-0.164531844694708,H1,102.970418956731,AX,23.7938525292898,L1,0.273415010328901,L2,0.207646837...
Get Checksum: -110011688
09:09:18 -- collecting point 50
GetData ===>> H2,-0.200013785475639,H1,103.093557627116,AX,23.8724720601172,L1,0.295669556344682,L2,0.244524555...
GetData ===>> H2,-0.141499968096971,H1,102.915928080742,AX,23.8999807715864,L1,0.286175532978142,L2,0.122406513...
GetData ===>> H2,-0.182274556815469,H1,102.927503721176,AX,23.7840664766137,L1,0.300231041327039,L2,0.059468574...
Get Checksum: -110011688
GetData ===>> H2,-0.0790264943990885,H1,102.987635426641,AX,23.8154317910298,L1,0.270234952961864,L2,0.15090276...
GetData ===>> H2,-0.191508513061796,H1,102.940958579613,AX,23.8242703668697,L1,0.264828090535377,L2,0.078384577...
set states for children of V. state=True
handle state [('V', True)]
update switch state V True args=() kw={'refresh': False} ncanvase=3
refresh_canvas_needed fired
GetData ===>> H2,-0.215479378589428,H1,102.87525902033,AX,23.8363513443172,L1,0.27883737719031,L2,0.01624301693...
Get Checksum: -860229079
GetData ===>> H2,-0.18053939944377,H1,102.812786629489,AX,23.8755846776559,L1,0.284646359873793,L2,0.1571527712...
GetData ===>> H2,-0.225554292926056,H1,102.894765545059,AX,23.7307802454085,L1,0.289470663327078,L2,0.043719941...
GetData ===>> H2,-0.0637137281507493,H1,102.820334685864,AX,23.8716515941087,L1,0.277463568284135,L2,0.03647940...
Get Checksum: -860229079
GetData ===>> H2,-0.196264797345322,H1,102.7659356966,AX,23.8235674200849,L1,0.263294560824334,L2,0.09035125081...
GetData ===>> H2,-0.0666603761776782,H1,102.942710508125,AX,23.7799284893587,L1,0.314228678497255,L2,0.09053361...
Get Checksum: -860229079
GetData ===>> H2,-0.0750663527787171,H1,102.821111181895,AX,23.756521884071,L1,0.291116192788268,L2,0.095092746...
GetData ===>> H2,-0.173080832069736,H1,102.648856810526,AX,23.7360654621524,L1,0.279439769774453,L2,0.165855564...
GetData ===>> H2,-0.185796675101998,H1,102.641276450712,AX,23.7081061838134,L1,0.257625844641798,L2,0.168091272...
Get Checksum: -860229079
GetData ===>> H2,-0.205035212992043,H1,102.523883482283,AX,23.7388904242719,L1,0.296511055008392,L2,0.161760704...
GetData ===>> H2,-0.319427850072369,H1,102.656076553644,AX,23.8044854446029,L1,0.271888702352386,L2,0.120513906...
GetData ===>> H2,-0.283411135586037,H1,102.680770677069,AX,23.7822056642064,L1,0.290471094177579,L2,0.162661787...
Get Checksum: -860229079
GetData ===>> H2,-0.161226576713771,H1,102.582866265022,AX,23.7541932077079,L1,0.297726540098631,L2,0.062570710...
GetData ===>> H2,-0.0969493517071622,H1,102.556041581531,AX,23.6958729969708,L1,0.276033981175646,L2,0.06203467...
GetData ===>> H2,-0.231352497525609,H1,102.470971193333,AX,23.6572433451618,L1,0.281405398814861,L2,0.012675016...
Get Checksum: -860229079
GetData ===>> H2,-0.259243169160222,H1,102.439568395357,AX,23.6481246301201,L1,0.304328419543539,L2,0.013529956...
GetData ===>> H2,-0.179028003729427,H1,102.400671150937,AX,23.6810518547415,L1,0.300745173436885,L2,0.005448227...
GetData ===>> H2,-0.258735185000906,H1,102.456053600826,AX,23.5767882008493,L1,0.302655568632086,L2,0.142725898...
Get Checksum: -860229079
GetData ===>> H2,-0.205934116555894,H1,102.558747285636,AX,23.7175032431212,L1,0.29863154924309,L2,0.0123900377...
GetData ===>> H2,-0.145230722035889,H1,102.254546895651,AX,23.7110345435363,L1,0.275426923464463,L2,0.200868634...
09:09:44 -- collecting point 75
GetData ===>> H2,-0.0879742567650266,H1,102.15904636319,AX,23.6498806715161,L1,0.282247832008829,L2,0.135575993...
Get Checksum: -860229079
GetData ===>> H2,-0.13197361635146,H1,102.371950953363,AX,23.6595979445296,L1,0.28043775085224,L2,0.10915904707...
GetData ===>> H2,-0.167729529833521,H1,102.24634589786,AX,23.6887679665829,L1,0.262959207864586,L2,0.1067195242...
GetData ===>> H2,-0.168763286460525,H1,102.239749374034,AX,23.6553831174833,L1,0.26391426377776,L2,0.1708745736...
Get Checksum: -860229079
GetData ===>> H2,-0.143459408766142,H1,102.292457506253,AX,23.6026855016882,L1,0.299243054358374,L2,0.093850360...
GetData ===>> H2,-0.126498544437967,H1,102.213816650421,AX,23.5853809512523,L1,0.314111675955441,L2,0.080310541...
GetData ===>> H2,-0.166308297880703,H1,102.170467213371,AX,23.6078735010442,L1,0.279628405062642,L2,0.124926247...
Get Checksum: -860229079
GetData ===>> H2,-0.19336733994555,H1,102.112127496564,AX,23.5773211656862,L1,0.265689738870526,L2,0.0647377040...
GetData ===>> H2,-0.186061025828444,H1,102.204716922503,AX,23.5041514888478,L1,0.288738049840878,L2,0.109660638...
Get Checksum: -860229079
GetData ===>> H2,-0.195934341339211,H1,102.146905900721,AX,23.5445025361195,L1,0.259788568434346,L2,0.129258977...
GetData ===>> H2,-0.141543214578634,H1,102.013145235046,AX,23.5809739947442,L1,0.291510575022091,L2,0.125416520...
GetData ===>> H2,-0.183174413190507,H1,102.092506024543,AX,23.6594938727666,L1,0.297196726718242,L2,0.195197679...
Get Checksum: -860229079
GetData ===>> H2,-0.106654795102875,H1,102.061844692358,AX,23.5612163773949,L1,0.303203415420448,L2,0.080094010...
GetData ===>> H2,-0.186414382974701,H1,101.931558397795,AX,23.5818579717518,L1,0.279560252556406,L2,0.003316770...
GetData ===>> H2,-0.172716602722098,H1,101.899228463316,AX,23.4842610410083,L1,0.251085758138949,L2,0.086396384...
Get Checksum: -860229079
GetData ===>> H2,-0.15769341075293,H1,101.879802275039,AX,23.4208568274998,L1,0.277064480421164,L2,0.2624615267...
GetData ===>> H2,-0.145644123755652,H1,101.746137212502,AX,23.5250988807681,L1,0.258148552044056,L2,0.084071409...
GetData ===>> H2,-0.201111275683684,H1,101.769971597975,AX,23.4075672786999,L1,0.240779755015921,L2,0.033663155...
Get Checksum: -860229079
GetData ===>> H2,-0.195159827938695,H1,101.897878091396,AX,23.3928506361529,L1,0.314708890449646,L2,0.164156005...
GetData ===>> H2,-0.191341351954769,H1,101.762416140168,AX,23.4824671789161,L1,0.303025666355688,L2,0.071296008...
GetData ===>> H2,-0.206599825171482,H1,101.81718378152,AX,23.3835644566981,L1,0.268669002050526,L2,0.1507088794...
Get Checksum: -860229079
GetData ===>> H2,-0.209652958206634,H1,101.865958814789,AX,23.5348132822329,L1,0.300530745526772,L2,0.057906139...
GetData ===>> H2,-0.131354113012972,H1,101.798145995441,AX,23.465128032799,L1,0.286963931232916,L2,-0.029184904...
GetData ===>> H2,-0.20172469126695,H1,101.745093981959,AX,23.4441661643048,L1,0.267678248847112,L2,0.1571071492...
Get Checksum: -860229079
GetData ===>> H2,-0.207879923922386,H1,101.702679416079,AX,23.3359554957603,L1,0.257088577975667,L2,0.084880585...
09:10:11 -- collecting point 100
GetData ===>> H2,-0.142327028480468,H1,101.660509767413,AX,23.4748500931162,L1,0.253705177740054,L2,0.168068459...
GetData ===>> H2,-0.198843371482096,H1,101.72110534976,AX,23.4866009054634,L1,0.280688478503216,L2,0.0753794930...
Get Checksum: -860229079
GetData ===>> H2,-0.203603827789513,H1,101.897517994256,AX,23.439462318296,L1,0.274281033153028,L2,0.0999826604...
GetData ===>> H2,-0.305752922842856,H1,101.666571828822,AX,23.4863019199861,L1,0.307973357817063,L2,0.115622943...
GetData ===>> H2,-0.296407668387187,H1,101.481739828342,AX,23.4200513541945,L1,0.28779497860783,L2,0.1371268045...
Get Checksum: -860229079
GetData ===>> H2,-0.205843825122741,H1,101.502739604385,AX,23.5110294875051,L1,0.262661530596232,L2,0.006040940...
GetData ===>> H2,-0.181142551947422,H1,101.339992492493,AX,23.4319651709748,L1,0.251327503838635,L2,0.166745279...
Get Checksum: -860229079
GetData ===>> H2,-0.177980704092747,H1,101.297439667438,AX,23.3443099678013,L1,0.2936616868368,L2,-0.0145194920...
GetData ===>> H2,-0.195730667728242,H1,101.397141070716,AX,23.3427637575067,L1,0.274260354785517,L2,0.156616714...
GetData ===>> H2,-0.118915576546914,H1,101.404651851395,AX,23.3342664890199,L1,0.253926328378783,L2,0.112031835...
Get Checksum: -860229079
GetData ===>> H2,-0.202250449579093,H1,101.408587074823,AX,23.4168555026158,L1,0.271610221376119,L2,0.061795167...
GetData ===>> H2,-0.207014862534319,H1,101.296703005545,AX,23.3806034357066,L1,0.270365054415209,L2,0.200765938...
GetData ===>> H2,-0.268881685163222,H1,101.212872841444,AX,23.3994748278542,L1,0.286412776051703,L2,0.180012126...
Get Checksum: -860229079
GetData ===>> H2,-0.170659161483099,H1,101.372796494359,AX,23.3589415810825,L1,0.268546216370282,L2,0.065444838...
GetData ===>> H2,-0.0337306198317552,H1,101.272736506857,AX,23.4652450043102,L1,0.267606529342887,L2,0.03939835...
GetData ===>> H2,-0.0255831506170517,H1,101.238230723463,AX,23.29130955465,L1,0.304634042698597,L2,0.0588983398...
Get Checksum: -860229079
GetData ===>> H2,-0.0265410995424437,H1,101.082446632755,AX,23.3516775062927,L1,0.287204842838711,L2,0.13953289...
GetData ===>> H2,-0.129899564296018,H1,101.206767473186,AX,23.1935862006625,L1,0.26883069237824,L2,0.0559787914...
GetData ===>> H2,-0.137574663290335,H1,101.184233622821,AX,23.2230834984134,L1,0.263270259514755,L2,0.165102736...
Get Checksum: -860229079
GetData ===>> H2,-0.0941011194337591,H1,101.024343502515,AX,23.2914394261222,L1,0.280860096609776,L2,0.14303380...
GetData ===>> H2,-0.211198073691567,H1,101.154402074959,AX,23.242462884742,L1,0.254746571805721,L2,0.0121734547...
measurement finished
estimated time: 125.829 actual time: :126.104
flush and close file /Users/jan/PychronDev/data/isotopes/ae/a07130-1e61-48f3-bd60-34136d16d095.h5
baselines () {'settling_time': 15.0, 'detector': 'H1', 'mass': 34.2, 'ncounts': 60}
%%%%%%%%%%%%%%%%%%%%%%%%%%%%%%%% Baseline
build tables- baseline [Detector(H2), Detector(H1), Detector(AX), Detector(L1), Detector(L2), Detector(CDD)]
add group baseline table H2
add group baseline table H1
add group baseline table AX
add group baseline table L1
add group baseline table L2
add group baseline table CDD
flush and close file /Users/jan/PychronDev/data/isotopes/ae/a07130-1e61-48f3-bd60-34136d16d095.h5
detector Detector(H1)
POSITION 34.2 H1
Mapping mass to dac mass func: "parabolic"
H1 map mass coeffs = [-0.00063987  0.15840543  0.57008999]
H1 map mass to dac 34.2 >> 5.23913599104
GetDeflection H1 ===>> 0
GetHighVoltage ===>> 4499.94659342336
positioning 34.2 (5.23910513826) on H1
setting magnet DAC
current  : 5.878445
requested: 5.239105
Delta Dac: 0.639340
Checking detector protection. dv=0.63934
Checking detector "CDD". Protection Threshold: 0.1 (V)
ProtectDetector CDD,On ===>> OK
GetDeflection CDD ===>> 2000
SetMagnetDAC 5.23910513826 ===>> OK
Magnet settling time: 0.500
Get Checksum: -860229079
GetMagnetMoving ===>> True
GetMagnetMoving ===>> True
GetMagnetMoving ===>> True
GetMagnetMoving ===>> True
GetMagnetMoving ===>> True
GetMagnetMoving ===>> True
GetMagnetMoving ===>> True
GetMagnetMoving ===>> True
GetMagnetMoving ===>> True
GetMagnetMoving ===>> False
ProtectDetector CDD,Off ===>> OK
GetDeflection CDD ===>> 50
Delaying 15.0s for detectors to settle
Get Checksum: -860229079
Get Checksum: -860229079
Get Checksum: -860229079
set states for children of B. state=False
set states for children of D. state=False
handle state [('B', False), ('D', False)]
update switch state B False args=() kw={'refresh': True} ncanvase=3
update switch state D False args=() kw={'refresh': False} ncanvase=3
refresh_canvas_needed fired
Get Checksum: -2064761812
Get Checksum: -2064761812
Join finished
measuring baseline. ncounts=60
starting measurement
GetData ===>> H2,-0.218324920602809,H1,-0.00454727287910726,AX,-0.0539862527940787,L1,-0.0347790459165754,L2,0....
GetData ===>> H2,-0.204998824086857,H1,-0.0356149988177677,AX,-0.136043084767277,L1,-0.0326479351601809,L2,-0.0...
Get Checksum: -2064761812
GetData ===>> H2,-0.27265897444619,H1,-0.0287224932047135,AX,-0.0536500161419699,L1,-0.019244373090743,L2,-0.00...
GetData ===>> H2,-0.19717653611287,H1,-0.102631191070634,AX,-0.0572673977585524,L1,-0.032798812251802,L2,-0.072...
GetData ===>> H2,-0.163873028340047,H1,-0.0257530841132112,AX,-0.102415382058681,L1,-0.0541688773722046,L2,-0.0...
Get Checksum: -2064761812
GetData ===>> H2,-0.0874923967793661,H1,0.0354077105769292,AX,0.0335788539014523,L1,-0.0359809376069251,L2,-0.0...
GetData ===>> H2,-0.204975912493904,H1,-0.00335446162649229,AX,-0.0662754848901289,L1,-0.00475030986658251,L2,-...
GetData ===>> H2,-0.208643871713935,H1,0.0263033957665694,AX,-0.000521628905284215,L1,-0.0173772896727176,L2,0....
Get Checksum: -2064761812
GetData ===>> H2,-0.126821658102102,H1,-0.105348083405876,AX,-0.134674794917713,L1,-0.0537229635875583,L2,0.032...
GetData ===>> H2,-0.306316612426302,H1,-0.0784857400615511,AX,-0.156785392684859,L1,-0.0386154894653171,L2,-0.0...
GetData ===>> H2,-0.32414415903458,H1,-0.030403926755551,AX,0.116258832921355,L1,-0.0131967053047595,L2,-0.1073...
Get Checksum: -2064761812
GetData ===>> H2,-0.21479938026444,H1,-0.043854378302499,AX,0.086929323730476,L1,0.006766277580644,L2,-0.030882...
GetData ===>> H2,-0.249210953385891,H1,-0.0262181781028435,AX,-0.0883110604191153,L1,0.000849752247855157,L2,-0...
GetData ===>> H2,-0.240918437701815,H1,-0.00738610648960398,AX,-0.0982897608433216,L1,-0.0443781854261487,L2,-0...
Get Checksum: -2064761812
GetData ===>> H2,-0.217087907387703,H1,-0.0698081627029666,AX,-0.0747726972059772,L1,-0.0281505189146073,L2,-0....
GetData ===>> H2,-0.154037531675812,H1,0.0111035409598117,AX,0.0473547053492119,L1,-0.0116623959798264,L2,0.064...
GetData ===>> H2,-0.199490619992459,H1,0.0156966603485522,AX,-0.10451289205245,L1,-0.0155746318813146,L2,-0.045...
Get Checksum: -2064761812
GetData ===>> H2,-0.277457034921919,H1,0.0379374968004999,AX,-0.0394110668331841,L1,-0.00181687530778779,L2,-0....
GetData ===>> H2,-0.294602558522071,H1,-0.00777971992034203,AX,-0.0405242845211621,L1,-0.0250412752014217,L2,0....
GetData ===>> H2,-0.286118024118032,H1,-0.0317395134171726,AX,-0.0468438727666528,L1,-0.0459332596125235,L2,-0....
Get Checksum: -2064761812
GetData ===>> H2,-0.171409327609781,H1,-0.0502689392874121,AX,-0.20648400180175,L1,-0.0661711577117162,L2,-0.02...
GetData ===>> H2,-0.2195914387551,H1,0.0132509471695965,AX,-0.0734164388678892,L1,-0.0567174656063074,L2,0.0485...
GetData ===>> H2,-0.166486467785638,H1,-0.00943765041105922,AX,-0.0275707449442434,L1,-0.0478303875353387,L2,-0...
Get Checksum: -2064761812
GetData ===>> H2,-0.0508147618918791,H1,-0.0405634774080397,AX,-0.0655335375410604,L1,-0.0324455647123117,L2,0....
09:11:16 -- collecting point 25
GetData ===>> H2,-0.114152501011413,H1,-0.0222111435996151,AX,-0.146849579124264,L1,-0.000630061227446557,L2,-0...
Get Checksum: -2064761812
GetData ===>> H2,-0.181764561479816,H1,0.0127260213977688,AX,-0.132795889167606,L1,-0.0500968959104501,L2,-0.03...
GetData ===>> H2,-0.256986630831639,H1,-0.00416557482478803,AX,-0.100723434969222,L1,-0.0317414275060057,L2,-0....
GetData ===>> H2,-0.243886036232869,H1,-0.0637167213864974,AX,-0.12994594739856,L1,-0.0494303992714494,L2,-0.03...
Get Checksum: -2064761812
GetData ===>> H2,-0.211324691058446,H1,-0.0576368309600948,AX,-0.053847120527228,L1,-0.0431210211378069,L2,-0.0...
GetData ===>> H2,-0.164673593206042,H1,-0.0634425382032731,AX,-0.0828634866476711,L1,-0.0373420292437308,L2,-0....
GetData ===>> H2,-0.11222369904847,H1,-0.0728477843601414,AX,-0.00230812311175581,L1,-0.0334657576647377,L2,0.0...
Get Checksum: -2064761812
GetData ===>> H2,-0.126379571399387,H1,-0.104502041510046,AX,-0.0217022356710953,L1,-0.0224153424199568,L2,0.04...
GetData ===>> H2,-0.254644944869579,H1,-0.129145545824838,AX,-0.134616816109182,L1,-0.00185047367034243,L2,0.03...
GetData ===>> H2,-0.248452326303606,H1,-0.0453447869451782,AX,-0.0645249437912024,L1,-0.00450199085142597,L2,-0...
Get Checksum: -2064761812
GetData ===>> H2,-0.205881558943675,H1,-0.0131828023794743,AX,-0.0745292676142325,L1,-0.0437627932265694,L2,-0....
GetData ===>> H2,-0.200988588575415,H1,-0.00767237095640179,AX,0.0134930474834926,L1,-0.0476628322995555,L2,-0....
GetData ===>> H2,-0.316707601866116,H1,-0.0140415435910366,AX,-0.0896439309623133,L1,-0.0285650121211384,L2,0.0...
Get Checksum: -2064761812
GetData ===>> H2,-0.280252723165972,H1,0.00574715622929674,AX,-0.047319274734769,L1,-0.0495632234943081,L2,-0.0...
GetData ===>> H2,-0.317191636944079,H1,-0.0260750724900614,AX,-0.0787138534670581,L1,-0.0524095475537753,L2,-0....
GetData ===>> H2,-0.185591664166068,H1,-0.0537383539149559,AX,-0.0731498217575142,L1,-0.00518335397824887,L2,0....
set states for children of C. state=False
handle state [('C', False)]
update switch state C False args=() kw={'refresh': False} ncanvase=3
refresh_canvas_needed fired
Get Checksum: 968834110
GetData ===>> H2,-0.129852259801497,H1,-0.0867811818531681,AX,0.00936268481118827,L1,-0.0111756833739,L2,0.0021...
GetData ===>> H2,-0.213872900883154,H1,-0.11565492072314,AX,-0.0509252969712736,L1,-0.0349611962687385,L2,-0.08...
set states for children of B. state=True
handle state [('B', True)]
update switch state B True args=() kw={'refresh': False} ncanvase=3
refresh_canvas_needed fired
GetData ===>> H2,-0.168844255580809,H1,-0.0342794638727771,AX,-0.111905964452787,L1,-0.00707365528804299,L2,-0....
Get Checksum: -1735986017
GetData ===>> H2,-0.205740056466046,H1,0.0117358280033787,AX,-0.0683969593770673,L1,0.0143097830727238,L2,-0.02...
GetData ===>> H2,-0.199126547261755,H1,-0.055121317282114,AX,-0.0829330320646156,L1,-0.0288872508155415,L2,-0.0...
GetData ===>> H2,-0.235550871485696,H1,-0.0935624329702954,AX,-0.0643974196990733,L1,-0.0401690601500721,L2,0.0...
Get Checksum: -1735986017
GetData ===>> H2,-0.183507625216253,H1,-0.142047082513996,AX,-0.158292486949357,L1,-0.00729312793632166,L2,-0.0...
GetData ===>> H2,-0.257017545364211,H1,-0.0236183942315503,AX,0.00512808480405114,L1,-0.0231429059181697,L2,0.0...
GetData ===>> H2,-0.257532327089749,H1,0.00559207586270385,AX,-0.111732152585273,L1,-0.00888925772895748,L2,-0....
Get Checksum: -1735986017
09:11:43 -- collecting point 50
GetData ===>> H2,-0.197289823964156,H1,-0.0159856110590216,AX,-0.11248533510173,L1,-0.0423678445265922,L2,-0.12...
GetData ===>> H2,-0.0540754706908801,H1,-0.0734080182743789,AX,-0.0371845932554406,L1,7.44132829829875E-05,L2,-...
Get Checksum: -1735986017
GetData ===>> H2,-0.128995338533254,H1,0.0213279929855982,AX,-0.0844862000916965,L1,-0.0129078415013743,L2,-0.0...
GetData ===>> H2,-0.206293927495401,H1,-0.0392518563121723,AX,-0.0976407707948255,L1,-0.0314228730451969,L2,-0....
GetData ===>> H2,-0.150549754227325,H1,0.0134179695833182,AX,-0.0832691675458702,L1,0.00415581450151368,L2,-0.0...
Get Checksum: -1735986017
GetData ===>> H2,-0.233994156500509,H1,-0.0370459093393947,AX,-0.0638757284910019,L1,-0.00974058334198481,L2,0....
GetData ===>> H2,-0.19617577749342,H1,-0.0458217130230974,AX,-0.082423031185893,L1,-0.041215818156254,L2,-0.033...
GetData ===>> H2,-0.166680831759184,H1,0.0229029138808957,AX,-0.0253555982360651,L1,-0.0237613534423713,L2,0.02...
Get Checksum: -1735986017
GetData ===>> H2,-0.151679963474771,H1,0.0136446433048,AX,-0.0335200779186717,L1,-0.00724395688460077,L2,-0.053...
GetData ===>> H2,-0.272116176135315,H1,-0.0582448366256426,AX,-0.11443199520891,L1,0.0265099376734922,L2,-0.074...
GetData ===>> H2,-0.291258650468828,H1,-0.0116561331452434,AX,-0.12672518099854,L1,0.015192328079446,L2,0.03444...
Get Checksum: -1735986017
measurement finished
estimated time: 62.915 actual time: :63.089
flush and close file /Users/jan/PychronDev/data/isotopes/ae/a07130-1e61-48f3-bd60-34136d16d095.h5
activate_detectors ('H1', 'AX', 'CDD') {'peak_center': True}
peak_center () {'detector': 'H1', 'integration_time': 0.262144, 'isotope': 'Ar40'}
peak center: mean=101.204553288 threshold=3
peak center started
setup peak center. detector=['H1', 'AX', 'CDD'], isotope=Ar40
VersionedUnpickler [<apptools.sweet_pickle.versioned_unpickler.VersionedUnpickler object at 0x161a0e6b0>] using Updater [<apptools.sweet_pickle.updater.Updater object at 0x137c6f7d0>]
VersionedUnpickler [<apptools.sweet_pickle.versioned_unpickler.VersionedUnpickler object at 0x161a0e6b0>] using Updater [<apptools.sweet_pickle.updater.Updater object at 0x137c6f7d0>]
VersionedUnpickler [<apptools.sweet_pickle.versioned_unpickler.VersionedUnpickler object at 0x107b02a10>] using Updater [<apptools.sweet_pickle.updater.Updater object at 0x137c6f7d0>]
setting integration time = 0.524288
SetIntegrationTime 0.524288 ===>> OK
Mapping mass to dac mass func: "parabolic"
H1 map mass coeffs = [-0.00063987  0.15840543  0.57008999]
H1 map mass to dac 39.9624 >> 5.87848
GetDeflection H1 ===>> 0
GetHighVoltage ===>> 4499.94659342336
do peak center. <pychron.spectrometer.jobs.peak_center.PeakCenter object at 0x13a1fcef0>
doing pc
starting peak center. center dac= 5.87844538218 step_width=0.001
width = 0.001
get scan parameters. half-width=0.015,window=0.015, i=0, scalar=1
Scan parameters center=5.87845 width=0.03000 (5.86345 - 5.89345)
GetData ===>> H2,-0.121004204392764,H1,-0.021924920710714,AX,-0.0879401714553966,L1,-0.0483462007532104,L2,0.00...
Moving to starting dac 5.86344538218
setting magnet DAC
current  : 5.239105
requested: 5.863445
Delta Dac: 0.624340
Checking detector protection. dv=0.62434
Checking detector "CDD". Protection Threshold: 0.1 (V)
ProtectDetector CDD,On ===>> OK
GetDeflection CDD ===>> 2000
SetMagnetDAC 5.86344538218 ===>> OK
Magnet settling time: 0.500
set states for children of B. state=False
handle state [('B', False)]
update switch state B False args=() kw={'refresh': False} ncanvase=3
refresh_canvas_needed fired
GetMagnetMoving ===>> True
GetMagnetMoving ===>> True
GetMagnetMoving ===>> True
GetMagnetMoving ===>> True
GetMagnetMoving ===>> True
GetMagnetMoving ===>> True
GetMagnetMoving ===>> True
GetMagnetMoving ===>> True
Get Checksum: 968834110
GetMagnetMoving ===>> False
ProtectDetector CDD,Off ===>> OK
GetDeflection CDD ===>> 50
Wait until signal near baseline. tol= -0.016443690533. timeout= 10
GetData ===>> H2,0.464578015309527,H1,0.274483273803594,AX,-0.110318471195241,L1,-0.0051629617371674,L2,-0.0058...
GetData ===>> H2,5.85838429939883,H1,3.20164492510042,AX,0.22487970323972,L1,-0.00368261461724142,L2,0.04683392...
GetData ===>> H2,5.7117720090315,H1,3.21462299728019,AX,0.442098560944955,L1,-0.0129306152973228,L2,-0.14263692...
GetData ===>> H2,2.75080475464044,H1,1.4898915452165,AX,0.125146392583146,L1,-0.0197053287917818,L2,-0.02338559...
GetData ===>> H2,0.910537509837526,H1,0.7640650416193,AX,0.0335440395600201,L1,-0.0485245151716857,L2,-0.031285...
GetData ===>> H2,0.153016609990985,H1,0.370371995361807,AX,0.0243302815216438,L1,-0.0586222361505673,L2,-0.1011...
Get Checksum: 968834110
GetData ===>> H2,-0.00309177739137334,H1,0.21604904858934,AX,-0.147577174270233,L1,-0.0676229160083808,L2,-0.06...
GetData ===>> H2,0.00622363875220809,H1,0.0981863089668746,AX,-0.086537734781036,L1,-0.0718599528317644,L2,0.08...
GetData ===>> H2,-0.0604982450394298,H1,0.0740441887925548,AX,-0.186558409666217,L1,-0.0703244128017886,L2,-0.0...
GetData ===>> H2,-0.149277807077835,H1,-0.00686128617417552,AX,-0.0125392310517077,L1,-0.0324539516970353,L2,-0...
GetData ===>> H2,-0.024218783685826,H1,0.000319486343225606,AX,0.0296913293645958,L1,-0.0162957760844243,L2,-0....
GetData ===>> H2,-0.0165430159427453,H1,0.0383312900283485,AX,-0.0172020323358046,L1,-0.030946506574873,L2,-0.0...
Get Checksum: 968834110
GetData ===>> H2,-0.04819099758893,H1,0.109413304772121,AX,-0.00975536260063156,L1,-0.0257524651347444,L2,-0.00...
GetData ===>> H2,-0.0962428982306996,H1,0.0472338168946652,AX,-0.142851114222703,L1,-0.0398444711635581,L2,0.00...
GetData ===>> H2,-0.205008258258701,H1,0.0247045583180007,AX,0.00312106476282832,L1,-0.0334037653255258,L2,-0.0...
GetData ===>> H2,-0.251068298442449,H1,-0.032383450618023,AX,-0.0878126780475712,L1,-0.00427286014365733,L2,-0....
Peak center baseline intensity achieved
_do_sweep sm= 5.86344538218, em= 5.89344538218, stm= 0.001
calculated step values: start=5.86344538218, end=5.89344538218, width=0.001, nsteps=31.0
setting magnet DAC
current  : 5.863445
requested: 5.863445
Delta Dac: 0.000000
Checking detector protection. dv=0.00000
Checking detector "CDD". Protection Threshold: 0.1 (V)
SetMagnetDAC 5.86344538218 ===>> OK
GetData ===>> H2,-0.251068298442449,H1,-0.032383450618023,AX,-0.0878126780475712,L1,-0.00427286014365733,L2,-0....
setting magnet DAC
current  : 5.863445
requested: 5.864480
Delta Dac: 0.001034
Checking detector protection. dv=0.00103
Checking detector "CDD". Protection Threshold: 0.1 (V)
SetMagnetDAC 5.86447986494 ===>> OK
Magnet settling time: 1.049
GetData ===>> H2,-0.225900451942466,H1,0.0171163944329813,AX,-0.00685541496195323,L1,-0.0288811791344395,L2,-0....
setting magnet DAC
current  : 5.864480
requested: 5.865514
Delta Dac: 0.001034
Checking detector protection. dv=0.00103
Checking detector "CDD". Protection Threshold: 0.1 (V)
SetMagnetDAC 5.8655143477 ===>> OK
Magnet settling time: 1.049
Get Checksum: 968834110
GetData ===>> H2,-0.150608086778082,H1,0.252232240202566,AX,0.0426658226913845,L1,0.000702121187619164,L2,-0.08...
setting magnet DAC
current  : 5.865514
requested: 5.866549
Delta Dac: 0.001034
Checking detector protection. dv=0.00103
Checking detector "CDD". Protection Threshold: 0.1 (V)
SetMagnetDAC 5.86654883046 ===>> OK
Magnet settling time: 1.049
GetData ===>> H2,-0.153359186442874,H1,1.57006508419564,AX,0.165570273166138,L1,-0.0149728556596722,L2,-0.07858...
setting magnet DAC
current  : 5.866549
requested: 5.867583
Delta Dac: 0.001034
Checking detector protection. dv=0.00103
Checking detector "CDD". Protection Threshold: 0.1 (V)
SetMagnetDAC 5.86758331322 ===>> OK
Magnet settling time: 1.049
Get Checksum: 968834110
GetData ===>> H2,-0.142413458559165,H1,5.57011310568669,AX,0.779236181414034,L1,-0.0208120468811837,L2,0.114277...
setting magnet DAC
current  : 5.867583
requested: 5.868618
Delta Dac: 0.001034
Checking detector protection. dv=0.00103
Checking detector "CDD". Protection Threshold: 0.1 (V)
SetMagnetDAC 5.86861779598 ===>> OK
Magnet settling time: 1.049
GetData ===>> H2,-0.156701873467046,H1,16.0658783006203,AX,2.49987152592668,L1,-0.00742744763392465,L2,-0.03572...
setting magnet DAC
current  : 5.868618
requested: 5.869652
Delta Dac: 0.001034
Checking detector protection. dv=0.00103
Checking detector "CDD". Protection Threshold: 0.1 (V)
SetMagnetDAC 5.86965227873 ===>> OK
Magnet settling time: 1.049
GetData ===>> H2,-0.210451810619803,H1,34.5963357382727,AX,5.91481790459532,L1,0.0387804702092404,L2,-0.1306295...
setting magnet DAC
current  : 5.869652
requested: 5.870687
Delta Dac: 0.001034
Checking detector protection. dv=0.00103
Checking detector "CDD". Protection Threshold: 0.1 (V)
SetMagnetDAC 5.87068676149 ===>> OK
Magnet settling time: 1.049
Get Checksum: 968834110
GetData ===>> H2,-0.272476291639951,H1,70.1048852770929,AX,13.5492770358477,L1,0.105744012553687,L2,0.010294208...
setting magnet DAC
current  : 5.870687
requested: 5.871721
Delta Dac: 0.001034
Checking detector protection. dv=0.00103
Checking detector "CDD". Protection Threshold: 0.1 (V)
SetMagnetDAC 5.87172124425 ===>> OK
Magnet settling time: 1.049
GetData ===>> H2,-0.232339673498759,H1,86.6013344175784,AX,18.2081360338576,L1,0.151416787563474,L2,-0.00029605...
setting magnet DAC
current  : 5.871721
requested: 5.872756
Delta Dac: 0.001034
Checking detector protection. dv=0.00103
Checking detector "CDD". Protection Threshold: 0.1 (V)
SetMagnetDAC 5.87275572701 ===>> OK
Magnet settling time: 1.049
GetData ===>> H2,-0.191663905784832,H1,94.1688258837709,AX,20.6841850993073,L1,0.177523251453718,L2,-0.02334006...
setting magnet DAC
current  : 5.872756
requested: 5.873790
Delta Dac: 0.001034
Checking detector protection. dv=0.00103
Checking detector "CDD". Protection Threshold: 0.1 (V)
SetMagnetDAC 5.87379020977 ===>> OK
Magnet settling time: 1.049
Get Checksum: 968834110
GetData ===>> H2,-0.232016992855592,H1,96.7868723176854,AX,21.7502642641118,L1,0.193375902998408,L2,0.018106702...
setting magnet DAC
current  : 5.873790
requested: 5.874825
Delta Dac: 0.001034
Checking detector protection. dv=0.00103
Checking detector "CDD". Protection Threshold: 0.1 (V)
SetMagnetDAC 5.87482469253 ===>> OK
Magnet settling time: 1.049
GetData ===>> H2,-0.104536456547601,H1,97.5739751121866,AX,22.080928735011,L1,0.228757316101307,L2,0.0155100595...
setting magnet DAC
current  : 5.874825
requested: 5.875859
Delta Dac: 0.001034
Checking detector protection. dv=0.00103
Checking detector "CDD". Protection Threshold: 0.1 (V)
SetMagnetDAC 5.87585917529 ===>> OK
Magnet settling time: 1.049
GetData ===>> H2,-0.158417421332709,H1,97.8164471161336,AX,22.2507124497733,L1,0.262037044063191,L2,0.208559762...
setting magnet DAC
current  : 5.875859
requested: 5.876894
Delta Dac: 0.001034
Checking detector protection. dv=0.00103
Checking detector "CDD". Protection Threshold: 0.1 (V)
Get Checksum: 968834110
SetMagnetDAC 5.87689365804 ===>> OK
Magnet settling time: 1.049
GetData ===>> H2,-0.249258029627632,H1,97.8345843504927,AX,22.4206773263361,L1,0.318102705881414,L2,0.093212077...
setting magnet DAC
current  : 5.876894
requested: 5.877928
Delta Dac: 0.001034
Checking detector protection. dv=0.00103
Checking detector "CDD". Protection Threshold: 0.1 (V)
SetMagnetDAC 5.8779281408 ===>> OK
Magnet settling time: 1.049
GetData ===>> H2,-0.16018943119542,H1,97.8437425404204,AX,22.076694646914,L1,0.285658915969909,L2,0.10365310952...
setting magnet DAC
current  : 5.877928
requested: 5.878963
Delta Dac: 0.001034
Checking detector protection. dv=0.00103
Checking detector "CDD". Protection Threshold: 0.1 (V)
SetMagnetDAC 5.87896262356 ===>> OK
Magnet settling time: 1.049
Get Checksum: 968834110
GetData ===>> H2,-0.196031455942372,H1,97.8002638940957,AX,22.2008685706407,L1,0.275244448243386,L2,0.136282977...
setting magnet DAC
current  : 5.878963
requested: 5.879997
Delta Dac: 0.001034
Checking detector protection. dv=0.00103
Checking detector "CDD". Protection Threshold: 0.1 (V)
SetMagnetDAC 5.87999710632 ===>> OK
Magnet settling time: 1.049
GetData ===>> H2,-0.131745637121915,H1,97.8411512125311,AX,22.2727067154932,L1,0.268337119404206,L2,0.060961497...
setting magnet DAC
current  : 5.879997
requested: 5.881032
Delta Dac: 0.001034
Checking detector protection. dv=0.00103
Checking detector "CDD". Protection Threshold: 0.1 (V)
SetMagnetDAC 5.88103158908 ===>> OK
Magnet settling time: 1.049
GetData ===>> H2,-0.242148638944361,H1,97.7304761422861,AX,22.2917375468279,L1,0.255995835459042,L2,-0.00990599...
setting magnet DAC
current  : 5.881032
requested: 5.882066
Delta Dac: 0.001034
Checking detector protection. dv=0.00103
Checking detector "CDD". Protection Threshold: 0.1 (V)
SetMagnetDAC 5.88206607184 ===>> OK
Magnet settling time: 1.049
Get Checksum: 968834110
GetData ===>> H2,-0.154869867973361,H1,97.6073291918509,AX,22.1843537906322,L1,0.247237946324916,L2,0.084504489...
setting magnet DAC
current  : 5.882066
requested: 5.883101
Delta Dac: 0.001034
Checking detector protection. dv=0.00103
Checking detector "CDD". Protection Threshold: 0.1 (V)
SetMagnetDAC 5.8831005546 ===>> OK
Magnet settling time: 1.049
GetData ===>> H2,-0.142929171348578,H1,97.2547597051766,AX,21.9459066995411,L1,0.240001138710729,L2,0.008745451...
setting magnet DAC
current  : 5.883101
requested: 5.884135
Delta Dac: 0.001034
Checking detector protection. dv=0.00103
Checking detector "CDD". Protection Threshold: 0.1 (V)
SetMagnetDAC 5.88413503735 ===>> OK
Magnet settling time: 1.049
GetData ===>> H2,-0.116576235992902,H1,95.60684975354,AX,21.3992947932997,L1,0.217009608516552,L2,0.13265688735...
setting magnet DAC
current  : 5.884135
requested: 5.885170
Delta Dac: 0.001034
Checking detector protection. dv=0.00103
Checking detector "CDD". Protection Threshold: 0.1 (V)
SetMagnetDAC 5.88516952011 ===>> OK
Magnet settling time: 1.049
GetData ===>> H2,-0.155542718553525,H1,90.4795158202422,AX,19.2930739183882,L1,0.206926710673114,L2,-0.00154859...
setting magnet DAC
current  : 5.885170
requested: 5.886204
Delta Dac: 0.001034
Checking detector protection. dv=0.00103
Checking detector "CDD". Protection Threshold: 0.1 (V)
SetMagnetDAC 5.88620400287 ===>> OK
Magnet settling time: 1.049
Get Checksum: 968834110
GetData ===>> H2,-0.319859856444763,H1,77.624257816338,AX,15.1255044259118,L1,0.181021878070474,L2,-0.032287473...
setting magnet DAC
current  : 5.886204
requested: 5.887238
Delta Dac: 0.001034
Checking detector protection. dv=0.00103
Checking detector "CDD". Protection Threshold: 0.1 (V)
SetMagnetDAC 5.88723848563 ===>> OK
Magnet settling time: 1.049
GetData ===>> H2,-0.172396880641764,H1,56.7325201901929,AX,9.67474638646261,L1,0.157547218784645,L2,-0.02108600...
setting magnet DAC
current  : 5.887238
requested: 5.888273
Delta Dac: 0.001034
Checking detector protection. dv=0.00103
Checking detector "CDD". Protection Threshold: 0.1 (V)
SetMagnetDAC 5.88827296839 ===>> OK
Magnet settling time: 1.049
GetData ===>> H2,-0.144584154007277,H1,32.5451415701607,AX,4.68467226733755,L1,0.0901494111122738,L2,0.01555561...
setting magnet DAC
current  : 5.888273
requested: 5.889307
Delta Dac: 0.001034
Checking detector protection. dv=0.00103
Checking detector "CDD". Protection Threshold: 0.1 (V)
SetMagnetDAC 5.88930745115 ===>> OK
Magnet settling time: 1.049
Get Checksum: 968834110
GetData ===>> H2,-0.126276820953343,H1,8.19273649402799,AX,0.804646710611196,L1,0.042330663940863,L2,-0.1061087...
setting magnet DAC
current  : 5.889307
requested: 5.890342
Delta Dac: 0.001034
Checking detector protection. dv=0.00103
Checking detector "CDD". Protection Threshold: 0.1 (V)
SetMagnetDAC 5.89034193391 ===>> OK
Magnet settling time: 1.049
GetData ===>> H2,-0.170710433411577,H1,2.50438416100522,AX,0.147362375793552,L1,-0.0445194569153837,L2,-0.03636...
setting magnet DAC
current  : 5.890342
requested: 5.891376
Delta Dac: 0.001034
Checking detector protection. dv=0.00103
Checking detector "CDD". Protection Threshold: 0.1 (V)
SetMagnetDAC 5.89137641667 ===>> OK
Magnet settling time: 1.049
GetData ===>> H2,-0.280980375862966,H1,0.600391503609665,AX,-0.121187067147948,L1,-0.0455178784422556,L2,0.0313...
setting magnet DAC
current  : 5.891376
requested: 5.892411
Delta Dac: 0.001034
Checking detector protection. dv=0.00103
Checking detector "CDD". Protection Threshold: 0.1 (V)
SetMagnetDAC 5.89241089942 ===>> OK
Magnet settling time: 1.049
Get Checksum: 968834110
GetData ===>> H2,-0.292923345374923,H1,0.127603232329698,AX,-0.0434580159705335,L1,-0.0159339075247106,L2,-0.00...
setting magnet DAC
current  : 5.892411
requested: 5.893445
Delta Dac: 0.001034
Checking detector protection. dv=0.00103
Checking detector "CDD". Protection Threshold: 0.1 (V)
SetMagnetDAC 5.89344538218 ===>> OK
Magnet settling time: 1.049
GetData ===>> H2,-0.279000508823008,H1,-0.0722041074800781,AX,-0.0577427488081338,L1,-0.0103724362211891,L2,-0....
result of _do_sweep=True
result of _calculate_peak_center=([5.8708463910968955, 5.8786537299124575, 5.8864610687280194], [72.650429533246751, 97.843485597216016, 72.432723817054281], 5.877899117238834, 97.843485597216016)
Failed to find a valid peak. No peak greater than 1.0. max = 0.0243781659828
new center pos Detector(H1) (Ar40) @ 5.87865372991
GetHighVoltage ===>> 4499.94659342336
GetDeflection H1 ===>> 0
dac uncorrected for HV and deflection 5.87868834896
update mftable H1 Ar40 5.87868834896 message=automated run peakcenter
get initial guess parabolic
get initial guess parabolic
get initial guess parabolic
get initial guess parabolic
get initial guess parabolic
get initial guess parabolic
dump mftable to /Users/jan/PychronDev/setupfiles/spectrometer/mftables/mftable.csv
add to repo msg=modified - automated run peakcenter
locally archiving mftable
setting magnet DAC
current  : 5.893445
requested: 5.878654
Delta Dac: 0.014792
Checking detector protection. dv=0.01479
Checking detector "CDD". Protection Threshold: 0.1 (V)
SetMagnetDAC 5.87865372991 ===>> OK
Magnet settling time: 0.500
sweep finished
Get Checksum: 968834110
setting integration time = 1.048576
SetIntegrationTime 1.048576 ===>> OK
Failed to find a valid peak. No peak greater than 1.0. max = 0.0244020322531
flush and close file /Users/jan/PychronDev/data/isotopes/ae/a07130-1e61-48f3-bd60-34136d16d095.h5
finished measure script
executed 226.132928
jan_unknown120_60.py completed successfully
Measurement Finished
09:12:38 -- ******* Measurement Finished *******
Post Measurement Started jan_pump_ms.py
09:12:38 -- ******* Post Measurement Started jan_pump_ms.py *******
testing...
no interpolation path defined
executed 0
Pumping spectrometer
open () {'name': 'O'}
opening name=O desc=---
checking ownership. requestor=129.138.12.150
check software interlocks O
interlocks []
actuate state mode=None-script, software_lock=False
doing actuation None-script open_channel True
Open O ===>> OK
GetValveState O ===>> OK
change switch state (True, True)
update switch state O True args=() kw={} ncanvase=3
09:12:38 -- OPEN   VALVE-O (Jan Ion Pump)
---------------------------------------- open O () result=[(True, True)], time=0.11 sec
action=open, ok=True, locked=[False]
executed 0
jan_pump_ms.py completed successfully
setting _ms_pumptime
Post Measurement Finished
09:12:39 -- ******* Post Measurement Finished *******
$$$$$$$$$$$$$$$$$$$$ state at run end measurement
state changed from measurement to success
post measurement save measured=True aborted=False
Set filtering
setting fod for Ar40= {'filter_outliers': True, 'std_devs': 2, 'iterations': 1}
setting fod for H1= {'filter_outliers': True, 'std_devs': 2, 'iterations': 1}
setting fod for PM41= {'filter_outliers': False, 'std_devs': 2, 'iterations': 1}
setting fod for H2= {'filter_outliers': True, 'std_devs': 2, 'iterations': 1}
setting fod for Ar36= {'filter_outliers': True, 'std_devs': 2, 'iterations': 1}
setting fod for CDD= {'filter_outliers': True, 'std_devs': 10, 'iterations': 1}
setting fod for Ar37= {'filter_outliers': True, 'std_devs': 2, 'iterations': 1}
setting fod for L2= {'filter_outliers': True, 'std_devs': 2, 'iterations': 1}
setting fod for Ar38= {'filter_outliers': True, 'std_devs': 2, 'iterations': 1}
setting fod for L1= {'filter_outliers': True, 'std_devs': 2, 'iterations': 1}
setting fod for Ar39= {'filter_outliers': True, 'std_devs': 2, 'iterations': 1}
setting fod for AX= {'filter_outliers': True, 'std_devs': 2, 'iterations': 1}
persistence save...
persistence save - db
post measurement save
5843275024 connecting to database sqlite:////Users/jan/PychronDev/.appdata/local_lab.db
connected to db sqlite:////Users/jan/PychronDev/.appdata/local_lab.db
create new session 5843275024
close session 5843275024
No database instance. Not saving post measurement to isotopedb database
$$$$$$$$$$$$$$$ auto_save_detector_ic=False
massspec enabled True
create new session 5054761584
MassSpec Database Version: 16.0
close session 5054761584
saving post measurement to secondary database
saving to massspec database 129.138.12.160/massspecdata
setting labnumber to 25364
setting aliquot to 10
setting step to 
setting uuid to aea07130-1e61-48f3-bd60-34136d16d095
setting irradpos to 25364
setting extract_device to Fusions CO2
setting tray to 
setting position to 197
setting power_requested to 7.0
setting extract_value to 7.0
setting duration to 30.0
setting duration_at_request to 30.0
setting first_stage_delay to 30.0
setting cleanup to 30.0
setting comment to F:1 0.37 mg Glass bead making 2nd extract
setting irradiation to NM-289
setting level to F
setting irradiation_level to F
setting sample to FC-2
setting material to Sanidine
setting project to Irradiation-NM-289
setting mass_spectrometer to Jan
no attribute chron_dosages
no attribute production_ratios
no attribute interference_corrections
no attribute production_name
no attribute j
Reference Isotope=Ar40
Reference Detector=H1
%%%%%%%%%%%%%%%%%%%% Comment: F:1 0.37 mg Glass bead making 2nd extract %%%%%%%%%%%%%%%%%%%
adding isotope PM41 H2
add baseline dbdet= PM41. original det= H2
get baseline data PM41 H2
Get data baseline <pychron.processing.isotope.Baseline object at 0x14e39f3d0> len t=60
baseline PM41. v=-0.211617546458, e=0.00741973476363
get signal data PM41 H2
Get data signal PM41 0.06+/-0.08 len t=120
adding isotope Ar40 H1
add baseline dbdet= Ar40. original det= H1
get baseline data Ar40 H1
Get data baseline <pychron.processing.isotope.Baseline object at 0x14e39f7d0> len t=60
baseline Ar40. v=-0.0292091789473, e=0.00502094046183
get signal data Ar40 H1
Get data signal Ar40 104.722+/-0.016 len t=120
adding isotope Ar39 AX
add baseline dbdet= Ar39. original det= AX
get baseline data Ar39 AX
Get data baseline <pychron.processing.isotope.Baseline object at 0x14e39f9d0> len t=60
baseline Ar39. v=-0.0711474233429, e=0.00623408074877
get signal data Ar39 AX
Get data signal Ar39 24.436+/-0.011 len t=120
adding isotope Ar38 L1
add baseline dbdet= Ar38. original det= L1
get baseline data Ar38 L1
Get data baseline <pychron.processing.isotope.Baseline object at 0x14e39fa50> len t=60
baseline Ar38. v=-0.0247841293218, e=0.00252656280041
get signal data Ar38 L1
Get data signal Ar38 0.328+/-0.004 len t=120
adding isotope Ar37 L2
add baseline dbdet= Ar37. original det= L2
get baseline data Ar37 L2
Get data baseline <pychron.processing.isotope.Baseline object at 0x14e39f890> len t=60
baseline Ar37. v=-0.0259394982971, e=0.00643934653956
get signal data Ar37 L2
Get data signal Ar37 0.156+/-0.012 len t=120
adding isotope Ar36 CDD
add baseline dbdet= Ar36. original det= CDD
get baseline data Ar36 CDD
Get data baseline <pychron.processing.isotope.Baseline object at 0x14e39f990> len t=60
baseline Ar36. v=2.48109018669e-05, e=7.22273277694e-06
get signal data Ar36 CDD
Get data signal Ar36 0.0173+/-0.0004 len t=120
25364-10 added analysis time 0.557308912277s
analysis added to mass spec database
mass spec save time= 0.579
persistence save - dvc
================= post measurement started
create new session 4983039568
close session 4983039568
---------------- Experiment Queue saving disabled
DVC saving peakcenter
Failed to find a valid peak. No peak greater than 1.0. max = 0.0244020322531
Smart pull ahead: 0 behind: 0
Up-to-date with origin
add to repo msg=modified - ad8224ebc6dbfeb9f5997218dfa5fe690569839d.json
add to repo msg=modified - 64-10.json
add to repo msg=modified - 64-10.dat.json
Get Checksum: -2083114517
add to repo msg=modified - 64-10.blan.json
add to repo msg=modified - 64-10.inte.json
add to repo msg=modified - 64-10.icfa.json
add to repo msg=modified - 64-10.base.json
not at valid file /Users/jan/PychronDev/data/.dvc/repositories/Irradiation-NM-289/253/tags/64-10.tags.json
add to repo msg=modified - 64-10.peak.json
add to repo msg=modified - 64-10.extr.json
not at valid file /Users/jan/PychronDev/data/.dvc/repositories/Irradiation-NM-289/253/monitor/64-10.moni.json
commit message=<COLLECTION>
add to repo msg=modified - 64-10.inte.json
add to repo msg=modified - 64-10.base.json
commit message=<ISOEVO> default collection fits
add to repo msg=modified - 64-10.blan.json
Get Checksum: -2083114517
commit message=<BLANKS> preceding bc-02-J-236
add to repo msg=modified - 64-10.icfa.json
commit message=<ICFactor> default
push repository <pychron.git_archive.repo_manager.GitRepoManager object at 0x140fce170>
pushing to remote=origin, url=https://github.com
Get Checksum: -2083114517
no changes to meta repo
Get Checksum: -2083114517
create new session 4983039568
add association Irradiation-NM-289
get identifier "25364"
setting analysis irradiation position=<pychron.dvc.dvc_orm.IrradiationPositionTbl object at 0x15ebe6650>
close session 4983039568
================= post measurement finished
09:12:51 -- ******* Post Run Check *******
loading queue conditionals post_run_actions
loading system conditionals post_run_actions
loading conditionals from /Users/jan/PychronDev/setupfiles/spectrometer/default_conditionals.yaml
loading queue conditionals post_run_terminations
loading system conditionals post_run_terminations
loading conditionals from /Users/jan/PychronDev/setupfiles/spectrometer/default_conditionals.yaml
Checking default post run terminations n=1
GetDeflection CDD ===>> 50
testing CDD==2000
evaluate ot="CDD.deflection==2000" t="CDD==2000", ctx="{'CDD': 50.0}"
09:12:51 -- ******* Post Run Check Passed *******
09:12:51 -- Automated run 25364-10 success duration: 393.804 s
----------------- finish -----------------
----------------- stop -----------------
retroactive repository identifiers disabled
finish run. runs completed=1
update duration runid=25364-10, duration=393.8038342, md5=301e91d8
loading script "jan_unknown120_60.py"
loading script "jan_pump_ms.py"
loading script "jan_co2.py"
loading script "jan_pump_extraction_line.py"
testing...
no interpolation path defined
executed 213.652928
script duration name:unknown120_60 seconds:214.0
loading script "jan_unknown120_60.py"
loading script "jan_pump_ms.py"
loading script "jan_co2.py"
loading script "jan_pump_extraction_line.py"
testing...
no interpolation path defined
executed 0
loading script "jan_unknown120_60.py"
loading script "jan_pump_ms.py"
loading script "jan_co2.py"
loading script "jan_pump_extraction_line.py"
testing...
no interpolation path defined
calculate duration
testing...
no interpolation path defined
executed 0
calculate duration
testing...
no interpolation path defined
executed 0
executed 0.0
script duration name:co2 seconds:0.0
loading script "jan_unknown120_60.py"
loading script "jan_pump_ms.py"
loading script "jan_co2.py"
loading script "jan_pump_extraction_line.py"
testing...
no interpolation path defined
calculate duration
testing...
no interpolation path defined
executed 4.0
executed 4.0
Script duration 214.0
Run total estimated duration= 215.000
unknown120_60 in script context. using previous estimated duration
script duration name:unknown120_60 seconds:214.0
pump_ms in script context. using previous estimated duration
co2 in script context. using previous estimated duration
script duration name:co2 seconds:0.0
pump_extraction_line in script context. using previous estimated duration
Script duration 214.0
Run total estimated duration= 215.000
script duration name:unknown120_60 seconds:214.0
script duration name:co2 seconds:0.0
Script duration 214.0
Run total estimated duration= 215.000
script duration name:unknown120_60 seconds:214.0
script duration name:co2 seconds:0.0
Script duration 214.0
Run total estimated duration= 215.000
loading script "jan_unknown400_120.py"
loading script "jan_pump_ms.py"
loading script "jan_cocktail_x1.py"
loading script "jan_pump_extraction_line.py"
testing...
no interpolation path defined
executed 556.052928
script duration name:unknown400_120 seconds:556.0
loading script "jan_unknown400_120.py"
loading script "jan_pump_ms.py"
loading script "jan_cocktail_x1.py"
loading script "jan_pump_extraction_line.py"
testing...
no interpolation path defined
calculate duration
testing...
no interpolation path defined
executed 0
calculate duration
testing...
no interpolation path defined
executed 0
calculate duration
testing...
no interpolation path defined
executed 32.0
calculate duration
testing...
no interpolation path defined
executed 34.0
calculate duration
testing...
no interpolation path defined
executed 4.0
calculate duration
testing...
no interpolation path defined
executed 38.0
executed 108.0
script duration name:cocktail_x1 seconds:108.0
Script duration 664.0
Run total estimated duration= 665.000
unknown400_120 in script context. using previous estimated duration
script duration name:unknown400_120 seconds:556.0
cocktail_x1 in script context. using previous estimated duration
script duration name:cocktail_x1 seconds:108.0
Script duration 664.0
Run total estimated duration= 665.000
script duration name:unknown400_120 seconds:556.0
script duration name:cocktail_x1 seconds:108.0
Script duration 664.0
Run total estimated duration= 665.000
loading script "jan_ic_peak_hop3.py"
loading script "jan_pump_ms.py"
loading script "jan_air_x1.py"
loading script "jan_pump_extraction_line.py"
testing...
no interpolation path defined
executed 133.8
script duration name:ic_peak_hop3 seconds:134.0
loading script "jan_ic_peak_hop3.py"
loading script "jan_pump_ms.py"
loading script "jan_air_x1.py"
loading script "jan_pump_extraction_line.py"
testing...
no interpolation path defined
calculate duration
testing...
no interpolation path defined
executed 0
calculate duration
testing...
no interpolation path defined
executed 0
calculate duration
testing...
no interpolation path defined
executed 32.0
calculate duration
testing...
no interpolation path defined
executed 34.0
calculate duration
testing...
no interpolation path defined
executed 4.0
calculate duration
testing...
no interpolation path defined
executed 36.0
executed 106.0
script duration name:air_x1 seconds:106.0
Script duration 240.0
Run total estimated duration= 241.000
ic_peak_hop3 in script context. using previous estimated duration
script duration name:ic_peak_hop3 seconds:134.0
air_x1 in script context. using previous estimated duration
script duration name:air_x1 seconds:106.0
Script duration 240.0
Run total estimated duration= 241.000
script duration name:ic_peak_hop3 seconds:134.0
script duration name:air_x1 seconds:106.0
Script duration 240.0
Run total estimated duration= 241.000
script duration name:unknown400_120 seconds:556.0
script duration name:co2 seconds:0.0
Script duration 556.0
Run total estimated duration= 557.000
script duration name:unknown400_120 seconds:556.0
loading script "jan_unknown400_120.py"
loading script "jan_pump_ms.py"
loading script "jan_sniffair_x2.py"
loading script "jan_pump_extraction_line.py"
testing...
no interpolation path defined
calculate duration
testing...
no interpolation path defined
executed 0
calculate duration
testing...
no interpolation path defined
executed 0
calculate duration
testing...
no interpolation path defined
executed 32.0
calculate duration
testing...
no interpolation path defined
executed 34.0
calculate duration
testing...
no interpolation path defined
executed 4.0
calculate duration
testing...
no interpolation path defined
executed 36.0
calculate duration
testing...
no interpolation path defined
executed 34.0
calculate duration
testing...
no interpolation path defined
executed 4.0
calculate duration
testing...
no interpolation path defined
executed 36.0
calculate duration
testing...
no interpolation path defined
executed 70.0
executed 250.0
script duration name:sniffair_x2 seconds:250.0
Script duration 806.0
Run total estimated duration= 807.000
loading script "jan_co2_whiff_120_60_large.py"
loading script "jan_pump_ms.py"
loading script "jan_co2.py"
loading script "jan_pump_extraction_line.py"
testing...
no interpolation path defined
executed 266.04
script duration name:co2_whiff_120_60_large seconds:266.0
script duration name:co2 seconds:0.0
Script duration 266.0
Run total estimated duration= 267.000
co2_whiff_120_60_large in script context. using previous estimated duration
script duration name:co2_whiff_120_60_large seconds:266.0
script duration name:co2 seconds:0.0
Script duration 266.0
Run total estimated duration= 267.000
script duration name:co2_whiff_120_60_large seconds:266.0
script duration name:co2 seconds:0.0
Script duration 266.0
Run total estimated duration= 267.000
script duration name:co2_whiff_120_60_large seconds:266.0
script duration name:co2 seconds:0.0
Script duration 266.0
Run total estimated duration= 267.000
script duration name:co2_whiff_120_60_large seconds:266.0
script duration name:co2 seconds:0.0
Script duration 266.0
Run total estimated duration= 267.000
script duration name:co2_whiff_120_60_large seconds:266.0
script duration name:co2 seconds:0.0
Script duration 266.0
Run total estimated duration= 267.000
script duration name:co2_whiff_120_60_large seconds:266.0
script duration name:co2 seconds:0.0
Script duration 266.0
Run total estimated duration= 267.000
script duration name:co2_whiff_120_60_large seconds:266.0
script duration name:co2 seconds:0.0
Script duration 266.0
Run total estimated duration= 267.000
script duration name:co2_whiff_120_60_large seconds:266.0
script duration name:co2 seconds:0.0
Script duration 266.0
Run total estimated duration= 267.000
script duration name:co2_whiff_120_60_large seconds:266.0
script duration name:co2 seconds:0.0
Script duration 266.0
Run total estimated duration= 267.000
script duration name:co2_whiff_120_60_large seconds:266.0
script duration name:co2 seconds:0.0
Script duration 266.0
Run total estimated duration= 267.000
script duration name:co2_whiff_120_60_large seconds:266.0
script duration name:co2 seconds:0.0
Script duration 266.0
Run total estimated duration= 267.000
script duration name:co2_whiff_120_60_large seconds:266.0
script duration name:co2 seconds:0.0
Script duration 266.0
Run total estimated duration= 267.000
script duration name:co2_whiff_120_60_large seconds:266.0
script duration name:co2 seconds:0.0
Script duration 266.0
Run total estimated duration= 267.000
script duration name:co2_whiff_120_60_large seconds:266.0
script duration name:co2 seconds:0.0
Script duration 266.0
Run total estimated duration= 267.000
script duration name:unknown400_120 seconds:556.0
script duration name:co2 seconds:0.0
Script duration 556.0
Run total estimated duration= 557.000
script duration name:co2_whiff_120_60_large seconds:266.0
script duration name:co2 seconds:0.0
Script duration 266.0
Run total estimated duration= 267.000
script duration name:co2_whiff_120_60_large seconds:266.0
script duration name:co2 seconds:0.0
Script duration 266.0
Run total estimated duration= 267.000
script duration name:co2_whiff_120_60_large seconds:266.0
script duration name:co2 seconds:0.0
Script duration 266.0
Run total estimated duration= 267.000
script duration name:co2_whiff_120_60_large seconds:266.0
script duration name:co2 seconds:0.0
Script duration 266.0
Run total estimated duration= 267.000
script duration name:co2_whiff_120_60_large seconds:266.0
script duration name:co2 seconds:0.0
Script duration 266.0
Run total estimated duration= 267.000
script duration name:co2_whiff_120_60_large seconds:266.0
script duration name:co2 seconds:0.0
Script duration 266.0
Run total estimated duration= 267.000
script duration name:co2_whiff_120_60_large seconds:266.0
script duration name:co2 seconds:0.0
Script duration 266.0
Run total estimated duration= 267.000
script duration name:co2_whiff_120_60_large seconds:266.0
script duration name:co2 seconds:0.0
Script duration 266.0
Run total estimated duration= 267.000
script duration name:co2_whiff_120_60_large seconds:266.0
script duration name:co2 seconds:0.0
Script duration 266.0
Run total estimated duration= 267.000
script duration name:co2_whiff_120_60_large seconds:266.0
script duration name:co2 seconds:0.0
Script duration 266.0
Run total estimated duration= 267.000
script duration name:unknown400_120 seconds:556.0
sniffair_x2 in script context. using previous estimated duration
script duration name:sniffair_x2 seconds:250.0
Script duration 806.0
Run total estimated duration= 807.000
script duration name:co2_whiff_120_60_large seconds:266.0
script duration name:co2 seconds:0.0
Script duration 266.0
Run total estimated duration= 267.000
script duration name:co2_whiff_120_60_large seconds:266.0
script duration name:co2 seconds:0.0
Script duration 266.0
Run total estimated duration= 267.000
script duration name:co2_whiff_120_60_large seconds:266.0
script duration name:co2 seconds:0.0
Script duration 266.0
Run total estimated duration= 267.000
script duration name:co2_whiff_120_60_large seconds:266.0
script duration name:co2 seconds:0.0
Script duration 266.0
Run total estimated duration= 267.000
script duration name:co2_whiff_120_60_large seconds:266.0
script duration name:co2 seconds:0.0
Script duration 266.0
Run total estimated duration= 267.000
script duration name:unknown400_120 seconds:556.0
script duration name:co2 seconds:0.0
Script duration 556.0
Run total estimated duration= 557.000
script duration name:unknown400_120 seconds:556.0
script duration name:cocktail_x1 seconds:108.0
Script duration 664.0
Run total estimated duration= 665.000
script duration name:unknown400_120 seconds:556.0
script duration name:cocktail_x1 seconds:108.0
Script duration 664.0
Run total estimated duration= 665.000
script duration name:ic_peak_hop3 seconds:134.0
script duration name:air_x1 seconds:106.0
Script duration 240.0
Run total estimated duration= 241.000
script duration name:co2_whiff_120_60_large seconds:266.0
script duration name:co2 seconds:0.0
Script duration 266.0
Run total estimated duration= 267.000
script duration name:co2_whiff_120_60_large seconds:266.0
script duration name:co2 seconds:0.0
Script duration 266.0
Run total estimated duration= 267.000
script duration name:co2_whiff_120_60_large seconds:266.0
script duration name:co2 seconds:0.0
Script duration 266.0
Run total estimated duration= 267.000
script duration name:co2_whiff_120_60_large seconds:266.0
script duration name:co2 seconds:0.0
Script duration 266.0
Run total estimated duration= 267.000
script duration name:co2_whiff_120_60_large seconds:266.0
script duration name:co2 seconds:0.0
Script duration 266.0
Run total estimated duration= 267.000
script duration name:co2_whiff_120_60_large seconds:266.0
script duration name:co2 seconds:0.0
Script duration 266.0
Run total estimated duration= 267.000
script duration name:co2_whiff_120_60_large seconds:266.0
script duration name:co2 seconds:0.0
Script duration 266.0
Run total estimated duration= 267.000
script duration name:co2_whiff_120_60_large seconds:266.0
script duration name:co2 seconds:0.0
Script duration 266.0
Run total estimated duration= 267.000
script duration name:co2_whiff_120_60_large seconds:266.0
script duration name:co2 seconds:0.0
Script duration 266.0
Run total estimated duration= 267.000
script duration name:co2_whiff_120_60_large seconds:266.0
script duration name:co2 seconds:0.0
Script duration 266.0
Run total estimated duration= 267.000
script duration name:co2_whiff_120_60_large seconds:266.0
script duration name:co2 seconds:0.0
Script duration 266.0
Run total estimated duration= 267.000
script duration name:co2_whiff_120_60_large seconds:266.0
script duration name:co2 seconds:0.0
Script duration 266.0
Run total estimated duration= 267.000
script duration name:co2_whiff_120_60_large seconds:266.0
script duration name:co2 seconds:0.0
Script duration 266.0
Run total estimated duration= 267.000
script duration name:co2_whiff_120_60_large seconds:266.0
script duration name:co2 seconds:0.0
Script duration 266.0
Run total estimated duration= 267.000
script duration name:co2_whiff_120_60_large seconds:266.0
script duration name:co2 seconds:0.0
Script duration 266.0
Run total estimated duration= 267.000
script duration name:unknown400_120 seconds:556.0
script duration name:co2 seconds:0.0
Script duration 556.0
Run total estimated duration= 557.000
script duration name:co2_whiff_120_60_large seconds:266.0
script duration name:co2 seconds:0.0
Script duration 266.0
Run total estimated duration= 267.000
nruns=65 before=5.0, run_dur=21273.0, btw=1920.0
write rem/ex queues
/Users/jan/PychronDev/experiments/rem/CurrentExperiment.rem.txt
/Users/jan/PychronDev/experiments/rem/CurrentExperiment.ex.txt
doing event level: 3
