do run
loading script "jan_unknown120_60.py"
loading script "jan_pump_ms.py"
loading script "jan_co2.py"
loading script "jan_pump_extraction_line.py"
testing...
no interpolation path defined
executed 213.652928
script duration name:unknown120_60 seconds:214.0
loading script "jan_unknown120_60.py"
loading script "jan_pump_ms.py"
loading script "jan_co2.py"
loading script "jan_pump_extraction_line.py"
testing...
no interpolation path defined
executed 0
loading script "jan_unknown120_60.py"
loading script "jan_pump_ms.py"
loading script "jan_co2.py"
loading script "jan_pump_extraction_line.py"
testing...
no interpolation path defined
calculate duration
testing...
no interpolation path defined
executed 0
calculate duration
testing...
no interpolation path defined
executed 0
executed 0.0
script duration name:co2 seconds:0.0
loading script "jan_unknown120_60.py"
loading script "jan_pump_ms.py"
loading script "jan_co2.py"
loading script "jan_pump_extraction_line.py"
testing...
no interpolation path defined
calculate duration
testing...
no interpolation path defined
executed 4.0
executed 4.0
Script duration 214.0
Run total estimated duration= 215.000
run duration: 0:03:35
doing event level: 2
08:31:51 -- Setting default integration. t=1.048576
setting integration time = 1.048576
SetIntegrationTime 1.048576 ===>> OK
----------------- start -----------------
**************** Experiment Type: Ar/Ar, Ar/Ar
create new session 4993359504
close session 4993359504
$$$$$ Clearing conditionals
adding conditionals 
Add queue conditionals
add default conditionals
adding default conditionals from /Users/jan/PychronDev/setupfiles/spectrometer/default_conditionals.yaml
Start automated run 25366-07
loading script "jan_unknown120_60.py"
loading script "jan_pump_ms.py"
loading script "jan_co2.py"
loading script "jan_pump_extraction_line.py"
%%%%%%%%%%%%%%%%%% setting automated run 25366-07
No value "sensitivity_multiplier" in metadata
$$$$$$$$$$$$$$$ auto_save_detector_ic=False
============================= Pre Extraction Check =============================
loading queue conditionals pre_run_terminations
loading system conditionals pre_run_terminations
loading conditionals from /Users/jan/PychronDev/setupfiles/spectrometer/default_conditionals.yaml
08:31:51 -- ******* Pre Extraction Check *******
Get a measurement from the spectrometer
GetData ===>> H2,-0.220440195968121,H1,-0.00495282546710814,AX,-0.0102193462051291,L1,-0.0382896523509908,L2,0....
Pre Extraction Termination data. keys=H2,H1,AX,L1,L2,CDD, signals=-0.22044,-0.00495,-0.01022,-0.03829,0.02271,0.00283
08:31:51 -- testing system defined conditionals
Checking default pre extraction terminations n=2
testing CDD
evaluate ot="CDD.inactive" t="CDD", ctx="{'CDD': False}"
GetDeflection CDD ===>> 50
testing CDD==2000
evaluate ot="CDD.deflection==2000" t="CDD==2000", ctx="{'CDD': 50.0}"
08:31:51 -- ******* Pre Extraction Check Passed *******
=================================================================================
08:31:51 -- stopping status monitor
stop 5052903792
Alive clients [4983293136]
08:31:51 -- starting status monitor
start 5052903792
Monitor already running
start extraction
do extraction
Analysis started at 08:31:51.944196
Extraction Started jan_co2.py
08:31:51 -- ******* Extraction Started jan_co2.py *******
state changed from not run to extraction
DO EXTRACTION <pychron.extraction_line.pyscript_runner.RemotePyScriptRunner object at 0x12b93d0b0>
testing...
no interpolation path defined
calculate duration
testing...
no interpolation path defined
executed 0
calculate duration
testing...
no interpolation path defined
executed 0
executed 100.0
Jan CO2 laser analysis
doing GOSUB
testing...
no interpolation path defined
executed 0
Waiting for CO2 access
wait ('FelixCO2Flag', 0) {}
waiting for FelixCO2Flag = 0
Read FelixCO2Flag ===>> 0
finished waiting
CO2 free
wait ('CO2PumpTimeFlag', 0) {}
waiting for CO2PumpTimeFlag = 0
Read CO2PumpTimeFlag ===>> 0
finished waiting
acquire ('JanCO2Flag',) {'clear': True}
acquire JanCO2Flag
Set JanCO2Flag 1 ===>> OK
JanCO2Flag acquired
set extraction state False (0.75, 'red', 1.5)
CO2 acquired
executed 0
WaitForCO2Access.py completed successfully
gosub finished
doing GOSUB
testing...
no interpolation path defined
executed 0
Prepare for CO2 analysis
close () {'description': 'Jan Inlet'}
closing name=--- desc=Jan Inlet
checking ownership. requestor=129.138.12.150
check software interlocks R
interlocks []
actuate state mode=None-script, software_lock=False
doing actuation None-script close_channel False
Close R ===>> OK
GetValveState R ===>> False
change switch state (True, True)
update switch state R False args=() kw={} ncanvase=3
08:31:52 -- CLOSE  VALVE-R (Jan Inlet)
---------------------------------------- close None (Jan Inlet) result=[(True, True)]
action=close, ok=True, locked=[False]
open () {'description': 'Jan Ion Pump'}
opening name=--- desc=Jan Ion Pump
checking ownership. requestor=129.138.12.150
check software interlocks O
interlocks []
actuate state mode=None-script, software_lock=False
doing actuation None-script open_channel False
Open O ===>> OK
GetValveState O ===>> OK
change switch state (True, True)
update switch state O True args=() kw={} ncanvase=3
08:31:52 -- OPEN   VALVE-O (Jan Ion Pump)
---------------------------------------- open None (Jan Ion Pump) result=[(True, True)], time=0.10 sec
action=open, ok=True, locked=[False]
close () {'description': 'Microbone to Minibone'}
closing name=--- desc=Microbone to Minibone
checking ownership. requestor=129.138.12.150
check software interlocks L
interlocks []
actuate state mode=None-script, software_lock=False
doing actuation None-script close_channel False
Close L ===>> OK
GetValveState L ===>> False
change switch state (True, True)
update switch state L False args=() kw={} ncanvase=3
08:31:53 -- CLOSE  VALVE-L (Microbone to Minibone)
---------------------------------------- close None (Microbone to Minibone) result=[(True, True)]
action=close, ok=True, locked=[False]
open () {'description': 'Microbone to Turbo'}
opening name=--- desc=Microbone to Turbo
checking ownership. requestor=129.138.12.150
check software interlocks U
interlocks []
actuate state mode=None-script, software_lock=False
doing actuation None-script open_channel False
Open U ===>> OK
GetValveState U ===>> OK
change switch state (True, True)
update switch state U True args=() kw={} ncanvase=3
08:31:53 -- OPEN   VALVE-U (Microbone to Turbo)
---------------------------------------- open None (Microbone to Turbo) result=[(True, True)], time=0.14 sec
action=open, ok=True, locked=[False]
open () {'description': 'Microbone to Inlet Pipette'}
opening name=--- desc=Microbone to Inlet Pipette
checking ownership. requestor=129.138.12.150
check software interlocks S
interlocks []
actuate state mode=None-script, software_lock=False
doing actuation None-script open_channel False
Open S ===>> OK
GetValveState S ===>> OK
change switch state (True, True)
update switch state S True args=() kw={} ncanvase=3
Get Checksum: 2035211824
08:31:54 -- OPEN   VALVE-S (Microbone to Inlet Pipette)
---------------------------------------- open None (Microbone to Inlet Pipette) result=[(True, True)], time=0.43 sec
action=open, ok=True, locked=[False]
open () {'description': 'Microbone to Getter D-50'}
opening name=--- desc=Microbone to Getter D-50
checking ownership. requestor=129.138.12.150
check software interlocks K
interlocks []
actuate state mode=None-script, software_lock=False
doing actuation None-script open_channel False
Open K ===>> OK
GetValveState K ===>> OK
change switch state (True, True)
update switch state K True args=() kw={} ncanvase=3
08:31:55 -- OPEN   VALVE-K (Microbone to Getter D-50)
---------------------------------------- open None (Microbone to Getter D-50) result=[(True, True)], time=0.41 sec
action=open, ok=True, locked=[False]
open () {'description': 'Microbone to Getter NP-10'}
opening name=--- desc=Microbone to Getter NP-10
checking ownership. requestor=129.138.12.150
check software interlocks M
interlocks []
actuate state mode=None-script, software_lock=False
doing actuation None-script open_channel False
Open M ===>> OK
GetValveState M ===>> OK
change switch state (True, True)
update switch state M True args=() kw={} ncanvase=3
08:31:55 -- OPEN   VALVE-M (Microbone to Getter NP-10)
---------------------------------------- open None (Microbone to Getter NP-10) result=[(True, True)], time=0.17 sec
action=open, ok=True, locked=[False]
close () {'description': 'CO2 Laser to Felix'}
closing name=--- desc=CO2 Laser to Felix
checking ownership. requestor=129.138.12.150
check software interlocks F
interlocks []
actuate state mode=None-script, software_lock=True
VALVE-F(CO2 Laser to Felix) software locked
change switch state (True, False)
---------------------------------------- close None (CO2 Laser to Felix) result=[(True, False)]
action=close, ok=True, locked=[True]
open () {'description': 'CO2 Laser to Jan'}
opening name=--- desc=CO2 Laser to Jan
checking ownership. requestor=129.138.12.150
check software interlocks A
interlocks []
actuate state mode=None-script, software_lock=False
doing actuation None-script open_channel False
Open A ===>> OK
GetValveState A ===>> OK
change switch state (True, True)
update switch state A True args=() kw={} ncanvase=3
08:31:56 -- OPEN   VALVE-A (CO2 Laser to Jan)
---------------------------------------- open None (CO2 Laser to Jan) result=[(True, True)], time=0.13 sec
action=open, ok=True, locked=[False]
open () {'description': 'Microbone to CO2 Laser'}
opening name=--- desc=Microbone to CO2 Laser
checking ownership. requestor=129.138.12.150
check software interlocks T
interlocks []
actuate state mode=None-script, software_lock=False
doing actuation None-script open_channel False
Open T ===>> OK
GetValveState T ===>> OK
change switch state (True, True)
update switch state T True args=() kw={} ncanvase=3
08:31:56 -- OPEN   VALVE-T (Microbone to CO2 Laser)
---------------------------------------- open None (Microbone to CO2 Laser) result=[(True, True)], time=0.43 sec
action=open, ok=True, locked=[False]
executed 0
PrepareForCO2Analysis.py completed successfully
gosub finished
set_motor ('beam', '1.25') {}
setting motor "beam" to 1.25
set motor beam to 1.25
SetMotor beam,1.25 ===>> OK
Get Checksum: 2035211824
GetMotorMoving beam ===>> False
GetMotorMoving beam ===>> False
Block completed
move_to_position ('201',) {'autocenter': True}
FusionsCO2 move to position 201
sending GoToHole 201,True
GoToHole 201,True ===>> OK
GetDriveMoving ===>> OK
GetDriveMoving ===>> OK
GetDriveMoving ===>> OK
GetDriveMoving ===>> False
GetDriveMoving ===>> OK
GetDriveMoving ===>> OK
GetDriveMoving ===>> OK
GetDriveMoving ===>> OK
Get Checksum: 2035211824
GetDriveMoving ===>> OK
GetDriveMoving ===>> OK
GetDriveMoving ===>> OK
GetDriveMoving ===>> OK
GetDriveMoving ===>> OK
GetDriveMoving ===>> OK
GetDriveMoving ===>> OK
GetDriveMoving ===>> OK
GetDriveMoving ===>> OK
GetDriveMoving ===>> OK
GetDriveMoving ===>> OK
Get Checksum: 2035211824
GetDriveMoving ===>> OK
GetDriveMoving ===>> OK
GetDriveMoving ===>> OK
GetDriveMoving ===>> OK
GetDriveMoving ===>> OK
GetDriveMoving ===>> OK
GetDriveMoving ===>> OK
GetDriveMoving ===>> OK
GetDriveMoving ===>> OK
GetDriveMoving ===>> OK
GetDriveMoving ===>> OK
GetDriveMoving ===>> OK
Get Checksum: 2035211824
GetDriveMoving ===>> OK
GetDriveMoving ===>> OK
GetDriveMoving ===>> OK
GetDriveMoving ===>> OK
GetDriveMoving ===>> OK
GetDriveMoving ===>> OK
GetDriveMoving ===>> False
Block completed
GetAutoCorrecting ===>> False
GetAutoCorrecting ===>> False
Block completed
update position
GetPosition ===>> -1.99390,-11.96340,1.00000
got position (-1.9939, -11.9634, 1.0)
move to position succeeded
sleep (5,) {}
SLEEP 5.0
block started
WaitControl setup for 5.0  
Get Checksum: 2035211824
Get Checksum: 2035211824
Join finished
block finished. duration 5.00745892525
close () {'description': 'Microbone to Turbo'}
closing name=--- desc=Microbone to Turbo
checking ownership. requestor=129.138.12.150
check software interlocks U
interlocks []
actuate state mode=None-script, software_lock=False
doing actuation None-script close_channel True
Close U ===>> OK
GetValveState U ===>> False
change switch state (True, True)
update switch state U False args=() kw={} ncanvase=3
08:32:14 -- CLOSE  VALVE-U (Microbone to Turbo)
---------------------------------------- close None (Microbone to Turbo) result=[(True, True)]
action=close, ok=True, locked=[False]
enable laser
enable () {}
set extraction state FusionsCO2 Enabled (False, 'red', 1.5)
enabling laser
Enable ===>> OK
begin interval
BEGIN INTERVAL Interval 1 waiting for 30.0
block started
set extract to 5.0
WaitControl setup for 30.0  
extract (5.0,) {}
GetPosition ===>> -1.99390,-11.96340,1.00000
set extraction state FusionsCO2 ON! 5.0(watts) (0.75, 'red', 1.5)
extract sample to 5.0 (watts)
set laser output
SetLaserOutput 5.0,watts ===>> OK
executing pattern triangle.lp
execute_pattern ('triangle.lp',) {}
executing pattern triangle.lp
Get Checksum: 1223320555
IsPatterning ===>> OK
IsPatterning ===>> OK
Get Checksum: 1223320555
IsPatterning ===>> OK
IsPatterning ===>> OK
IsPatterning ===>> OK
Get Checksum: 1223320555
IsPatterning ===>> OK
IsPatterning ===>> OK
IsPatterning ===>> OK
Get Checksum: 1223320555
IsPatterning ===>> OK
IsPatterning ===>> OK
IsPatterning ===>> OK
Get Checksum: 1223320555
IsPatterning ===>> OK
IsPatterning ===>> OK
IsPatterning ===>> OK
Get Checksum: 1223320555
IsPatterning ===>> OK
IsPatterning ===>> OK
IsPatterning ===>> OK
Get Checksum: 1223320555
IsPatterning ===>> OK
IsPatterning ===>> OK
IsPatterning ===>> OK
Get Checksum: 1223320555
IsPatterning ===>> OK
IsPatterning ===>> OK
IsPatterning ===>> OK
Get Checksum: 1223320555
IsPatterning ===>> OK
IsPatterning ===>> OK
IsPatterning ===>> OK
Get Checksum: 1223320555
IsPatterning ===>> False
IsPatterning ===>> False
Block completed
COMPLETE INTERVAL waiting for Interval 1 to complete
Join finished
block finished. duration 30.0358150005
Interval 1 finished
end_extract () {}
ending extraction. set laser power to 0
set laser power 0
SetLaserPower 0 ===>> OK
disable () {}
%%%%%%%%%%%%%%%%%%%%%%%%%%%%%%%%%%% disable
set extraction state False (0.75, 'red', 1.5)
disabling laser
Disable ===>> OK
sleep (30.0,) {}
SLEEP 30.0
block started
WaitControl setup for 30.0  
Get Checksum: 1223320555
Get Checksum: 1223320555
Get Checksum: 1223320555
Get Checksum: 1223320555
Get Checksum: 1223320555
Get Checksum: 1223320555
Get Checksum: 1223320555
Get Checksum: 1223320555
Get Checksum: 1223320555
Get Checksum: 1223320555
Join finished
block finished. duration 30.0324411392
executed 166.0
jan_co2.py completed successfully
GetAchievedOutput ===>> No Response
Requested Output= 0.000
Achieved Output=  0.000
GetResponseBlob ===>> No Response
GetOutputBlob ===>> No Response
persistence save...
persistence save - db
AutomatedRunPersister post_extraction_save deprecated
persistence save - dvc
no extraction position for 201
create new session 4983039568
close session 4983039568
Extraction Finished
08:33:15 -- ******* Extraction Finished *******
no overlap. not waiting for min ms pumptime
08:33:15 -- Sending spectrometer configuration
======== Sending configuration ========
SetDeflection CDD,50.0 ===>> OK
SetDeflection H2,0.0 ===>> OK
SetDeflection H1,0.0 ===>> OK
SetDeflection L2,825.0 ===>> OK
SetDeflection L1,400.0 ===>> OK
SetDeflection AX,190.0 ===>> OK
SetZFocus 74.64 ===>> OK
SetZSymmetry -50.72 ===>> OK
SetExtractionLens 26.13 ===>> OK
SetIonRepeller -3.81 ===>> OK
SetElectronEnergy 75.08 ===>> OK
SetYSymmetry -2.81 ===>> OK
SetIonCounterVoltage 1590.0 ===>> OK
send trap current 200.0
GetParameter Trap Current Readback ===>> 198.370811206739
SetParameter Trap Current Set,200.0 ===>> OK
updating mftable name mftable
Using mftable located at /Users/jan/PychronDev/setupfiles/spectrometer/mftables/mftable.csv
============ MFtable ===========
Isotope  H2     H1     AX     L1     L2     CDD    
Ar40     5.7730 5.8787 5.9920 6.1129 6.2305 6.3411
Ar39     5.6722 5.7710 5.8844 5.9990 6.1156 6.2276
Ar36     5.3497 5.4400 5.5478 5.6578 5.7706 5.8787
================================
get initial guess parabolic
get initial guess parabolic
get initial guess parabolic
get initial guess parabolic
get initial guess parabolic
get initial guess parabolic
======== Configuration Finished ========
GetYSymmetry ===>> -2.81
GetZSymmetry ===>> -50.72
GetParameter Trap Current Readback ===>> 197.699505585058
GetHighVoltage ===>> 4499.94659342336
start measurement
do measurement
L#=25366 analysis type=unknown
Measurement Started jan_unknown120_60.py
08:33:15 -- ******* Measurement Started jan_unknown120_60.py *******
state changed from extraction to measurement
setting spec, defl, and gains
GetExtractionLens ===>> 26.13
GetYSymmetry ===>> -2.81
GetZSymmetry ===>> -50.72
GetZFocus ===>> 74.64
GetDeflection H2 ===>> 0
GetDeflection H1 ===>> 0
GetDeflection AX ===>> 190
GetDeflection L1 ===>> 400
GetDeflection L2 ===>> 825
GetDeflection CDD ===>> 50
GetGain H2 ===>> 0.0113
GetGain H1 ===>> 0.1
GetGain AX ===>> 0.097049
GetGain L1 ===>> 0.010355
GetGain L2 ===>> 0.095649
GetGain CDD ===>> 0
pre measurement save
New frame /Users/jan/PychronDev/data/isotopes/8f/16efd5-41d1-411e-9262-711818d7adef.h5
flush and close file /Users/jan/PychronDev/data/isotopes/8f/16efd5-41d1-411e-9262-711818d7adef.h5
testing...
no interpolation path defined
executed 226.132928
unknown measurement script
activate_detectors ('H2', 'H1', 'AX', 'L1', 'L2', 'CDD') {}
activate detectors
*************** Set Analysis View Ar/Ar
create graphs
Get Checksum: 1223320555
clearing graphs
clear isotope group
setting isotope det=H2, iso=PM41
setting isotope det=H1, iso=Ar40
setting isotope det=AX, iso=Ar39
setting isotope det=L1, iso=Ar38
setting isotope det=L2, iso=Ar37
setting isotope det=CDD, iso=Ar36
setting previous blanks
 - setting Ar40 blank 0.672+/-0.007
 - setting Ar36 blank 0.00638+/-0.00019
 - setting Ar37 blank 0.046+/-0.005
 - setting Ar38 blank 0.0136+/-0.0022
 - setting PM41 blank 0.04+/-0.07
 - setting Ar39 blank 0.036+/-0.009
load analysis view
position_magnet ('Ar40',) {'detector': 'H1'}
detector Detector(H1)
POSITION Ar40 H1
setting detector H2 to PM41 (40.9624)
setting detector H1 to Ar40 (39.9624)
setting detector AX to Ar39 (38.9624)
setting detector L1 to Ar38 (37.9624)
setting detector L2 to Ar37 (36.9624)
setting detector CDD to Ar36 (35.9624)
Mapping mass to dac mass func: "parabolic"
H1 map mass coeffs = [-0.00063987  0.15840543  0.57029999]
H1 map mass to dac 39.9624 >> 5.87869
GetDeflection H1 ===>> 0
GetHighVoltage ===>> 4499.94659342336
positioning Ar40 (5.87865538095) on H1
setting magnet DAC
current  : 5.878655
requested: 5.878655
Delta Dac: 0.000000
Checking detector protection. dv=0.00000
Checking detector "CDD". Protection Threshold: 0.1 (V)
SetMagnetDAC 5.87865538095 ===>> OK
Magnet settling time: 0.500
equilibrate () {'delay': 3, 'inlet': 'R', 'outlet': 'O', 'eqtime': 12.0}
Equilibration Started
08:33:17 -- ******* Equilibration Started *******
checking ownership. requestor=129.138.12.150
check software interlocks O
interlocks []
actuate state mode=None-script, software_lock=False
doing actuation None-script close_channel True
Close O ===>> OK
GetValveState O ===>> False
change switch state (True, True)
update switch state O False args=() kw={} ncanvase=3
08:33:17 -- CLOSE  VALVE-O (Jan Ion Pump)
waiting 3s before opening inlet value ('R',)
Get Checksum: 1281862853
checking ownership. requestor=129.138.12.150
check software interlocks R
interlocks []
actuate state mode=None-script, software_lock=False
doing actuation None-script open_channel True
Open R ===>> OK
GetValveState R ===>> OK
change switch state (True, True)
update switch state R True args=() kw={} ncanvase=3
08:33:20 -- OPEN   VALVE-R (Jan Inlet)
equilibrating for 12.0sec
set_time_zero () {}
sniff (12.0,) {}
py_sniff
build tables- sniff [Detector(H2), Detector(H1), Detector(AX), Detector(L1), Detector(L2), Detector(CDD)]
add group /sniff/PM41 (Group) '' table H2
add group /sniff/Ar40 (Group) '' table H1
add group /sniff/Ar39 (Group) '' table AX
add group /sniff/Ar38 (Group) '' table L1
add group /sniff/Ar37 (Group) '' table L2
add group /sniff/Ar36 (Group) '' table CDD
flush and close file /Users/jan/PychronDev/data/isotopes/8f/16efd5-41d1-411e-9262-711818d7adef.h5
measuring sniff. ncounts=12.0
starting measurement
GetData ===>> H2,-0.0686800588037573,H1,7.78533331657314,AX,2.35971922564169,L1,0.0192506282556281,L2,0.0623996...
GetData ===>> H2,1.05613013804686,H1,68.5658358593668,AX,18.2783280833469,L1,0.262940982476083,L2,0.30271454472...
GetData ===>> H2,0.51700721995153,H1,100.865299733601,AX,24.9252769605466,L1,0.387020270117093,L2,0.17937326788...
Get Checksum: 594863745
GetData ===>> H2,0.165529368803662,H1,111.025203711151,AX,26.7493264078861,L1,0.417654533482362,L2,0.1789397591...
GetData ===>> H2,0.155944243824932,H1,114.615235241144,AX,27.3265176103219,L1,0.420934530681078,L2,0.1597874784...
GetData ===>> H2,0.0599968421287304,H1,115.905119728031,AX,27.7389422596315,L1,0.399495029347209,L2,0.205444439...
Get Checksum: 594863745
GetData ===>> H2,0.0344782902452747,H1,116.68191626331,AX,27.8142289191143,L1,0.387503268653544,L2,0.1826018286...
GetData ===>> H2,0.105376166036576,H1,116.961566092511,AX,27.851481657848,L1,0.412233111016377,L2,0.11705942384...
GetData ===>> H2,-0.0287895853794778,H1,116.923538854606,AX,27.7259025231187,L1,0.41992686488593,L2,0.090385443...
Get Checksum: 594863745
GetData ===>> H2,0.101055305857432,H1,116.854651890484,AX,27.7339859194829,L1,0.417296773567201,L2,0.2801671197...
GetData ===>> H2,0.19058290978096,H1,116.739682297527,AX,27.671030472858,L1,0.387653675370327,L2,0.173509658514...
Equilibration Finished
08:33:33 -- ******* Equilibration Finished *******
checking ownership. requestor=129.138.12.150
check software interlocks R
interlocks []
actuate state mode=None-script, software_lock=False
doing actuation None-script close_channel True
GetData ===>> H2,0.0152118161032646,H1,116.939924225155,AX,27.7142820139754,L1,0.387027606633719,L2,0.205832422...
Close R ===>> OK
set states for children of R. state=False
handle state [('R', False)]
update switch state R False args=() kw={'refresh': False} ncanvase=3
refresh_canvas_needed fired
Get Checksum: 1281862853
GetValveState R ===>> False
change switch state (True, True)
update switch state R False args=() kw={} ncanvase=3
08:33:33 -- CLOSE  VALVE-R (Jan Inlet)
Post Equilibration Started jan_pump_extraction_line.py
08:33:33 -- ******* Post Equilibration Started jan_pump_extraction_line.py *******
testing...
no interpolation path defined
calculate duration
testing...
no interpolation path defined
executed 4.0
executed 4.0
Pump after analysis
doing GOSUB
testing...
no interpolation path defined
executed 4.0
Pump Microbone
close () {'description': 'Jan Inlet'}
closing name=--- desc=Jan Inlet
checking ownership. requestor=129.138.12.150
check software interlocks R
interlocks []
actuate state mode=None-script, software_lock=False
doing actuation None-script close_channel False
measurement finished
estimated time: 12.583 actual time: :12.653
flush and close file /Users/jan/PychronDev/data/isotopes/8f/16efd5-41d1-411e-9262-711818d7adef.h5
set_fits () {}
Close R ===>> OK
using default fits file=/Users/jan/PychronDev/scripts/measurement/fits/nominal_linear.yaml
set "Ar40" to "('Linear', 'SEM')"
No fit for "PM41". defaulting to linear. check the measurement script "jan_unknown120_60.py"
set "PM41" to "linear"
set "Ar36" to "('Linear', 'SEM')"
set "Ar37" to "('linear', 'SEM')"
set "Ar38" to "('linear', 'SEM')"
set "Ar39" to "('Linear', 'SEM')"
set_baseline_fits () {}
using default fits file=/Users/jan/PychronDev/scripts/measurement/fits/nominal_linear.yaml
set "H1" to "('average', 'SEM')"
set "H2" to "('average', 'SEM')"
set "CDD" to "('average', 'SEM')"
set "L2" to "('average', 'SEM')"
set "L1" to "('average', 'SEM')"
set "AX" to "('average', 'SEM')"
multicollect () {'integration_time': 1, 'ncounts': 120}
build tables- signal [Detector(H2), Detector(H1), Detector(AX), Detector(L1), Detector(L2), Detector(CDD)]
add group /signal/PM41 (Group) '' table H2
add group /signal/Ar40 (Group) '' table H1
add group /signal/Ar39 (Group) '' table AX
add group /signal/Ar38 (Group) '' table L1
add group /signal/Ar37 (Group) '' table L2
add group /signal/Ar36 (Group) '' table CDD
flush and close file /Users/jan/PychronDev/data/isotopes/8f/16efd5-41d1-411e-9262-711818d7adef.h5
measuring signal. ncounts=120
GetValveState R ===>> False
change switch state (True, True)
update switch state R False args=() kw={} ncanvase=3
08:33:34 -- CLOSE  VALVE-R (Jan Inlet)
---------------------------------------- close None (Jan Inlet) result=[(True, True)]
action=close, ok=True, locked=[False]
is_closed ('F',) {}
is F () closed?
is closed True
open () {'description': 'CO2 Laser to Jan'}
opening name=--- desc=CO2 Laser to Jan
checking ownership. requestor=129.138.12.150
check software interlocks A
interlocks []
actuate state mode=None-script, software_lock=False
doing actuation None-script open_channel False
Open A ===>> OK
GetValveState A ===>> OK
change switch state (True, True)
update switch state A True args=() kw={} ncanvase=3
08:33:34 -- OPEN   VALVE-A (CO2 Laser to Jan)
---------------------------------------- open None (CO2 Laser to Jan) result=[(True, True)], time=0.17 sec
starting measurement
GetData ===>> H2,-0.00979001772938128,H1,117.112984494045,AX,27.6162863470981,L1,0.411393083208951,L2,0.1253823...
action=open, ok=True, locked=[False]
sleep (1,) {}
SLEEP 1.0
GetData ===>> H2,0.14760118512642,H1,117.050142872191,AX,27.8432904134309,L1,0.448095859404005,L2,0.17515234555...
close () {'description': 'CO2 Laser to Roughing'}
closing name=--- desc=CO2 Laser to Roughing
checking ownership. requestor=129.138.12.150
check software interlocks G
interlocks []
actuate state mode=None-script, software_lock=True
VALVE-G(CO2 Laser to Roughing) software locked
change switch state (True, False)
---------------------------------------- close None (CO2 Laser to Roughing) result=[(True, False)]
action=close, ok=True, locked=[True]
open () {'description': 'Microbone to Turbo'}
opening name=--- desc=Microbone to Turbo
checking ownership. requestor=129.138.12.150
check software interlocks U
interlocks []
actuate state mode=None-script, software_lock=False
doing actuation None-script open_channel True
Open U ===>> OK
GetValveState U ===>> OK
change switch state (True, True)
update switch state U True args=() kw={} ncanvase=3
08:33:36 -- OPEN   VALVE-U (Microbone to Turbo)
---------------------------------------- open None (Microbone to Turbo) result=[(True, True)], time=0.19 sec
action=open, ok=True, locked=[False]
open () {'description': 'Microbone to Getter NP-10'}
opening name=--- desc=Microbone to Getter NP-10
checking ownership. requestor=129.138.12.150
check software interlocks M
interlocks []
actuate state mode=None-script, software_lock=False
doing actuation None-script open_channel False
Open M ===>> OK
GetValveState M ===>> OK
change switch state (True, True)
update switch state M True args=() kw={} ncanvase=3
08:33:36 -- OPEN   VALVE-M (Microbone to Getter NP-10)
---------------------------------------- open None (Microbone to Getter NP-10) result=[(True, True)], time=0.15 sec
action=open, ok=True, locked=[False]
open () {'description': 'Microbone to Getter D-50'}
opening name=--- desc=Microbone to Getter D-50
checking ownership. requestor=129.138.12.150
check software interlocks K
interlocks []
actuate state mode=None-script, software_lock=False
doing actuation None-script open_channel False
GetData ===>> H2,0.036046239233625,H1,117.087723858621,AX,27.7615003732587,L1,0.452409141413397,L2,0.1159079574...
Open K ===>> OK
GetValveState K ===>> OK
change switch state (True, True)
update switch state K True args=() kw={} ncanvase=3
08:33:37 -- OPEN   VALVE-K (Microbone to Getter D-50)
---------------------------------------- open None (Microbone to Getter D-50) result=[(True, True)], time=0.43 sec
Get Checksum: 799532470
action=open, ok=True, locked=[False]
open () {'description': 'Microbone to CO2 Laser'}
opening name=--- desc=Microbone to CO2 Laser
checking ownership. requestor=129.138.12.150
check software interlocks T
interlocks []
actuate state mode=None-script, software_lock=False
doing actuation None-script open_channel False
Open T ===>> OK
GetValveState T ===>> OK
change switch state (True, True)
update switch state T True args=() kw={} ncanvase=3
08:33:37 -- OPEN   VALVE-T (Microbone to CO2 Laser)
---------------------------------------- open None (Microbone to CO2 Laser) result=[(True, True)], time=0.43 sec
GetData ===>> H2,-0.0211466293595519,H1,116.969354107163,AX,27.6829776087257,L1,0.403835921822264,L2,0.19530036...
action=open, ok=True, locked=[False]
open () {'description': 'Microbone to Inlet Pipette'}
opening name=--- desc=Microbone to Inlet Pipette
checking ownership. requestor=129.138.12.150
check software interlocks S
interlocks []
actuate state mode=None-script, software_lock=False
doing actuation None-script open_channel False
Open S ===>> OK
GetValveState S ===>> OK
change switch state (True, True)
update switch state S True args=() kw={} ncanvase=3
08:33:38 -- OPEN   VALVE-S (Microbone to Inlet Pipette)
---------------------------------------- open None (Microbone to Inlet Pipette) result=[(True, True)], time=0.43 sec
action=open, ok=True, locked=[False]
sleep (1,) {}
SLEEP 1.0
GetData ===>> H2,-0.116696664942877,H1,116.818859869932,AX,27.6213343122821,L1,0.379680236095036,L2,0.068969184...
set_resource () {'name': 'CO2PumpTimeFlag', 'value': 30}
Set CO2PumpTimeFlag 30 ===>> OK
release ('JanCO2Flag',) {}
release JanCO2Flag
Set JanCO2Flag 0 ===>> OK
executed 6.0
PumpMicrobone.py completed successfully
gosub finished
get_resource_value () {'name': 'JanMiniboneFlag'}
Read JanMiniboneFlag ===>> 0
Get Resource Value JanMiniboneFlag=0.0
get resource value 0.0
get_resource_value () {'name': 'JanMiniboneFlag'}
Read JanMiniboneFlag ===>> 0
Get Resource Value JanMiniboneFlag=0.0
executed 4.0
jan_pump_extraction_line.py completed successfully
Post Equilibration Finished
08:33:39 -- ******* Post Equilibration Finished *******
GetData ===>> H2,-0.192213528305629,H1,116.886503195354,AX,27.5068906199093,L1,0.386663232645555,L2,0.110002634...
Get Checksum: 799532470
GetData ===>> H2,-0.0902454561329143,H1,116.881968811137,AX,27.6328665192403,L1,0.401330335730295,L2,0.16490882...
GetData ===>> H2,-0.167787563057084,H1,116.885407373952,AX,27.64523327744,L1,0.398229244289517,L2,0.07996865118...
GetData ===>> H2,-0.121622332077875,H1,116.748729621649,AX,27.6673220886853,L1,0.399349345946284,L2,0.177160112...
Get Checksum: 799532470
GetData ===>> H2,-0.116415211019157,H1,116.84001301618,AX,27.5440897673043,L1,0.37386992884902,L2,0.19022303298...
GetData ===>> H2,-0.154179411501943,H1,116.814478499686,AX,27.417175368402,L1,0.356177408566877,L2,0.1332840315...
GetData ===>> H2,-0.253967351521039,H1,116.708237892117,AX,27.4643453022855,L1,0.374121738417665,L2,0.111290830...
Get Checksum: 799532470
GetData ===>> H2,-0.0972553960124228,H1,116.674099921514,AX,27.5298705443988,L1,0.393611798355412,L2,0.06985884...
GetData ===>> H2,-0.142070267823202,H1,116.637742009221,AX,27.6104172165056,L1,0.391226176972593,L2,-0.00828572...
GetData ===>> H2,-0.203718399187576,H1,116.787191235648,AX,27.4950848112772,L1,0.340309813502071,L2,0.271621937...
Get Checksum: 799532470
GetData ===>> H2,-0.260641435422947,H1,116.724780837492,AX,27.454118328937,L1,0.351236695684882,L2,0.1318473073...
GetData ===>> H2,-0.24140434282747,H1,116.66647275198,AX,27.4590927804991,L1,0.330021913373398,L2,0.14708224264...
Get Checksum: 799532470
GetData ===>> H2,-0.172109527780528,H1,116.370209694391,AX,27.353011338978,L1,0.333833526485138,L2,0.0468899864...
GetData ===>> H2,-0.193429340511437,H1,116.484969952106,AX,27.4886927277132,L1,0.355218631188724,L2,0.069596509...
GetData ===>> H2,-0.13999299552446,H1,116.684578438764,AX,27.4895661584299,L1,0.371720020230206,L2,0.0451681143...
Get Checksum: 799532470
GetData ===>> H2,-0.147954032449518,H1,116.529902009303,AX,27.4134163372865,L1,0.364677002001185,L2,0.062536495...
GetData ===>> H2,-0.222023025261777,H1,116.399511452147,AX,27.5152825068088,L1,0.359050613673057,L2,0.254867931...
GetData ===>> H2,-0.0735318000114044,H1,116.270910860118,AX,27.4755523944699,L1,0.386361227768312,L2,0.10826986...
Get Checksum: 799532470
GetData ===>> H2,-0.0660336455657088,H1,116.36854948672,AX,27.3492147950442,L1,0.391185809688156,L2,0.204189209...
08:33:59 -- collecting point 25
GetData ===>> H2,-0.12515596948851,H1,116.624794113626,AX,27.36956155397,L1,0.390338133380548,L2,0.089804170254...
GetData ===>> H2,-0.173400534844571,H1,116.518257325004,AX,27.3444924459773,L1,0.376788120908712,L2,0.146819944...
Get Checksum: 799532470
GetData ===>> H2,-0.156676205818805,H1,116.449369265936,AX,27.3630787617626,L1,0.366517615451184,L2,0.039227323...
GetData ===>> H2,-0.0649757124596282,H1,116.355966433387,AX,27.3938290793819,L1,0.410453949748534,L2,0.03051635...
GetData ===>> H2,-0.183279639100246,H1,116.20829854191,AX,27.3768121455131,L1,0.357249879861396,L2,0.1026157944...
Get Checksum: 799532470
GetData ===>> H2,-0.127267783189059,H1,116.079097477387,AX,27.3246660633939,L1,0.348049576101975,L2,0.279174516...
GetData ===>> H2,-0.171049092162887,H1,116.162517549127,AX,27.3244809103997,L1,0.355691291118987,L2,0.206859445...
GetData ===>> H2,-0.173442351839729,H1,116.170699834896,AX,27.3765739798755,L1,0.328892728733297,L2,0.133329642...
Get Checksum: 799532470
GetData ===>> H2,-0.122377024405148,H1,116.281526165432,AX,27.3029920359928,L1,0.327015094910286,L2,0.212143081...
GetData ===>> H2,-0.0785237602210319,H1,116.21276798948,AX,27.4676795255978,L1,0.360700109263605,L2,0.182407883...
GetData ===>> H2,-0.230003842503124,H1,116.314715372116,AX,27.5874338758586,L1,0.369452043495225,L2,0.010326819...
Get Checksum: 799532470
GetData ===>> H2,-0.179893032573511,H1,116.274191535638,AX,27.2669661822315,L1,0.359904667918718,L2,0.092197670...
GetData ===>> H2,-0.21850412806677,H1,116.158633939487,AX,27.3406961933642,L1,0.357960850936605,L2,0.2700932399...
GetData ===>> H2,-0.163887879130701,H1,115.967790847283,AX,27.073603055427,L1,0.357892439204118,L2,0.1893559192...
Get Checksum: 799532470
GetData ===>> H2,-0.143502647777053,H1,116.087162386183,AX,27.2322528466683,L1,0.345536954909909,L2,0.028053706...
GetData ===>> H2,-0.169033181277616,H1,116.173641036417,AX,27.4016106303474,L1,0.330302399715653,L2,0.149887742...
Get Checksum: 799532470
GetData ===>> H2,-0.113793836318729,H1,116.132940419792,AX,27.229462356585,L1,0.342410157648068,L2,0.0793076676...
GetData ===>> H2,-0.18383003561402,H1,115.972048939209,AX,27.266040901503,L1,0.359134916291434,L2,0.04650227745...
GetData ===>> H2,-0.0642939058776829,H1,115.983146894771,AX,27.289585086066,L1,0.36236052164094,L2,0.1347777914...
Get Checksum: 799532470
GetData ===>> H2,-0.138900822113954,H1,115.886664081066,AX,27.3692307901015,L1,0.343688576637198,L2,0.105305997...
GetData ===>> H2,-0.17655130769263,H1,115.863446925187,AX,27.2008870166069,L1,0.304705883730717,L2,0.0991733567...
GetData ===>> H2,-0.220956155314683,H1,115.776872619142,AX,27.2189755023784,L1,0.344058225607669,L2,0.166403080...
Get Checksum: 799532470
GetData ===>> H2,-0.0525151148171246,H1,115.802784095138,AX,27.1855643569594,L1,0.361165241789549,L2,0.19314389...
GetData ===>> H2,-0.110932233803924,H1,115.681304311461,AX,27.1445645079996,L1,0.359836243211001,L2,0.122007466...
GetData ===>> H2,-0.155714302571271,H1,115.511527885439,AX,27.2669133088392,L1,0.333785948806712,L2,0.116683200...
Get Checksum: 799532470
08:34:26 -- collecting point 50
GetData ===>> H2,-0.13109575119031,H1,115.942791001705,AX,27.1902706605274,L1,0.321824133262075,L2,0.2015076366...
GetData ===>> H2,-0.147648773254603,H1,115.653469548321,AX,27.0859591958464,L1,0.360300562694219,L2,0.146683092...
GetData ===>> H2,-0.0834674768341244,H1,115.535492638707,AX,27.1089299501263,L1,0.342801717503497,L2,0.08460706...
Get Checksum: 799532470
GetData ===>> H2,-0.121120528584927,H1,115.591186176937,AX,27.264084619076,L1,0.36442053929549,L2,0.12664791437...
GetData ===>> H2,-0.16936514308432,H1,115.567852708884,AX,27.1404283564808,L1,0.392706420356543,L2,0.1665171464...
GetData ===>> H2,-0.113381019537041,H1,115.642983743492,AX,27.2205888000501,L1,0.384331789889378,L2,0.066710851...
Get Checksum: 799532470
GetData ===>> H2,-0.122052431703738,H1,115.639049393122,AX,27.1358695183334,L1,0.327621020906245,L2,0.135028654...
GetData ===>> H2,-0.141944588119441,H1,115.497628490758,AX,27.1475510902967,L1,0.357844795588742,L2,0.164361319...
GetData ===>> H2,-0.205798005313794,H1,115.521816858944,AX,27.1228943728538,L1,0.359024956492044,L2,0.118906359...
Get Checksum: 799532470
GetData ===>> H2,-0.181767259928284,H1,115.612659777653,AX,27.0699419076472,L1,0.35844218924893,L2,0.1025360014...
GetData ===>> H2,-0.0864009879542823,H1,115.555096028768,AX,27.185498258612,L1,0.358977307611985,L2,-0.01735703...
GetData ===>> H2,-0.0233150045361236,H1,115.478163872066,AX,27.2125489920448,L1,0.333417534269549,L2,0.06835327...
Get Checksum: 799532470
GetData ===>> H2,-0.111354615956574,H1,115.462812035908,AX,27.0603732691846,L1,0.359747047402816,L2,0.163243503...
GetData ===>> H2,-0.121139464968516,H1,115.326520284048,AX,27.124493061328,L1,0.369514357275345,L2,0.1109830299...
Get Checksum: 799532470
GetData ===>> H2,-0.247042543426398,H1,115.296445511959,AX,27.1626570283121,L1,0.372173431336648,L2,0.181780417...
GetData ===>> H2,-0.123648256459832,H1,115.362636382823,AX,26.9490201809456,L1,0.369359184447003,L2,0.113456862...
GetData ===>> H2,-0.201446973167548,H1,115.453705950931,AX,27.017192506766,L1,0.356010074078982,L2,0.0986148272...
Get Checksum: 799532470
GetData ===>> H2,-0.172181029408503,H1,115.392686163335,AX,27.1316676247825,L1,0.365955747509626,L2,0.143170646...
GetData ===>> H2,-0.138014029717098,H1,115.389639554442,AX,27.1138840142634,L1,0.385719344084456,L2,0.100096647...
GetData ===>> H2,-0.153576747801751,H1,115.203555715048,AX,27.1904954047376,L1,0.338205516730708,L2,0.109911435...
Get Checksum: 799532470
GetData ===>> H2,-0.0501185345609685,H1,115.151088157276,AX,27.1331871591062,L1,0.309623932694495,L2,0.21174366...
GetData ===>> H2,-0.0791931641678381,H1,115.284285653864,AX,27.0508847443425,L1,0.344142404960953,L2,0.11044723...
GetData ===>> H2,-0.129525177615453,H1,115.151163313211,AX,26.9820445815583,L1,0.3690231883377,L2,-0.0145536797...
Get Checksum: 799532470
GetData ===>> H2,-0.056970382006297,H1,115.24953555408,AX,26.8700123226826,L1,0.328092863377653,L2,0.1449154497...
GetData ===>> H2,-0.0904636083199983,H1,115.078076622538,AX,27.0297433200458,L1,0.299983731065131,L2,0.14602164...
08:34:52 -- collecting point 75
GetData ===>> H2,-0.221433026298388,H1,114.916269718224,AX,27.0711975223264,L1,0.313113552438153,L2,0.055625258...
Get Checksum: 799532470
GetData ===>> H2,-0.152233476199509,H1,115.068662291392,AX,27.0568447117617,L1,0.351087754188421,L2,0.065501865...
GetData ===>> H2,-0.132283355337781,H1,115.035275075197,AX,26.9429207886434,L1,0.399938213406814,L2,0.149785100...
GetData ===>> H2,-0.203690093420697,H1,114.966155768918,AX,26.9849632445584,L1,0.348254615615559,L2,0.193588877...
Get Checksum: 799532470
GetData ===>> H2,-0.157886574815497,H1,114.78752270691,AX,26.9870895587571,L1,0.307589683007577,L2,0.2092102279...
GetData ===>> H2,-0.0786104868405119,H1,114.77031304703,AX,26.9632534020108,L1,0.358878345261186,L2,0.107323699...
GetData ===>> H2,-0.0645080761624084,H1,114.786115085049,AX,26.8740396529872,L1,0.353760484437984,L2,0.07431868...
Get Checksum: 799532470
GetData ===>> H2,-0.0934549874001767,H1,114.953030282539,AX,26.8708573896903,L1,0.381166179150669,L2,0.06700739...
GetData ===>> H2,-0.181405662101936,H1,114.753649432471,AX,26.8951406319585,L1,0.352449062334888,L2,0.134960236...
GetData ===>> H2,-0.251627728444735,H1,114.7399895862,AX,26.8855282521561,L1,0.353004625695976,L2,0.00971128277...
Get Checksum: 799532470
GetData ===>> H2,-0.147945928329295,H1,114.887308223145,AX,26.9948423665939,L1,0.367138148868901,L2,0.198472415...
GetData ===>> H2,-0.19792906986578,H1,114.674600558576,AX,26.9036524387357,L1,0.380916882955541,L2,0.0979879102...
GetData ===>> H2,-0.309102435103741,H1,114.693874708572,AX,26.8770767530066,L1,0.350378480538702,L2,0.125849786...
GetData ===>> H2,-0.303330078479948,H1,114.774310324888,AX,26.7564622872305,L1,0.344497429845345,L2,0.120240279...
Get Checksum: 799532470
GetData ===>> H2,-0.318060434394322,H1,114.7075897173,AX,26.8080231167805,L1,0.357931531566768,L2,0.16717873254...
GetData ===>> H2,-0.228777530383385,H1,114.5776462828,AX,26.8257081519189,L1,0.349437334342746,L2,0.18173478399...
GetData ===>> H2,-0.13152860536614,H1,114.830864848636,AX,26.8547098027336,L1,0.346201964653496,L2,0.1809704221...
Get Checksum: 799532470
GetData ===>> H2,-0.18959410100271,H1,114.746162639214,AX,26.8908239731613,L1,0.343038368412311,L2,0.0633576659...
GetData ===>> H2,-0.214154353956493,H1,114.57074469508,AX,26.9135771074022,L1,0.374153520647239,L2,0.1175952594...
GetData ===>> H2,-0.151091242489656,H1,114.6713352596,AX,26.7948007789974,L1,0.386218175928092,L2,0.14416278579...
Get Checksum: 799532470
GetData ===>> H2,-0.143016199399472,H1,114.634145655724,AX,26.6963237647637,L1,0.33804685759246,L2,0.0452023234...
GetData ===>> H2,-0.183262101516539,H1,114.578752815504,AX,26.9386434930157,L1,0.312671191850842,L2,0.140342537...
GetData ===>> H2,-0.192433246832944,H1,114.431396804894,AX,26.6958619599968,L1,0.295546564515441,L2,0.105214802...
Get Checksum: 799532470
GetData ===>> H2,-0.27338311270089,H1,114.537347537183,AX,26.7760256607458,L1,0.289715285178763,L2,0.1689924144...
GetData ===>> H2,-0.281970779048742,H1,114.278321359919,AX,26.832677359343,L1,0.32142812433474,L2,0.03138285218...
08:35:18 -- collecting point 100
GetData ===>> H2,-0.210047676486088,H1,114.479531973795,AX,26.7919374667029,L1,0.326907811953225,L2,0.088698621...
Get Checksum: 799532470
GetData ===>> H2,-0.14851050151783,H1,114.325540009972,AX,26.8209698692836,L1,0.324880619319726,L2,0.0403333545...
GetData ===>> H2,-0.231348459876604,H1,114.128412991391,AX,26.6494406224861,L1,0.325340146130442,L2,0.172996324...
GetData ===>> H2,-0.200914436381338,H1,114.26936304519,AX,26.7363484643178,L1,0.373314991720793,L2,0.0418156842...
Get Checksum: 799532470
GetData ===>> H2,-0.150235112010945,H1,114.230424671157,AX,26.8057005160041,L1,0.341545363536668,L2,0.040823661...
GetData ===>> H2,-0.163958082604828,H1,114.312959980717,AX,26.7039768099947,L1,0.353529691283863,L2,0.127081186...
GetData ===>> H2,-0.12875609186131,H1,114.292921882886,AX,26.7952362200716,L1,0.356786920057554,L2,0.1228283648...
Get Checksum: 799532470
GetData ===>> H2,-0.296260049444273,H1,114.224485449287,AX,26.6720882146661,L1,0.345540615395832,L2,0.185830498...
GetData ===>> H2,-0.0818053597612999,H1,114.130117910749,AX,26.7458707499131,L1,0.342981034958264,L2,0.10296916...
Get Checksum: 799532470
GetData ===>> H2,-0.116623595844717,H1,114.008478064005,AX,26.9260105930617,L1,0.330787781197366,L2,0.245529160...
GetData ===>> H2,-0.147906758333226,H1,114.049707074295,AX,26.8087093490593,L1,0.358834362300859,L2,0.030744377...
GetData ===>> H2,-0.139064384480437,H1,113.965538001633,AX,26.7018655722533,L1,0.359314519834042,L2,0.107745484...
Get Checksum: 799532470
GetData ===>> H2,-0.239727141382522,H1,114.001027290078,AX,26.6044757419865,L1,0.326956576794284,L2,0.096346546...
GetData ===>> H2,-0.293575731291526,H1,113.986182957211,AX,26.5934944288918,L1,0.340148680363813,L2,0.124150937...
GetData ===>> H2,-0.218706238338928,H1,113.915736844392,AX,26.6116214314,L1,0.311534303252759,L2,0.136271574628...
Get Checksum: 799532470
GetData ===>> H2,-0.129087251167862,H1,113.904354711449,AX,26.6748189014024,L1,0.315044077127891,L2,0.155795526...
GetData ===>> H2,-0.151459871822219,H1,113.819351776211,AX,26.6742120763052,L1,0.340014404685381,L2,0.137582930...
GetData ===>> H2,-0.150118975767736,H1,113.915062879334,AX,26.612517971141,L1,0.369883360360621,L2,0.1491806572...
Get Checksum: 799532470
GetData ===>> H2,-0.14710847134905,H1,113.903624635679,AX,26.6072047607812,L1,0.332486797662839,L2,0.0770968247...
GetData ===>> H2,-0.214827658237556,H1,113.939215098995,AX,26.635962426974,L1,0.354267270713398,L2,0.0625364956...
GetData ===>> H2,-0.208067210431131,H1,113.922345599426,AX,26.6942522555864,L1,0.325775313884641,L2,0.104451051...
Get Checksum: 799532470
measurement finished
estimated time: 125.829 actual time: :126.134
flush and close file /Users/jan/PychronDev/data/isotopes/8f/16efd5-41d1-411e-9262-711818d7adef.h5
baselines () {'settling_time': 15.0, 'detector': 'H1', 'mass': 34.2, 'ncounts': 60}
%%%%%%%%%%%%%%%%%%%%%%%%%%%%%%%% Baseline
build tables- baseline [Detector(H2), Detector(H1), Detector(AX), Detector(L1), Detector(L2), Detector(CDD)]
add group baseline table H2
add group baseline table H1
add group baseline table AX
add group baseline table L1
add group baseline table L2
add group baseline table CDD
flush and close file /Users/jan/PychronDev/data/isotopes/8f/16efd5-41d1-411e-9262-711818d7adef.h5
detector Detector(H1)
POSITION 34.2 H1
Mapping mass to dac mass func: "parabolic"
H1 map mass coeffs = [-0.00063987  0.15840543  0.57029999]
H1 map mass to dac 34.2 >> 5.23934599104
GetDeflection H1 ===>> 0
GetHighVoltage ===>> 4499.94659342336
positioning 34.2 (5.23931513703) on H1
setting magnet DAC
current  : 5.878655
requested: 5.239315
Delta Dac: 0.639340
Checking detector protection. dv=0.63934
Checking detector "CDD". Protection Threshold: 0.1 (V)
ProtectDetector CDD,On ===>> OK
GetDeflection CDD ===>> 2000
SetMagnetDAC 5.23931513703 ===>> OK
Magnet settling time: 0.500
GetMagnetMoving ===>> True
GetMagnetMoving ===>> True
GetMagnetMoving ===>> True
GetMagnetMoving ===>> True
GetMagnetMoving ===>> True
GetMagnetMoving ===>> True
GetMagnetMoving ===>> True
GetMagnetMoving ===>> True
Get Checksum: 799532470
GetMagnetMoving ===>> True
GetMagnetMoving ===>> False
ProtectDetector CDD,Off ===>> OK
GetDeflection CDD ===>> 50
Delaying 15.0s for detectors to settle
Get Checksum: 799532470
Get Checksum: 799532470
Get Checksum: 799532470
Get Checksum: 799532470
Get Checksum: 799532470
Join finished
measuring baseline. ncounts=60
starting measurement
GetData ===>> H2,-0.199502755548367,H1,-0.00387930032885713,AX,-0.0847759675017306,L1,-0.00738427364086449,L2,0...
GetData ===>> H2,-0.175032629438191,H1,-0.0208157992851231,AX,-0.129969117993564,L1,0.00136467751812852,L2,-0.0...
Get Checksum: 799532470
GetData ===>> H2,-0.147808157399291,H1,-0.0117038419112923,AX,0.0122632020735413,L1,0.00132146599393612,L2,-0.0...
GetData ===>> H2,-0.17648246535182,H1,-0.0621312169388986,AX,-0.137898362295968,L1,-0.0225663731085661,L2,-0.08...
GetData ===>> H2,-0.190544606620974,H1,-0.000706369841041288,AX,-0.0160189546506039,L1,-0.0275323412370791,L2,-...
Get Checksum: 799532470
GetData ===>> H2,-0.16994942621235,H1,-0.0195277718828766,AX,-0.064003253266801,L1,-0.000810072361936149,L2,-0....
GetData ===>> H2,-0.181010319920209,H1,0.0445963906269277,AX,-0.0936772019018372,L1,-0.00699210139063874,L2,-0....
GetData ===>> H2,-0.106223167039979,H1,-0.0520096228294296,AX,-0.126354438453838,L1,0.00586887440042077,L2,-0.0...
Get Checksum: 799532470
GetData ===>> H2,-0.149869143770672,H1,-0.0692955899531221,AX,-0.0994950165908481,L1,-0.0147769456948739,L2,0.0...
GetData ===>> H2,-0.117052531791812,H1,-0.12540116542501,AX,-0.0693823279708384,L1,-0.00995520195606894,L2,0.04...
GetData ===>> H2,-0.159637058452804,H1,-0.0843975046299182,AX,-0.0943378079306518,L1,-0.0229439399093507,L2,0.0...
Get Checksum: 799532470
GetData ===>> H2,-0.148483489086924,H1,-0.05468020173216,AX,-0.0315833954128102,L1,-0.0364326583452419,L2,-0.05...
GetData ===>> H2,-0.0852905141335287,H1,-0.0793439211057344,AX,-0.117884903620184,L1,-0.0248998686284712,L2,-0....
GetData ===>> H2,-0.0903877297732365,H1,-0.0344702556703378,AX,-0.118672798433142,L1,-0.00106568264397937,L2,-0...
Get Checksum: 799532470
GetData ===>> H2,-0.0869358726158462,H1,-0.0497681890990752,AX,-0.103690117279433,L1,-0.0275634906338537,L2,-0....
GetData ===>> H2,-0.172832617785502,H1,0.0213995797615276,AX,-0.121963348967609,L1,-0.0295676316851544,L2,0.049...
GetData ===>> H2,-0.161745113880367,H1,0.0485943263851986,AX,-0.232157846173968,L1,-0.00927655985768229,L2,-0.0...
Get Checksum: 799532470
GetData ===>> H2,-0.119462119914504,H1,-0.0695697570994412,AX,-0.0660088482127725,L1,-0.0206375647597001,L2,-0....
GetData ===>> H2,-0.147762233383972,H1,-0.0807384496045892,AX,-0.0275243549541177,L1,-0.00755456998265483,L2,0....
GetData ===>> H2,-0.146324987855008,H1,-0.0188360466221614,AX,-0.158686646212165,L1,-0.0261329149594715,L2,-0.0...
Get Checksum: 799532470
GetData ===>> H2,-0.121884721838155,H1,-0.0621192957576565,AX,-0.120422365567437,L1,-0.00541246396551264,L2,0.0...
GetData ===>> H2,-0.272572988336584,H1,-0.0771746159205165,AX,-0.0343550429180732,L1,-0.0184098044444979,L2,-0....
GetData ===>> H2,-0.259700066593058,H1,-0.0580064034715776,AX,-0.0264689767053907,L1,-0.0315821515371968,L2,-0....
Get Checksum: 799532470
GetData ===>> H2,-0.124754382984643,H1,-0.0511750523067399,AX,-0.0368019129795143,L1,-0.014220247225269,L2,-0.0...
08:36:24 -- collecting point 25
GetData ===>> H2,-0.180376124448153,H1,-0.00448763265408196,AX,-0.0144994906465536,L1,-0.00733030588914674,L2,-...
Get Checksum: 799532470
GetData ===>> H2,-0.0389029644987977,H1,-1.45144989137203E-05,AX,-0.0306556296612302,L1,-0.0148909047358977,L2,...
GetData ===>> H2,-0.200571981761168,H1,-0.0326100201293532,AX,-0.0770910437512183,L1,-0.0251299528853896,L2,-0....
GetData ===>> H2,-0.264221151024063,H1,-0.0404800111231783,AX,-0.0497774137150448,L1,0.023446362994387,L2,-0.02...
Get Checksum: 799532470
GetData ===>> H2,-0.195891179025809,H1,-0.078020888922725,AX,-0.0705183876124691,L1,0.0258242089973483,L2,-0.04...
GetData ===>> H2,-0.208323208555257,H1,-0.0406111723966649,AX,0.000383231318905782,L1,-0.001414886204042,L2,0.0...
GetData ===>> H2,-0.251265984808148,H1,-0.0125745228970463,AX,-0.0260746566208088,L1,-0.0365249171137243,L2,0.0...
Get Checksum: 799532470
GetData ===>> H2,-0.257834733602462,H1,-0.0640624295466406,AX,-0.11471008633011,L1,-0.0329377129693162,L2,-0.03...
GetData ===>> H2,-0.317655540223914,H1,-0.0696889599722138,AX,-0.0885660457615763,L1,-0.0319605775343527,L2,-0....
GetData ===>> H2,-0.236380942075411,H1,0.0357895610050952,AX,-0.0401068293803991,L1,-0.0261101487099909,L2,-0.1...
Get Checksum: 799532470
GetData ===>> H2,-0.271395987552988,H1,0.0168419904772012,AX,0.0698670479680113,L1,0.00531823475516663,L2,0.076...
GetData ===>> H2,-0.11192995098904,H1,-0.054143707226628,AX,-0.0938510460285139,L1,0.0388429966905079,L2,-0.043...
GetData ===>> H2,-0.156684311398212,H1,-0.0301058022996735,AX,-0.158605495906279,L1,0.0312668876549602,L2,-0.03...
Get Checksum: 799532470
GetData ===>> H2,-0.0457013174339205,H1,-0.023594542690719,AX,-0.0988344455783311,L1,0.00790254308690565,L2,-0....
GetData ===>> H2,-0.172032629299526,H1,-0.0097954735326365,AX,-0.0170628474721669,L1,-0.0204601293822989,L2,0.0...
GetData ===>> H2,-0.159769414276516,H1,-0.0308212995018707,AX,-0.116332268693502,L1,-0.0409834808276505,L2,0.04...
Get Checksum: 799532470
GetData ===>> H2,-0.232659274104564,H1,-0.0651829926147094,AX,-0.0931788470170823,L1,-0.0141902855334235,L2,-0....
GetData ===>> H2,-0.243001894566017,H1,0.0220557942594237,AX,-0.0944421137357189,L1,-0.0209792389343154,L2,-0.1...
GetData ===>> H2,-0.234104492543516,H1,0.00787058849256468,AX,0.0180296870863101,L1,-0.0277539790765193,L2,-0.0...
Get Checksum: 799532470
GetData ===>> H2,-0.199601187909773,H1,-0.0725736261952157,AX,0.0232047310525979,L1,-0.00419008389374081,L2,-0....
GetData ===>> H2,-0.20306060877801,H1,0.00662992596944818,AX,-0.0694634755279509,L1,0.0110864488838973,L2,-0.08...
GetData ===>> H2,-0.159058996533906,H1,-0.00641995786996292,AX,-0.00867659217106134,L1,0.00439834980865242,L2,-...
GetData ===>> H2,-0.11723790288056,H1,0.012332328875231,AX,-0.0783892936891459,L1,-0.00657952448996575,L2,-0.10...
GetData ===>> H2,-0.146642440276685,H1,-0.0387152790912058,AX,-0.0553891587028929,L1,0.0102774758513948,L2,-0.0...
Get Checksum: 799532470
GetData ===>> H2,-0.205027126578782,H1,0.0262556689058836,AX,0.048538567862431,L1,0.00429629216078706,L2,-0.038...
08:36:50 -- collecting point 50
GetData ===>> H2,-0.198842023009045,H1,-0.0646227126491759,AX,-0.0354103356550218,L1,-0.0255002336847213,L2,0.0...
Get Checksum: 799532470
GetData ===>> H2,-0.142151350763977,H1,-0.102750354562198,AX,-0.11997049362613,L1,-0.0292849438153141,L2,-0.039...
GetData ===>> H2,-0.136837841393816,H1,-0.0447367028995281,AX,-0.0753406972183566,L1,0.00510317614816344,L2,0.0...
GetData ===>> H2,-0.20581956759995,H1,-0.0228432162463708,AX,-0.068524478227826,L1,-0.0266984599838972,L2,-0.00...
Get Checksum: 799532470
GetData ===>> H2,-0.261278928461358,H1,-0.071143223586234,AX,-0.0706922731218547,L1,-0.0267595656992868,L2,-0.0...
GetData ===>> H2,-0.125028869572921,H1,0.0617826791319277,AX,-0.0961921166770364,L1,-0.015165600698356,L2,-0.05...
GetData ===>> H2,-0.241199753743973,H1,-0.00396279714143228,AX,-0.0965397956325535,L1,-0.00290156582563405,L2,-...
Get Checksum: 799532470
GetData ===>> H2,-0.150730703306811,H1,0.0163051153478701,AX,-0.00383937776399647,L1,0.00293001995047727,L2,-0....
GetData ===>> H2,-0.168257216346982,H1,-0.00590706036900353,AX,-0.0275707449442434,L1,-0.0332478378181996,L2,0....
GetData ===>> H2,-0.238511485765755,H1,0.00153621312122283,AX,-0.117154936554611,L1,-0.0251982581359263,L2,-0.1...
Get Checksum: 799532470
GetData ===>> H2,-0.0924891072963687,H1,-0.0246320794610398,AX,-0.053847120527228,L1,-0.0380907906862544,L2,-0....
measurement finished
estimated time: 62.915 actual time: :63.097
flush and close file /Users/jan/PychronDev/data/isotopes/8f/16efd5-41d1-411e-9262-711818d7adef.h5
activate_detectors ('H1', 'AX', 'CDD') {'peak_center': True}
peak_center () {'detector': 'H1', 'integration_time': 0.262144, 'isotope': 'Ar40'}
peak center: mean=113.927243979 threshold=3
peak center started
setup peak center. detector=['H1', 'AX', 'CDD'], isotope=Ar40
VersionedUnpickler [<apptools.sweet_pickle.versioned_unpickler.VersionedUnpickler object at 0x14ebcd830>] using Updater [<apptools.sweet_pickle.updater.Updater object at 0x137c6f7d0>]
VersionedUnpickler [<apptools.sweet_pickle.versioned_unpickler.VersionedUnpickler object at 0x14ebcd830>] using Updater [<apptools.sweet_pickle.updater.Updater object at 0x137c6f7d0>]
VersionedUnpickler [<apptools.sweet_pickle.versioned_unpickler.VersionedUnpickler object at 0x154bce5f0>] using Updater [<apptools.sweet_pickle.updater.Updater object at 0x137c6f7d0>]
setting integration time = 0.524288
SetIntegrationTime 0.524288 ===>> OK
Mapping mass to dac mass func: "parabolic"
H1 map mass coeffs = [-0.00063987  0.15840543  0.57029999]
H1 map mass to dac 39.9624 >> 5.87869
GetDeflection H1 ===>> 0
GetHighVoltage ===>> 4499.94659342336
do peak center. <pychron.spectrometer.jobs.peak_center.PeakCenter object at 0x13a1fcef0>
doing pc
starting peak center. center dac= 5.87865538095 step_width=0.001
width = 0.001
get scan parameters. half-width=0.015,window=0.015, i=0, scalar=1
Scan parameters center=5.87866 width=0.03000 (5.86366 - 5.89366)
GetData ===>> H2,-0.156357381764113,H1,-0.0107138803565164,AX,0.0941100602541343,L1,-0.0338165747472096,L2,-0.0...
Moving to starting dac 5.86365538095
setting magnet DAC
current  : 5.239315
requested: 5.863655
Delta Dac: 0.624340
Checking detector protection. dv=0.62434
Checking detector "CDD". Protection Threshold: 0.1 (V)
ProtectDetector CDD,On ===>> OK
GetDeflection CDD ===>> 2000
SetMagnetDAC 5.86365538095 ===>> OK
Magnet settling time: 0.500
GetMagnetMoving ===>> True
GetMagnetMoving ===>> True
GetMagnetMoving ===>> True
GetMagnetMoving ===>> True
Get Checksum: 799532470
GetMagnetMoving ===>> True
GetMagnetMoving ===>> True
GetMagnetMoving ===>> True
GetMagnetMoving ===>> True
GetMagnetMoving ===>> False
ProtectDetector CDD,Off ===>> OK
GetDeflection CDD ===>> 50
Wait until signal near baseline. tol= -0.00803541026739. timeout= 10
GetData ===>> H2,0.337391371356671,H1,0.255980190680894,AX,0.0199441892279164,L1,0.0283031404102259,L2,-0.01657...
GetData ===>> H2,6.09684130305939,H1,3.4425900934935,AX,0.187679466792353,L1,0.0186502729355138,L2,-0.088206898...
GetData ===>> H2,7.33844939929105,H1,4.14989343472356,AX,0.485968683802281,L1,-0.0524705570202436,L2,-0.2706600...
GetData ===>> H2,3.96266257499187,H1,1.89362320740216,AX,0.239782346660336,L1,-0.0795859376977558,L2,-0.2127373...
Get Checksum: 799532470
GetData ===>> H2,1.65537829808907,H1,0.908357482960365,AX,0.0479582413024366,L1,-0.0458889690664706,L2,-0.06140...
GetData ===>> H2,0.450195017284542,H1,0.488127983427034,AX,0.121320560371284,L1,0.000846151464540264,L2,0.00983...
GetData ===>> H2,0.0329823689864822,H1,0.333357732829343,AX,0.0846233932513585,L1,0.000771735564260039,L2,0.056...
GetData ===>> H2,-0.122322926266115,H1,0.153308394710794,AX,0.0169970318656025,L1,-0.0303458583316271,L2,0.0074...
GetData ===>> H2,-0.175404879078156,H1,0.106147573221782,AX,-0.133490984250118,L1,-0.0175538270869496,L2,0.1208...
GetData ===>> H2,-0.264809338230442,H1,0.115372943381664,AX,0.0359578633904266,L1,-0.0357257124062475,L2,-0.031...
Get Checksum: 799532470
GetData ===>> H2,-0.262810508809695,H1,0.102595913074954,AX,-0.0267821121051283,L1,-0.0212839221157794,L2,0.008...
GetData ===>> H2,-0.172205312877597,H1,0.133301674197051,AX,0.061263102545383,L1,-0.0559534633699293,L2,0.03118...
GetData ===>> H2,-0.196600638663063,H1,0.134040826392235,AX,0.124126155966455,L1,-0.049962882184873,L2,-0.06772...
GetData ===>> H2,-0.10810520529181,H1,0.0964701912039125,AX,0.0108709430018339,L1,-0.014615733197336,L2,-0.0158...
GetData ===>> H2,-0.182925424911215,H1,0.0706992284571718,AX,0.0212901647883959,L1,0.00413780468689098,L2,-0.04...
GetData ===>> H2,-0.201622232956009,H1,0.1096755214127,AX,-0.0217486284363279,L1,0.00137428010424002,L2,-0.0511...
Get Checksum: 799532470
GetData ===>> H2,-0.175876913931206,H1,0.0118431978979984,AX,-0.0589253193940368,L1,0.00248103949217964,L2,-0.0...
GetData ===>> H2,-0.218108769394268,H1,0.071375328451251,AX,-0.0809046036513277,L1,0.00941906502327822,L2,-0.00...
GetData ===>> H2,-0.2415160576703,H1,-0.000372371307366493,AX,-0.113261686361771,L1,0.0181606722634289,L2,-0.05...
GetData ===>> H2,-0.2415160576703,H1,-0.000372371307366493,AX,-0.113261686361771,L1,0.0181606722634289,L2,-0.05...
GetData ===>> H2,-0.203215624307335,H1,0.0340831781916908,AX,0.075051485354979,L1,0.0322341683778595,L2,-0.0259...
Peak center failed to move to a baseline position
_do_sweep sm= 5.86365538095, em= 5.89365538095, stm= 0.001
calculated step values: start=5.86365538095, end=5.89365538095, width=0.001, nsteps=31.0
setting magnet DAC
current  : 5.863655
requested: 5.863655
Delta Dac: 0.000000
Checking detector protection. dv=0.00000
Checking detector "CDD". Protection Threshold: 0.1 (V)
SetMagnetDAC 5.86365538095 ===>> OK
GetData ===>> H2,-0.157998689509748,H1,-0.0139461282646412,AX,-0.00439619166519547,L1,0.0279932406552337,L2,-0....
setting magnet DAC
current  : 5.863655
requested: 5.864690
Delta Dac: 0.001034
Checking detector protection. dv=0.00103
Checking detector "CDD". Protection Threshold: 0.1 (V)
SetMagnetDAC 5.8646898637 ===>> OK
Magnet settling time: 1.049
Get Checksum: 799532470
GetData ===>> H2,-0.230228637212179,H1,0.0959696623956453,AX,-0.0130032013859881,L1,-0.047275050893518,L2,-0.04...
setting magnet DAC
current  : 5.864690
requested: 5.865724
Delta Dac: 0.001034
Checking detector protection. dv=0.00103
Checking detector "CDD". Protection Threshold: 0.1 (V)
SetMagnetDAC 5.86572434646 ===>> OK
Magnet settling time: 1.049
GetData ===>> H2,-0.35117230424994,H1,0.651714171241325,AX,0.00128809995457,L1,-0.0616082206665071,L2,-0.058191...
setting magnet DAC
current  : 5.865724
requested: 5.866759
Delta Dac: 0.001034
Checking detector protection. dv=0.00103
Checking detector "CDD". Protection Threshold: 0.1 (V)
SetMagnetDAC 5.86675882922 ===>> OK
Magnet settling time: 1.049
GetData ===>> H2,-0.211594084993902,H1,2.44466524586857,AX,0.501905226217881,L1,-0.0284551376166472,L2,-0.20495...
setting magnet DAC
current  : 5.866759
requested: 5.867793
Delta Dac: 0.001034
Checking detector protection. dv=0.00103
Checking detector "CDD". Protection Threshold: 0.1 (V)
SetMagnetDAC 5.86779331198 ===>> OK
Magnet settling time: 1.049
Get Checksum: 799532470
GetData ===>> H2,-0.202156084501915,H1,8.97724687832608,AX,1.11894320502061,L1,-0.0225988281934977,L2,0.0208856...
setting magnet DAC
current  : 5.867793
requested: 5.868828
Delta Dac: 0.001034
Checking detector protection. dv=0.00103
Checking detector "CDD". Protection Threshold: 0.1 (V)
SetMagnetDAC 5.86882779474 ===>> OK
Magnet settling time: 1.049
GetData ===>> H2,-0.126555326584917,H1,24.2789748666442,AX,3.70926827078203,L1,-0.00795511480974117,L2,-0.06256...
setting magnet DAC
current  : 5.868828
requested: 5.869862
Delta Dac: 0.001034
Checking detector protection. dv=0.00103
Checking detector "CDD". Protection Threshold: 0.1 (V)
SetMagnetDAC 5.8698622775 ===>> OK
Magnet settling time: 1.049
GetData ===>> H2,-0.0813826800019281,H1,49.4998776637384,AX,8.82547716755028,L1,0.0373280410008981,L2,-0.053480...
setting magnet DAC
current  : 5.869862
requested: 5.870897
Delta Dac: 0.001034
Checking detector protection. dv=0.00103
Checking detector "CDD". Protection Threshold: 0.1 (V)
SetMagnetDAC 5.87089676026 ===>> OK
Magnet settling time: 1.049
Get Checksum: 799532470
GetData ===>> H2,-0.0967894963973072,H1,77.0515816175432,AX,15.0842153238423,L1,0.120469116385394,L2,0.07037344...
setting magnet DAC
current  : 5.870897
requested: 5.871931
Delta Dac: 0.001034
Checking detector protection. dv=0.00103
Checking detector "CDD". Protection Threshold: 0.1 (V)
SetMagnetDAC 5.87193124301 ===>> OK
Magnet settling time: 1.049
GetData ===>> H2,-0.130623974208496,H1,96.2558780748992,AX,20.4300247438715,L1,0.19510114013914,L2,-0.043646975...
setting magnet DAC
current  : 5.871931
requested: 5.872966
Delta Dac: 0.001034
Checking detector protection. dv=0.00103
Checking detector "CDD". Protection Threshold: 0.1 (V)
SetMagnetDAC 5.87296572577 ===>> OK
Magnet settling time: 1.049
Get Checksum: 799532470
GetData ===>> H2,-0.160602680238144,H1,105.626249840169,AX,23.6939600586918,L1,0.196206221094184,L2,0.171661669...
setting magnet DAC
current  : 5.872966
requested: 5.874000
Delta Dac: 0.001034
Checking detector protection. dv=0.00103
Checking detector "CDD". Protection Threshold: 0.1 (V)
SetMagnetDAC 5.87400020853 ===>> OK
Magnet settling time: 1.049
GetData ===>> H2,-0.318769703650974,H1,109.112251027296,AX,24.9483582626947,L1,0.265908504614314,L2,0.045671912...
setting magnet DAC
current  : 5.874000
requested: 5.875035
Delta Dac: 0.001034
Checking detector protection. dv=0.00103
Checking detector "CDD". Protection Threshold: 0.1 (V)
SetMagnetDAC 5.87503469129 ===>> OK
Magnet settling time: 1.049
GetData ===>> H2,-0.137325275671217,H1,110.125876720043,AX,25.2797116043102,L1,0.262384516287988,L2,0.046537725...
setting magnet DAC
current  : 5.875035
requested: 5.876069
Delta Dac: 0.001034
Checking detector protection. dv=0.00103
Checking detector "CDD". Protection Threshold: 0.1 (V)
SetMagnetDAC 5.87606917405 ===>> OK
Magnet settling time: 1.049
Get Checksum: 799532470
GetData ===>> H2,-0.191623502805711,H1,110.312100590281,AX,25.5307844296551,L1,0.31760282758143,L2,0.0210906521...
setting magnet DAC
current  : 5.876069
requested: 5.877104
Delta Dac: 0.001034
Checking detector protection. dv=0.00103
Checking detector "CDD". Protection Threshold: 0.1 (V)
SetMagnetDAC 5.87710365681 ===>> OK
Magnet settling time: 1.049
GetData ===>> H2,-0.238848059113321,H1,110.351869009031,AX,25.483818738772,L1,0.337068873645329,L2,0.0397025732...
setting magnet DAC
current  : 5.877104
requested: 5.878138
Delta Dac: 0.001034
Checking detector protection. dv=0.00103
Checking detector "CDD". Protection Threshold: 0.1 (V)
SetMagnetDAC 5.87813813957 ===>> OK
Magnet settling time: 1.049
GetData ===>> H2,-0.186003390019346,H1,110.163480817945,AX,25.4180742008568,L1,0.301480840620743,L2,0.091251661...
setting magnet DAC
current  : 5.878138
requested: 5.879173
Delta Dac: 0.001034
Checking detector protection. dv=0.00103
Checking detector "CDD". Protection Threshold: 0.1 (V)
SetMagnetDAC 5.87917262233 ===>> OK
Magnet settling time: 1.049
Get Checksum: 799532470
GetData ===>> H2,-0.221613672653142,H1,110.288449538833,AX,25.4160293284982,L1,0.333926378930358,L2,0.047517470...
setting magnet DAC
current  : 5.879173
requested: 5.880207
Delta Dac: 0.001034
Checking detector protection. dv=0.00103
Checking detector "CDD". Protection Threshold: 0.1 (V)
SetMagnetDAC 5.88020710508 ===>> OK
Magnet settling time: 1.049
GetData ===>> H2,-0.201123409501205,H1,110.336079577252,AX,25.4044424361435,L1,0.341936890328905,L2,0.122782759...
setting magnet DAC
current  : 5.880207
requested: 5.881242
Delta Dac: 0.001034
Checking detector protection. dv=0.00103
Checking detector "CDD". Protection Threshold: 0.1 (V)
SetMagnetDAC 5.88124158784 ===>> OK
Magnet settling time: 1.049
GetData ===>> H2,-0.123331814129075,H1,110.312655822565,AX,25.5007398212282,L1,0.347580929766611,L2,0.070806458...
setting magnet DAC
current  : 5.881242
requested: 5.882276
Delta Dac: 0.001034
Checking detector protection. dv=0.00103
Checking detector "CDD". Protection Threshold: 0.1 (V)
SetMagnetDAC 5.8822760706 ===>> OK
Magnet settling time: 1.049
Get Checksum: 799532470
GetData ===>> H2,-0.213576626920619,H1,110.103252096733,AX,25.3183653962926,L1,0.32574189406995,L2,0.2210448976...
setting magnet DAC
current  : 5.882276
requested: 5.883311
Delta Dac: 0.001034
Checking detector protection. dv=0.00103
Checking detector "CDD". Protection Threshold: 0.1 (V)
SetMagnetDAC 5.88331055336 ===>> OK
Magnet settling time: 1.049
GetData ===>> H2,-0.179061960524883,H1,109.496526247627,AX,25.1465874535234,L1,0.325128138817341,L2,0.093394443...
setting magnet DAC
current  : 5.883311
requested: 5.884345
Delta Dac: 0.001034
Checking detector protection. dv=0.00103
Checking detector "CDD". Protection Threshold: 0.1 (V)
SetMagnetDAC 5.88434503612 ===>> OK
Magnet settling time: 1.049
GetData ===>> H2,-0.173861862183024,H1,107.43083870502,AX,24.1439959860397,L1,0.353985176946858,L2,0.1105384309...
setting magnet DAC
current  : 5.884345
requested: 5.885380
Delta Dac: 0.001034
Checking detector protection. dv=0.00103
Checking detector "CDD". Protection Threshold: 0.1 (V)
SetMagnetDAC 5.88537951888 ===>> OK
Magnet settling time: 1.049
Get Checksum: 799532470
GetData ===>> H2,-0.169199163396922,H1,100.127017723891,AX,21.5266955003619,L1,0.314065362819088,L2,0.063855628...
setting magnet DAC
current  : 5.885380
requested: 5.886414
Delta Dac: 0.001034
Checking detector protection. dv=0.00103
Checking detector "CDD". Protection Threshold: 0.1 (V)
SetMagnetDAC 5.88641400164 ===>> OK
Magnet settling time: 1.049
GetData ===>> H2,-0.185701560048656,H1,84.0699364060336,AX,16.3406829172514,L1,0.268317668741463,L2,0.035442242...
setting magnet DAC
current  : 5.886414
requested: 5.887448
Delta Dac: 0.001034
Checking detector protection. dv=0.00103
Checking detector "CDD". Protection Threshold: 0.1 (V)
SetMagnetDAC 5.88744848439 ===>> OK
Magnet settling time: 1.049
Get Checksum: 799532470
GetData ===>> H2,-0.250242550610314,H1,59.0126819804659,AX,9.9558425790651,L1,0.213810682994252,L2,0.0436669018...
setting magnet DAC
current  : 5.887448
requested: 5.888483
Delta Dac: 0.001034
Checking detector protection. dv=0.00103
Checking detector "CDD". Protection Threshold: 0.1 (V)
SetMagnetDAC 5.88848296715 ===>> OK
Magnet settling time: 1.049
GetData ===>> H2,-0.225171302947777,H1,32.4152291474509,AX,4.55940241409263,L1,0.106633860634052,L2,-0.06911558...
setting magnet DAC
current  : 5.888483
requested: 5.889517
Delta Dac: 0.001034
Checking detector protection. dv=0.00103
Checking detector "CDD". Protection Threshold: 0.1 (V)
SetMagnetDAC 5.88951744991 ===>> OK
Magnet settling time: 1.049
GetData ===>> H2,-0.214530062690127,H1,7.63314049579884,AX,0.713787694592779,L1,0.0188254789539035,L2,-0.132133...
setting magnet DAC
current  : 5.889517
requested: 5.890552
Delta Dac: 0.001034
Checking detector protection. dv=0.00103
Checking detector "CDD". Protection Threshold: 0.1 (V)
SetMagnetDAC 5.89055193267 ===>> OK
Magnet settling time: 1.049
Get Checksum: 799532470
GetData ===>> H2,-0.0984453660202531,H1,2.27982977013557,AX,0.243009231578595,L1,0.0349069889112534,L2,-0.05853...
setting magnet DAC
current  : 5.890552
requested: 5.891586
Delta Dac: 0.001034
Checking detector protection. dv=0.00103
Checking detector "CDD". Protection Threshold: 0.1 (V)
SetMagnetDAC 5.89158641543 ===>> OK
Magnet settling time: 1.049
GetData ===>> H2,-0.248972879099283,H1,0.502004770719045,AX,-0.0382166628616691,L1,0.0126830866105773,L2,-0.127...
setting magnet DAC
current  : 5.891586
requested: 5.892621
Delta Dac: 0.001034
Checking detector protection. dv=0.00103
Checking detector "CDD". Protection Threshold: 0.1 (V)
SetMagnetDAC 5.89262089819 ===>> OK
Magnet settling time: 1.049
GetData ===>> H2,-0.292236017289998,H1,0.0147780196112947,AX,-0.196770161097389,L1,-0.00528771362425638,L2,-0.1...
setting magnet DAC
current  : 5.892621
requested: 5.893655
Delta Dac: 0.001034
Checking detector protection. dv=0.00103
Checking detector "CDD". Protection Threshold: 0.1 (V)
SetMagnetDAC 5.89365538095 ===>> OK
Magnet settling time: 1.049
Get Checksum: 799532470
GetData ===>> H2,-0.1890077763722,H1,0.0137758756939334,AX,-0.0577891243959765,L1,-0.0386418434760644,L2,-0.017...
result of _do_sweep=True
result of _calculate_peak_center=([5.8711724841177055, 5.8788637286757872, 5.8865549732338689], [82.170161635239964, 110.35035478066177, 80.655320572483674], 5.8770642676848404, 110.35035478066177)
Failed to find a valid peak. No peak greater than 1.0. max = 0.0214115888721
new center pos Detector(H1) (Ar40) @ 5.87886372868
GetHighVoltage ===>> 4499.94659342336
GetDeflection H1 ===>> 0
dac uncorrected for HV and deflection 5.87889834896
update mftable H1 Ar40 5.87889834896 message=automated run peakcenter
get initial guess parabolic
get initial guess parabolic
get initial guess parabolic
get initial guess parabolic
get initial guess parabolic
get initial guess parabolic
dump mftable to /Users/jan/PychronDev/setupfiles/spectrometer/mftables/mftable.csv
add to repo msg=modified - automated run peakcenter
locally archiving mftable
setting magnet DAC
current  : 5.893655
requested: 5.878864
Delta Dac: 0.014792
Checking detector protection. dv=0.01479
Checking detector "CDD". Protection Threshold: 0.1 (V)
SetMagnetDAC 5.87886372868 ===>> OK
Magnet settling time: 0.500
sweep finished
setting integration time = 1.048576
SetIntegrationTime 1.048576 ===>> OK
Failed to find a valid peak. No peak greater than 1.0. max = 0.0214312785384
flush and close file /Users/jan/PychronDev/data/isotopes/8f/16efd5-41d1-411e-9262-711818d7adef.h5
finished measure script
executed 226.132928
jan_unknown120_60.py completed successfully
Measurement Finished
08:37:48 -- ******* Measurement Finished *******
Post Measurement Started jan_pump_ms.py
08:37:48 -- ******* Post Measurement Started jan_pump_ms.py *******
testing...
no interpolation path defined
executed 0
Pumping spectrometer
open () {'name': 'O'}
opening name=O desc=---
checking ownership. requestor=129.138.12.150
check software interlocks O
interlocks []
actuate state mode=None-script, software_lock=False
doing actuation None-script open_channel True
Open O ===>> OK
GetValveState O ===>> OK
change switch state (True, True)
update switch state O True args=() kw={} ncanvase=3
08:37:48 -- OPEN   VALVE-O (Jan Ion Pump)
---------------------------------------- open O () result=[(True, True)], time=0.11 sec
action=open, ok=True, locked=[False]
executed 0
jan_pump_ms.py completed successfully
setting _ms_pumptime
Post Measurement Finished
08:37:48 -- ******* Post Measurement Finished *******
$$$$$$$$$$$$$$$$$$$$ state at run end measurement
state changed from measurement to success
post measurement save measured=True aborted=False
Set filtering
setting fod for Ar40= {'filter_outliers': True, 'std_devs': 2, 'iterations': 1}
setting fod for H1= {'filter_outliers': True, 'std_devs': 2, 'iterations': 1}
setting fod for PM41= {'filter_outliers': False, 'std_devs': 2, 'iterations': 1}
setting fod for H2= {'filter_outliers': True, 'std_devs': 2, 'iterations': 1}
setting fod for Ar36= {'filter_outliers': True, 'std_devs': 2, 'iterations': 1}
setting fod for CDD= {'filter_outliers': True, 'std_devs': 10, 'iterations': 1}
setting fod for Ar37= {'filter_outliers': True, 'std_devs': 2, 'iterations': 1}
setting fod for L2= {'filter_outliers': True, 'std_devs': 2, 'iterations': 1}
setting fod for Ar38= {'filter_outliers': True, 'std_devs': 2, 'iterations': 1}
setting fod for L1= {'filter_outliers': True, 'std_devs': 2, 'iterations': 1}
setting fod for Ar39= {'filter_outliers': True, 'std_devs': 2, 'iterations': 1}
setting fod for AX= {'filter_outliers': True, 'std_devs': 2, 'iterations': 1}
persistence save...
persistence save - db
post measurement save
5799462960 connecting to database sqlite:////Users/jan/PychronDev/.appdata/local_lab.db
connected to db sqlite:////Users/jan/PychronDev/.appdata/local_lab.db
create new session 5799462960
close session 5799462960
No database instance. Not saving post measurement to isotopedb database
$$$$$$$$$$$$$$$ auto_save_detector_ic=False
massspec enabled True
create new session 5054761584
MassSpec Database Version: 16.0
close session 5054761584
saving post measurement to secondary database
saving to massspec database 129.138.12.160/massspecdata
setting labnumber to 25366
setting aliquot to 7
setting step to 
setting uuid to 8f16efd5-41d1-411e-9262-711818d7adef
setting irradpos to 25366
setting extract_device to Fusions CO2
setting tray to 
setting position to 201
setting power_requested to 5.0
setting extract_value to 5.0
setting duration to 30.0
setting duration_at_request to 30.0
setting first_stage_delay to 30.0
setting cleanup to 30.0
setting comment to F:7 0.11 mg glass bead making
setting irradiation to NM-289
setting level to F
setting irradiation_level to F
setting sample to FC-2
setting material to Sanidine
setting project to Irradiation-NM-289
setting mass_spectrometer to Jan
no attribute chron_dosages
no attribute production_ratios
no attribute interference_corrections
no attribute production_name
no attribute j
Reference Isotope=Ar40
Reference Detector=H1
%%%%%%%%%%%%%%%%%%%% Comment: F:7 0.11 mg glass bead making %%%%%%%%%%%%%%%%%%%
adding isotope PM41 H2
add baseline dbdet= PM41. original det= H2
get baseline data PM41 H2
Get data baseline <pychron.processing.isotope.Baseline object at 0x155312a50> len t=60
baseline PM41. v=-0.176832762631, e=0.00684163712499
get signal data PM41 H2
Get data signal PM41 0.07+/-0.07 len t=120
Get Checksum: 2035211824
adding isotope Ar40 H1
add baseline dbdet= Ar40. original det= H1
get baseline data Ar40 H1
Get data baseline <pychron.processing.isotope.Baseline object at 0x155312250> len t=60
baseline Ar40. v=-0.0295628052214, e=0.00480578537145
get signal data Ar40 H1
Get data signal Ar40 117.461+/-0.019 len t=120
adding isotope Ar39 AX
add baseline dbdet= Ar39. original det= AX
get baseline data Ar39 AX
Get data baseline <pychron.processing.isotope.Baseline object at 0x155312710> len t=60
baseline Ar39. v=-0.0699544183551, e=0.0059921314746
get signal data Ar39 AX
Get data signal Ar39 27.809+/-0.015 len t=120
adding isotope Ar38 L1
add baseline dbdet= Ar38. original det= L1
get baseline data Ar38 L1
Get data baseline <pychron.processing.isotope.Baseline object at 0x15d068490> len t=60
baseline Ar38. v=-0.014327830192, e=0.00200751815717
get signal data Ar38 L1
Get data signal Ar38 0.394+/-0.005 len t=120
adding isotope Ar37 L2
add baseline dbdet= Ar37. original det= L2
get baseline data Ar37 L2
Get data baseline <pychron.processing.isotope.Baseline object at 0x15d068d50> len t=60
baseline Ar37. v=-0.0348862854822, e=0.00638978905331
get signal data Ar37 L2
Get data signal Ar37 0.161+/-0.011 len t=120
adding isotope Ar36 CDD
add baseline dbdet= Ar36. original det= CDD
get baseline data Ar36 CDD
Get data baseline <pychron.processing.isotope.Baseline object at 0x15d068d90> len t=60
baseline Ar36. v=4.46596235025e-05, e=1.07906758371e-05
get signal data Ar36 CDD
Get data signal Ar36 0.01458+/-0.00035 len t=120
25366-07 added analysis time 0.538830041885s
analysis added to mass spec database
mass spec save time= 0.549
persistence save - dvc
================= post measurement started
create new session 4983039568
close session 4983039568
---------------- Experiment Queue saving disabled
DVC saving peakcenter
Failed to find a valid peak. No peak greater than 1.0. max = 0.0214312785384
Smart pull ahead: 0 behind: 0
Up-to-date with origin
add to repo msg=modified - ad8224ebc6dbfeb9f5997218dfa5fe690569839d.json
add to repo msg=modified - 66-07.json
add to repo msg=modified - 66-07.dat.json
add to repo msg=modified - 66-07.blan.json
add to repo msg=modified - 66-07.inte.json
add to repo msg=modified - 66-07.icfa.json
add to repo msg=modified - 66-07.base.json
Get Checksum: 2035211824
not at valid file /Users/jan/PychronDev/data/.dvc/repositories/Irradiation-NM-289/253/tags/66-07.tags.json
add to repo msg=modified - 66-07.peak.json
add to repo msg=modified - 66-07.extr.json
not at valid file /Users/jan/PychronDev/data/.dvc/repositories/Irradiation-NM-289/253/monitor/66-07.moni.json
commit message=<COLLECTION>
add to repo msg=modified - 66-07.inte.json
add to repo msg=modified - 66-07.base.json
commit message=<ISOEVO> default collection fits
add to repo msg=modified - 66-07.blan.json
commit message=<BLANKS> preceding bc-02-J-236
Get Checksum: 2035211824
add to repo msg=modified - 66-07.icfa.json
commit message=<ICFactor> default
push repository <pychron.git_archive.repo_manager.GitRepoManager object at 0x14b77d4d0>
pushing to remote=origin, url=https://github.com
Get Checksum: 2035211824
no changes to meta repo
Get Checksum: 2035211824
create new session 4983039568
add association Irradiation-NM-289
get identifier "25366"
setting analysis irradiation position=<pychron.dvc.dvc_orm.IrradiationPositionTbl object at 0x14dc60ed0>
close session 4983039568
================= post measurement finished
08:38:02 -- ******* Post Run Check *******
loading queue conditionals post_run_actions
loading system conditionals post_run_actions
loading conditionals from /Users/jan/PychronDev/setupfiles/spectrometer/default_conditionals.yaml
loading queue conditionals post_run_terminations
loading system conditionals post_run_terminations
loading conditionals from /Users/jan/PychronDev/setupfiles/spectrometer/default_conditionals.yaml
Checking default post run terminations n=1
GetDeflection CDD ===>> 50
testing CDD==2000
evaluate ot="CDD.deflection==2000" t="CDD==2000", ctx="{'CDD': 50.0}"
08:38:02 -- ******* Post Run Check Passed *******
08:38:02 -- Automated run 25366-07 success duration: 370.328 s
----------------- finish -----------------
----------------- stop -----------------
retroactive repository identifiers disabled
finish run. runs completed=5
update duration runid=25366-07, duration=370.32839179, md5=301e91d8
loading script "jan_ic_peak_hop3.py"
loading script "jan_pump_ms.py"
loading script "jan_air_x1.py"
loading script "jan_pump_extraction_line.py"
testing...
no interpolation path defined
executed 133.8
script duration name:ic_peak_hop3 seconds:134.0
loading script "jan_ic_peak_hop3.py"
loading script "jan_pump_ms.py"
loading script "jan_air_x1.py"
loading script "jan_pump_extraction_line.py"
testing...
no interpolation path defined
executed 0
loading script "jan_ic_peak_hop3.py"
loading script "jan_pump_ms.py"
loading script "jan_air_x1.py"
loading script "jan_pump_extraction_line.py"
testing...
no interpolation path defined
calculate duration
testing...
no interpolation path defined
executed 0
calculate duration
testing...
no interpolation path defined
executed 0
calculate duration
testing...
no interpolation path defined
executed 32.0
calculate duration
testing...
no interpolation path defined
executed 34.0
calculate duration
testing...
no interpolation path defined
executed 4.0
calculate duration
testing...
no interpolation path defined
executed 36.0
executed 106.0
script duration name:air_x1 seconds:106.0
loading script "jan_ic_peak_hop3.py"
loading script "jan_pump_ms.py"
loading script "jan_air_x1.py"
loading script "jan_pump_extraction_line.py"
testing...
no interpolation path defined
calculate duration
testing...
no interpolation path defined
executed 4.0
executed 4.0
Script duration 240.0
Run total estimated duration= 241.000
ic_peak_hop3 in script context. using previous estimated duration
script duration name:ic_peak_hop3 seconds:134.0
pump_ms in script context. using previous estimated duration
air_x1 in script context. using previous estimated duration
script duration name:air_x1 seconds:106.0
pump_extraction_line in script context. using previous estimated duration
Script duration 240.0
Run total estimated duration= 241.000
script duration name:ic_peak_hop3 seconds:134.0
script duration name:air_x1 seconds:106.0
Script duration 240.0
Run total estimated duration= 241.000
loading script "jan_unknown400_120.py"
loading script "jan_pump_ms.py"
loading script "jan_co2.py"
loading script "jan_pump_extraction_line.py"
testing...
no interpolation path defined
executed 556.052928
script duration name:unknown400_120 seconds:556.0
loading script "jan_unknown400_120.py"
loading script "jan_pump_ms.py"
loading script "jan_co2.py"
loading script "jan_pump_extraction_line.py"
testing...
no interpolation path defined
calculate duration
testing...
no interpolation path defined
executed 0
calculate duration
testing...
no interpolation path defined
executed 0
executed 0.0
script duration name:co2 seconds:0.0
Script duration 556.0
Run total estimated duration= 557.000
unknown400_120 in script context. using previous estimated duration
script duration name:unknown400_120 seconds:556.0
loading script "jan_unknown400_120.py"
loading script "jan_pump_ms.py"
loading script "jan_sniffair_x2.py"
loading script "jan_pump_extraction_line.py"
testing...
no interpolation path defined
calculate duration
testing...
no interpolation path defined
executed 0
calculate duration
testing...
no interpolation path defined
executed 0
calculate duration
testing...
no interpolation path defined
executed 32.0
calculate duration
testing...
no interpolation path defined
executed 34.0
calculate duration
testing...
no interpolation path defined
executed 4.0
calculate duration
testing...
no interpolation path defined
executed 36.0
calculate duration
testing...
no interpolation path defined
executed 34.0
calculate duration
testing...
no interpolation path defined
executed 4.0
calculate duration
testing...
no interpolation path defined
executed 36.0
calculate duration
testing...
no interpolation path defined
executed 70.0
executed 250.0
script duration name:sniffair_x2 seconds:250.0
Script duration 806.0
Run total estimated duration= 807.000
loading script "jan_co2_whiff_120_60_large.py"
loading script "jan_pump_ms.py"
loading script "jan_co2.py"
loading script "jan_pump_extraction_line.py"
testing...
no interpolation path defined
executed 266.04
script duration name:co2_whiff_120_60_large seconds:266.0
co2 in script context. using previous estimated duration
script duration name:co2 seconds:0.0
Script duration 266.0
Run total estimated duration= 267.000
co2_whiff_120_60_large in script context. using previous estimated duration
script duration name:co2_whiff_120_60_large seconds:266.0
script duration name:co2 seconds:0.0
Script duration 266.0
Run total estimated duration= 267.000
script duration name:co2_whiff_120_60_large seconds:266.0
script duration name:co2 seconds:0.0
Script duration 266.0
Run total estimated duration= 267.000
script duration name:co2_whiff_120_60_large seconds:266.0
script duration name:co2 seconds:0.0
Script duration 266.0
Run total estimated duration= 267.000
script duration name:co2_whiff_120_60_large seconds:266.0
script duration name:co2 seconds:0.0
Script duration 266.0
Run total estimated duration= 267.000
script duration name:co2_whiff_120_60_large seconds:266.0
script duration name:co2 seconds:0.0
Script duration 266.0
Run total estimated duration= 267.000
script duration name:co2_whiff_120_60_large seconds:266.0
script duration name:co2 seconds:0.0
Script duration 266.0
Run total estimated duration= 267.000
script duration name:co2_whiff_120_60_large seconds:266.0
script duration name:co2 seconds:0.0
Script duration 266.0
Run total estimated duration= 267.000
script duration name:co2_whiff_120_60_large seconds:266.0
script duration name:co2 seconds:0.0
Script duration 266.0
Run total estimated duration= 267.000
script duration name:co2_whiff_120_60_large seconds:266.0
script duration name:co2 seconds:0.0
Script duration 266.0
Run total estimated duration= 267.000
script duration name:co2_whiff_120_60_large seconds:266.0
script duration name:co2 seconds:0.0
Script duration 266.0
Run total estimated duration= 267.000
script duration name:co2_whiff_120_60_large seconds:266.0
script duration name:co2 seconds:0.0
Script duration 266.0
Run total estimated duration= 267.000
script duration name:co2_whiff_120_60_large seconds:266.0
script duration name:co2 seconds:0.0
Script duration 266.0
Run total estimated duration= 267.000
script duration name:co2_whiff_120_60_large seconds:266.0
script duration name:co2 seconds:0.0
Script duration 266.0
Run total estimated duration= 267.000
script duration name:co2_whiff_120_60_large seconds:266.0
script duration name:co2 seconds:0.0
Script duration 266.0
Run total estimated duration= 267.000
script duration name:unknown400_120 seconds:556.0
script duration name:co2 seconds:0.0
Script duration 556.0
Run total estimated duration= 557.000
script duration name:co2_whiff_120_60_large seconds:266.0
script duration name:co2 seconds:0.0
Script duration 266.0
Run total estimated duration= 267.000
script duration name:co2_whiff_120_60_large seconds:266.0
script duration name:co2 seconds:0.0
Script duration 266.0
Run total estimated duration= 267.000
script duration name:co2_whiff_120_60_large seconds:266.0
script duration name:co2 seconds:0.0
Script duration 266.0
Run total estimated duration= 267.000
script duration name:co2_whiff_120_60_large seconds:266.0
script duration name:co2 seconds:0.0
Script duration 266.0
Run total estimated duration= 267.000
script duration name:co2_whiff_120_60_large seconds:266.0
script duration name:co2 seconds:0.0
Script duration 266.0
Run total estimated duration= 267.000
script duration name:co2_whiff_120_60_large seconds:266.0
script duration name:co2 seconds:0.0
Script duration 266.0
Run total estimated duration= 267.000
script duration name:co2_whiff_120_60_large seconds:266.0
script duration name:co2 seconds:0.0
Script duration 266.0
Run total estimated duration= 267.000
script duration name:co2_whiff_120_60_large seconds:266.0
script duration name:co2 seconds:0.0
Script duration 266.0
Run total estimated duration= 267.000
script duration name:co2_whiff_120_60_large seconds:266.0
script duration name:co2 seconds:0.0
Script duration 266.0
Run total estimated duration= 267.000
script duration name:co2_whiff_120_60_large seconds:266.0
script duration name:co2 seconds:0.0
Script duration 266.0
Run total estimated duration= 267.000
script duration name:unknown400_120 seconds:556.0
sniffair_x2 in script context. using previous estimated duration
script duration name:sniffair_x2 seconds:250.0
Script duration 806.0
Run total estimated duration= 807.000
script duration name:co2_whiff_120_60_large seconds:266.0
script duration name:co2 seconds:0.0
Script duration 266.0
Run total estimated duration= 267.000
script duration name:co2_whiff_120_60_large seconds:266.0
script duration name:co2 seconds:0.0
Script duration 266.0
Run total estimated duration= 267.000
script duration name:co2_whiff_120_60_large seconds:266.0
script duration name:co2 seconds:0.0
Script duration 266.0
Run total estimated duration= 267.000
script duration name:co2_whiff_120_60_large seconds:266.0
script duration name:co2 seconds:0.0
Script duration 266.0
Run total estimated duration= 267.000
script duration name:co2_whiff_120_60_large seconds:266.0
script duration name:co2 seconds:0.0
Script duration 266.0
Run total estimated duration= 267.000
script duration name:unknown400_120 seconds:556.0
script duration name:co2 seconds:0.0
Script duration 556.0
Run total estimated duration= 557.000
script duration name:unknown400_120 seconds:556.0
loading script "jan_unknown400_120.py"
loading script "jan_pump_ms.py"
loading script "jan_cocktail_x1.py"
loading script "jan_pump_extraction_line.py"
testing...
no interpolation path defined
calculate duration
testing...
no interpolation path defined
executed 0
calculate duration
testing...
no interpolation path defined
executed 0
calculate duration
testing...
no interpolation path defined
executed 32.0
calculate duration
testing...
no interpolation path defined
executed 34.0
calculate duration
testing...
no interpolation path defined
executed 4.0
calculate duration
testing...
no interpolation path defined
executed 38.0
executed 108.0
script duration name:cocktail_x1 seconds:108.0
Script duration 664.0
Run total estimated duration= 665.000
script duration name:unknown400_120 seconds:556.0
cocktail_x1 in script context. using previous estimated duration
script duration name:cocktail_x1 seconds:108.0
Script duration 664.0
Run total estimated duration= 665.000
script duration name:ic_peak_hop3 seconds:134.0
script duration name:air_x1 seconds:106.0
Script duration 240.0
Run total estimated duration= 241.000
script duration name:co2_whiff_120_60_large seconds:266.0
script duration name:co2 seconds:0.0
Script duration 266.0
Run total estimated duration= 267.000
script duration name:co2_whiff_120_60_large seconds:266.0
script duration name:co2 seconds:0.0
Script duration 266.0
Run total estimated duration= 267.000
script duration name:co2_whiff_120_60_large seconds:266.0
script duration name:co2 seconds:0.0
Script duration 266.0
Run total estimated duration= 267.000
script duration name:co2_whiff_120_60_large seconds:266.0
script duration name:co2 seconds:0.0
Script duration 266.0
Run total estimated duration= 267.000
script duration name:co2_whiff_120_60_large seconds:266.0
script duration name:co2 seconds:0.0
Script duration 266.0
Run total estimated duration= 267.000
script duration name:co2_whiff_120_60_large seconds:266.0
script duration name:co2 seconds:0.0
Script duration 266.0
Run total estimated duration= 267.000
script duration name:co2_whiff_120_60_large seconds:266.0
script duration name:co2 seconds:0.0
Script duration 266.0
Run total estimated duration= 267.000
script duration name:co2_whiff_120_60_large seconds:266.0
script duration name:co2 seconds:0.0
Script duration 266.0
Run total estimated duration= 267.000
script duration name:co2_whiff_120_60_large seconds:266.0
script duration name:co2 seconds:0.0
Script duration 266.0
Run total estimated duration= 267.000
script duration name:co2_whiff_120_60_large seconds:266.0
script duration name:co2 seconds:0.0
Script duration 266.0
Run total estimated duration= 267.000
script duration name:co2_whiff_120_60_large seconds:266.0
script duration name:co2 seconds:0.0
Script duration 266.0
Run total estimated duration= 267.000
script duration name:co2_whiff_120_60_large seconds:266.0
script duration name:co2 seconds:0.0
Script duration 266.0
Run total estimated duration= 267.000
script duration name:co2_whiff_120_60_large seconds:266.0
script duration name:co2 seconds:0.0
Script duration 266.0
Run total estimated duration= 267.000
script duration name:co2_whiff_120_60_large seconds:266.0
script duration name:co2 seconds:0.0
Script duration 266.0
Run total estimated duration= 267.000
script duration name:co2_whiff_120_60_large seconds:266.0
script duration name:co2 seconds:0.0
Script duration 266.0
Run total estimated duration= 267.000
script duration name:unknown400_120 seconds:556.0
script duration name:co2 seconds:0.0
Script duration 556.0
Run total estimated duration= 557.000
script duration name:co2_whiff_120_60_large seconds:266.0
script duration name:co2 seconds:0.0
Script duration 266.0
Run total estimated duration= 267.000
nruns=58 before=5.0, run_dur=18418.0, btw=1710.0
write rem/ex queues
/Users/jan/PychronDev/experiments/rem/CurrentExperiment.rem.txt
/Users/jan/PychronDev/experiments/rem/CurrentExperiment.ex.txt
doing event level: 3
